[0.008s] Invoking command in '/home/whilker/Documents/Vida/Ros/build/control_pkg': CMAKE_PREFIX_PATH=/home/whilker/Documents/Vida/Ros/install/vida_interfaces:/home/whilker/Documents/Vida/Ros/install/RemoteControl:/opt/ros/humble /usr/bin/cmake /home/whilker/Documents/Vida/Ros/src/control_pkg -DCMAKE_INSTALL_PREFIX=/home/whilker/Documents/Vida/Ros/install/control_pkg
[0.017s] -- Found ament_cmake: 1.3.9 (/opt/ros/humble/share/ament_cmake/cmake)
[0.107s] -- Found rclcpp: 16.0.9 (/opt/ros/humble/share/rclcpp/cmake)
[0.127s] -- Found rosidl_generator_c: 3.1.5 (/opt/ros/humble/share/rosidl_generator_c/cmake)
[0.129s] -- Found rosidl_adapter: 3.1.5 (/opt/ros/humble/share/rosidl_adapter/cmake)
[0.133s] -- Found rosidl_generator_cpp: 3.1.5 (/opt/ros/humble/share/rosidl_generator_cpp/cmake)
[0.139s] -- Using all available rosidl_typesupport_c: rosidl_typesupport_fastrtps_c;rosidl_typesupport_introspection_c
[0.149s] -- Using all available rosidl_typesupport_cpp: rosidl_typesupport_fastrtps_cpp;rosidl_typesupport_introspection_cpp
[0.185s] -- Found rmw_implementation_cmake: 6.1.2 (/opt/ros/humble/share/rmw_implementation_cmake/cmake)
[0.186s] -- Found rmw_fastrtps_cpp: 6.2.6 (/opt/ros/humble/share/rmw_fastrtps_cpp/cmake)
[0.261s] -- Using RMW implementation 'rmw_fastrtps_cpp' as default
[0.366s] -- Found vida_interfaces: 0.0.0 (/home/whilker/Documents/Vida/Ros/install/vida_interfaces/share/vida_interfaces/cmake)
[0.419s] -- Configuring done
[0.425s] -- Generating done
[0.426s] -- Build files have been written to: /home/whilker/Documents/Vida/Ros/build/control_pkg
[0.432s] Invoked command in '/home/whilker/Documents/Vida/Ros/build/control_pkg' returned '0': CMAKE_PREFIX_PATH=/home/whilker/Documents/Vida/Ros/install/vida_interfaces:/home/whilker/Documents/Vida/Ros/install/RemoteControl:/opt/ros/humble /usr/bin/cmake /home/whilker/Documents/Vida/Ros/src/control_pkg -DCMAKE_INSTALL_PREFIX=/home/whilker/Documents/Vida/Ros/install/control_pkg
[0.433s] Invoking command in '/home/whilker/Documents/Vida/Ros/build/control_pkg': CMAKE_PREFIX_PATH=/home/whilker/Documents/Vida/Ros/install/vida_interfaces:/home/whilker/Documents/Vida/Ros/install/RemoteControl:/opt/ros/humble /usr/bin/cmake --build /home/whilker/Documents/Vida/Ros/build/control_pkg -- -j8 -l8
[0.476s] [ 33%] [32mBuilding CXX object CMakeFiles/remote_control.dir/src/RemoteControlPublisher/RemoteControlPublisher.cpp.o[0m
[0.476s] [ 66%] [32mBuilding CXX object CMakeFiles/remote_control.dir/home/whilker/Documents/Vida/Utils/UDP/UDP.cpp.o[0m
[3.395s] [100%] [32m[1mLinking CXX executable remote_control[0m
[3.550s] [100%] Built target remote_control
[3.558s] Invoked command in '/home/whilker/Documents/Vida/Ros/build/control_pkg' returned '0': CMAKE_PREFIX_PATH=/home/whilker/Documents/Vida/Ros/install/vida_interfaces:/home/whilker/Documents/Vida/Ros/install/RemoteControl:/opt/ros/humble /usr/bin/cmake --build /home/whilker/Documents/Vida/Ros/build/control_pkg -- -j8 -l8
[3.580s] Invoking command in '/home/whilker/Documents/Vida/Ros/build/control_pkg': CMAKE_PREFIX_PATH=/home/whilker/Documents/Vida/Ros/install/vida_interfaces:/home/whilker/Documents/Vida/Ros/install/RemoteControl:/opt/ros/humble /usr/bin/cmake --install /home/whilker/Documents/Vida/Ros/build/control_pkg
[3.586s] -- Install configuration: ""
[3.586s] -- Installing: /home/whilker/Documents/Vida/Ros/install/control_pkg/lib/control_pkg/remote_control
[3.587s] -- Set runtime path of "/home/whilker/Documents/Vida/Ros/install/control_pkg/lib/control_pkg/remote_control" to ""
[3.587s] -- Installing: /home/whilker/Documents/Vida/Ros/install/control_pkg/share/ament_index/resource_index/package_run_dependencies/control_pkg
[3.587s] -- Installing: /home/whilker/Documents/Vida/Ros/install/control_pkg/share/ament_index/resource_index/parent_prefix_path/control_pkg
[3.587s] -- Installing: /home/whilker/Documents/Vida/Ros/install/control_pkg/share/control_pkg/environment/ament_prefix_path.sh
[3.587s] -- Installing: /home/whilker/Documents/Vida/Ros/install/control_pkg/share/control_pkg/environment/ament_prefix_path.dsv
[3.587s] -- Installing: /home/whilker/Documents/Vida/Ros/install/control_pkg/share/control_pkg/environment/path.sh
[3.587s] -- Installing: /home/whilker/Documents/Vida/Ros/install/control_pkg/share/control_pkg/environment/path.dsv
[3.588s] -- Installing: /home/whilker/Documents/Vida/Ros/install/control_pkg/share/control_pkg/local_setup.bash
[3.588s] -- Installing: /home/whilker/Documents/Vida/Ros/install/control_pkg/share/control_pkg/local_setup.sh
[3.588s] -- Installing: /home/whilker/Documents/Vida/Ros/install/control_pkg/share/control_pkg/local_setup.zsh
[3.588s] -- Installing: /home/whilker/Documents/Vida/Ros/install/control_pkg/share/control_pkg/local_setup.dsv
[3.588s] -- Installing: /home/whilker/Documents/Vida/Ros/install/control_pkg/share/control_pkg/package.dsv
[3.588s] -- Installing: /home/whilker/Documents/Vida/Ros/install/control_pkg/share/ament_index/resource_index/packages/control_pkg
[3.588s] -- Installing: /home/whilker/Documents/Vida/Ros/install/control_pkg/share/control_pkg/cmake/control_pkgConfig.cmake
[3.588s] -- Installing: /home/whilker/Documents/Vida/Ros/install/control_pkg/share/control_pkg/cmake/control_pkgConfig-version.cmake
[3.588s] -- Installing: /home/whilker/Documents/Vida/Ros/install/control_pkg/share/control_pkg/package.xml
[3.590s] Invoked command in '/home/whilker/Documents/Vida/Ros/build/control_pkg' returned '0': CMAKE_PREFIX_PATH=/home/whilker/Documents/Vida/Ros/install/vida_interfaces:/home/whilker/Documents/Vida/Ros/install/RemoteControl:/opt/ros/humble /usr/bin/cmake --install /home/whilker/Documents/Vida/Ros/build/control_pkg
