[0.063s] DEBUG:colcon:Command line arguments: ['/usr/bin/colcon', 'build', '--packages-select', 'vida_interfaces']
[0.063s] DEBUG:colcon:Parsed command line arguments: Namespace(log_base=None, log_level=None, verb_name='build', build_base='build', install_base='install', merge_install=False, symlink_install=False, test_result_base=None, continue_on_error=False, executor='parallel', parallel_workers=8, event_handlers=None, ignore_user_meta=False, metas=['./colcon.meta'], base_paths=['.'], packages_ignore=None, packages_ignore_regex=None, paths=None, packages_up_to=None, packages_up_to_regex=None, packages_above=None, packages_above_and_dependencies=None, packages_above_depth=None, packages_select_by_dep=None, packages_skip_by_dep=None, packages_skip_up_to=None, packages_select_build_failed=False, packages_skip_build_finished=False, packages_select_test_failures=False, packages_skip_test_passed=False, packages_select=['vida_interfaces'], packages_skip=None, packages_select_regex=None, packages_skip_regex=None, packages_start=None, packages_end=None, allow_overriding=[], cmake_args=None, cmake_target=None, cmake_target_skip_unavailable=False, cmake_clean_cache=False, cmake_clean_first=False, cmake_force_configure=False, ament_cmake_args=None, catkin_cmake_args=None, catkin_skip_building_tests=False, verb_parser=<colcon_defaults.argument_parser.defaults.DefaultArgumentsDecorator object at 0x727f36fc3e20>, verb_extension=<colcon_core.verb.build.BuildVerb object at 0x727f36fc38b0>, main=<bound method BuildVerb.main of <colcon_core.verb.build.BuildVerb object at 0x727f36fc38b0>>)
[0.177s] Level 1:colcon.colcon_core.package_discovery:discover_packages(colcon_meta) check parameters
[0.177s] Level 1:colcon.colcon_core.package_discovery:discover_packages(recursive) check parameters
[0.177s] Level 1:colcon.colcon_core.package_discovery:discover_packages(ignore) check parameters
[0.177s] Level 1:colcon.colcon_core.package_discovery:discover_packages(path) check parameters
[0.177s] Level 1:colcon.colcon_core.package_discovery:discover_packages(colcon_meta) discover
[0.177s] Level 1:colcon.colcon_core.package_discovery:discover_packages(recursive) discover
[0.177s] INFO:colcon.colcon_core.package_discovery:Crawling recursively for packages in '/home/whilker/Documents/Vida'
[0.177s] Level 1:colcon.colcon_core.package_identification:_identify(.) by extensions ['ignore', 'ignore_ament_install']
[0.177s] Level 1:colcon.colcon_core.package_identification:_identify(.) by extension 'ignore'
[0.177s] Level 1:colcon.colcon_core.package_identification:_identify(.) by extension 'ignore_ament_install'
[0.177s] Level 1:colcon.colcon_core.package_identification:_identify(.) by extensions ['colcon_pkg']
[0.177s] Level 1:colcon.colcon_core.package_identification:_identify(.) by extension 'colcon_pkg'
[0.177s] Level 1:colcon.colcon_core.package_identification:_identify(.) by extensions ['colcon_meta']
[0.177s] Level 1:colcon.colcon_core.package_identification:_identify(.) by extension 'colcon_meta'
[0.177s] Level 1:colcon.colcon_core.package_identification:_identify(.) by extensions ['ros']
[0.177s] Level 1:colcon.colcon_core.package_identification:_identify(.) by extension 'ros'
[0.185s] Level 1:colcon.colcon_core.package_identification:_identify(.) by extensions ['cmake', 'python']
[0.185s] Level 1:colcon.colcon_core.package_identification:_identify(.) by extension 'cmake'
[0.185s] Level 1:colcon.colcon_core.package_identification:_identify(.) by extension 'python'
[0.185s] Level 1:colcon.colcon_core.package_identification:_identify(.) by extensions ['python_setup_py']
[0.185s] Level 1:colcon.colcon_core.package_identification:_identify(.) by extension 'python_setup_py'
[0.185s] Level 1:colcon.colcon_core.package_identification:_identify(build) by extensions ['ignore', 'ignore_ament_install']
[0.185s] Level 1:colcon.colcon_core.package_identification:_identify(build) by extension 'ignore'
[0.185s] Level 1:colcon.colcon_core.package_identification:_identify(build) ignored
[0.185s] Level 1:colcon.colcon_core.package_identification:_identify(install) by extensions ['ignore', 'ignore_ament_install']
[0.186s] Level 1:colcon.colcon_core.package_identification:_identify(install) by extension 'ignore'
[0.186s] Level 1:colcon.colcon_core.package_identification:_identify(install) ignored
[0.186s] Level 1:colcon.colcon_core.package_identification:_identify(log) by extensions ['ignore', 'ignore_ament_install']
[0.186s] Level 1:colcon.colcon_core.package_identification:_identify(log) by extension 'ignore'
[0.186s] Level 1:colcon.colcon_core.package_identification:_identify(log) ignored
[0.186s] Level 1:colcon.colcon_core.package_identification:_identify(src) by extensions ['ignore', 'ignore_ament_install']
[0.186s] Level 1:colcon.colcon_core.package_identification:_identify(src) by extension 'ignore'
[0.186s] Level 1:colcon.colcon_core.package_identification:_identify(src) by extension 'ignore_ament_install'
[0.186s] Level 1:colcon.colcon_core.package_identification:_identify(src) by extensions ['colcon_pkg']
[0.186s] Level 1:colcon.colcon_core.package_identification:_identify(src) by extension 'colcon_pkg'
[0.186s] Level 1:colcon.colcon_core.package_identification:_identify(src) by extensions ['colcon_meta']
[0.186s] Level 1:colcon.colcon_core.package_identification:_identify(src) by extension 'colcon_meta'
[0.186s] Level 1:colcon.colcon_core.package_identification:_identify(src) by extensions ['ros']
[0.186s] Level 1:colcon.colcon_core.package_identification:_identify(src) by extension 'ros'
[0.186s] Level 1:colcon.colcon_core.package_identification:_identify(src) by extensions ['cmake', 'python']
[0.186s] Level 1:colcon.colcon_core.package_identification:_identify(src) by extension 'cmake'
[0.186s] Level 1:colcon.colcon_core.package_identification:_identify(src) by extension 'python'
[0.186s] Level 1:colcon.colcon_core.package_identification:_identify(src) by extensions ['python_setup_py']
[0.186s] Level 1:colcon.colcon_core.package_identification:_identify(src) by extension 'python_setup_py'
[0.186s] Level 1:colcon.colcon_core.package_identification:_identify(src/RemoteControl) by extensions ['ignore', 'ignore_ament_install']
[0.186s] Level 1:colcon.colcon_core.package_identification:_identify(src/RemoteControl) by extension 'ignore'
[0.186s] Level 1:colcon.colcon_core.package_identification:_identify(src/RemoteControl) by extension 'ignore_ament_install'
[0.186s] Level 1:colcon.colcon_core.package_identification:_identify(src/RemoteControl) by extensions ['colcon_pkg']
[0.186s] Level 1:colcon.colcon_core.package_identification:_identify(src/RemoteControl) by extension 'colcon_pkg'
[0.186s] Level 1:colcon.colcon_core.package_identification:_identify(src/RemoteControl) by extensions ['colcon_meta']
[0.186s] Level 1:colcon.colcon_core.package_identification:_identify(src/RemoteControl) by extension 'colcon_meta'
[0.186s] Level 1:colcon.colcon_core.package_identification:_identify(src/RemoteControl) by extensions ['ros']
[0.186s] Level 1:colcon.colcon_core.package_identification:_identify(src/RemoteControl) by extension 'ros'
[0.188s] DEBUG:colcon.colcon_core.package_identification:Package 'src/RemoteControl' with type 'ros.ament_cmake' and name 'RemoteControl'
[0.188s] Level 1:colcon.colcon_core.package_identification:_identify(src/vida_interfaces) by extensions ['ignore', 'ignore_ament_install']
[0.188s] Level 1:colcon.colcon_core.package_identification:_identify(src/vida_interfaces) by extension 'ignore'
[0.188s] Level 1:colcon.colcon_core.package_identification:_identify(src/vida_interfaces) by extension 'ignore_ament_install'
[0.188s] Level 1:colcon.colcon_core.package_identification:_identify(src/vida_interfaces) by extensions ['colcon_pkg']
[0.188s] Level 1:colcon.colcon_core.package_identification:_identify(src/vida_interfaces) by extension 'colcon_pkg'
[0.188s] Level 1:colcon.colcon_core.package_identification:_identify(src/vida_interfaces) by extensions ['colcon_meta']
[0.188s] Level 1:colcon.colcon_core.package_identification:_identify(src/vida_interfaces) by extension 'colcon_meta'
[0.188s] Level 1:colcon.colcon_core.package_identification:_identify(src/vida_interfaces) by extensions ['ros']
[0.188s] Level 1:colcon.colcon_core.package_identification:_identify(src/vida_interfaces) by extension 'ros'
[0.189s] DEBUG:colcon.colcon_core.package_identification:Package 'src/vida_interfaces' with type 'ros.ament_cmake' and name 'vida_interfaces'
[0.189s] Level 1:colcon.colcon_core.package_discovery:discover_packages(recursive) using defaults
[0.189s] Level 1:colcon.colcon_core.package_discovery:discover_packages(ignore) discover
[0.189s] Level 1:colcon.colcon_core.package_discovery:discover_packages(ignore) using defaults
[0.189s] Level 1:colcon.colcon_core.package_discovery:discover_packages(path) discover
[0.189s] Level 1:colcon.colcon_core.package_discovery:discover_packages(path) using defaults
[0.218s] INFO:colcon.colcon_core.package_selection:Skipping not selected package 'RemoteControl' in 'src/RemoteControl'
[0.218s] Level 1:colcon.colcon_core.package_discovery:discover_packages(prefix_path) check parameters
[0.218s] Level 1:colcon.colcon_core.package_discovery:discover_packages(prefix_path) discover
[0.221s] DEBUG:colcon.colcon_installed_package_information.package_discovery:Found 0 installed packages in /home/whilker/Documents/Vida/install
[0.222s] DEBUG:colcon.colcon_installed_package_information.package_discovery:Found 270 installed packages in /opt/ros/humble
[0.223s] Level 1:colcon.colcon_core.package_discovery:discover_packages(prefix_path) using defaults
[0.247s] Level 5:colcon.colcon_core.verb:set package 'vida_interfaces' build argument 'cmake_args' from command line to 'None'
[0.247s] Level 5:colcon.colcon_core.verb:set package 'vida_interfaces' build argument 'cmake_target' from command line to 'None'
[0.247s] Level 5:colcon.colcon_core.verb:set package 'vida_interfaces' build argument 'cmake_target_skip_unavailable' from command line to 'False'
[0.247s] Level 5:colcon.colcon_core.verb:set package 'vida_interfaces' build argument 'cmake_clean_cache' from command line to 'False'
[0.247s] Level 5:colcon.colcon_core.verb:set package 'vida_interfaces' build argument 'cmake_clean_first' from command line to 'False'
[0.247s] Level 5:colcon.colcon_core.verb:set package 'vida_interfaces' build argument 'cmake_force_configure' from command line to 'False'
[0.247s] Level 5:colcon.colcon_core.verb:set package 'vida_interfaces' build argument 'ament_cmake_args' from command line to 'None'
[0.247s] Level 5:colcon.colcon_core.verb:set package 'vida_interfaces' build argument 'catkin_cmake_args' from command line to 'None'
[0.247s] Level 5:colcon.colcon_core.verb:set package 'vida_interfaces' build argument 'catkin_skip_building_tests' from command line to 'False'
[0.247s] DEBUG:colcon.colcon_core.verb:Building package 'vida_interfaces' with the following arguments: {'ament_cmake_args': None, 'build_base': '/home/whilker/Documents/Vida/build/vida_interfaces', 'catkin_cmake_args': None, 'catkin_skip_building_tests': False, 'cmake_args': None, 'cmake_clean_cache': False, 'cmake_clean_first': False, 'cmake_force_configure': False, 'cmake_target': None, 'cmake_target_skip_unavailable': False, 'install_base': '/home/whilker/Documents/Vida/install/vida_interfaces', 'merge_install': False, 'path': '/home/whilker/Documents/Vida/src/vida_interfaces', 'symlink_install': False, 'test_result_base': None}
[0.247s] INFO:colcon.colcon_core.executor:Executing jobs using 'parallel' executor
[0.248s] DEBUG:colcon.colcon_parallel_executor.executor.parallel:run_until_complete
[0.248s] INFO:colcon.colcon_ros.task.ament_cmake.build:Building ROS package in '/home/whilker/Documents/Vida/src/vida_interfaces' with build type 'ament_cmake'
[0.248s] INFO:colcon.colcon_cmake.task.cmake.build:Building CMake package in '/home/whilker/Documents/Vida/src/vida_interfaces'
[0.252s] INFO:colcon.colcon_core.plugin_system:Skipping extension 'colcon_core.shell.bat': Not used on non-Windows systems
[0.252s] INFO:colcon.colcon_core.shell:Skip shell extension 'powershell' for command environment: Not usable outside of PowerShell
[0.252s] DEBUG:colcon.colcon_core.shell:Skip shell extension 'dsv' for command environment
[0.259s] DEBUG:colcon.colcon_core.event_handler.log_command:Invoking command in '/home/whilker/Documents/Vida/build/vida_interfaces': CMAKE_PREFIX_PATH=/opt/ros/humble /usr/bin/cmake /home/whilker/Documents/Vida/src/vida_interfaces -DCMAKE_INSTALL_PREFIX=/home/whilker/Documents/Vida/install/vida_interfaces
[1.644s] DEBUG:colcon.colcon_core.event_handler.log_command:Invoked command in '/home/whilker/Documents/Vida/build/vida_interfaces' returned '0': CMAKE_PREFIX_PATH=/opt/ros/humble /usr/bin/cmake /home/whilker/Documents/Vida/src/vida_interfaces -DCMAKE_INSTALL_PREFIX=/home/whilker/Documents/Vida/install/vida_interfaces
[1.645s] DEBUG:colcon.colcon_core.event_handler.log_command:Invoking command in '/home/whilker/Documents/Vida/build/vida_interfaces': CMAKE_PREFIX_PATH=/opt/ros/humble /usr/bin/cmake --build /home/whilker/Documents/Vida/build/vida_interfaces -- -j8 -l8
[3.143s] DEBUG:colcon.colcon_core.event_handler.log_command:Invoked command in '/home/whilker/Documents/Vida/build/vida_interfaces' returned '0': CMAKE_PREFIX_PATH=/opt/ros/humble /usr/bin/cmake --build /home/whilker/Documents/Vida/build/vida_interfaces -- -j8 -l8
[3.195s] DEBUG:colcon.colcon_core.event_handler.log_command:Invoking command in '/home/whilker/Documents/Vida/build/vida_interfaces': CMAKE_PREFIX_PATH=/opt/ros/humble /usr/bin/cmake --install /home/whilker/Documents/Vida/build/vida_interfaces
[3.242s] Level 1:colcon.colcon_core.environment:create_environment_scripts_only(vida_interfaces)
[3.242s] DEBUG:colcon.colcon_core.event_handler.log_command:Invoked command in '/home/whilker/Documents/Vida/build/vida_interfaces' returned '0': CMAKE_PREFIX_PATH=/opt/ros/humble /usr/bin/cmake --install /home/whilker/Documents/Vida/build/vida_interfaces
[3.247s] Level 1:colcon.colcon_core.environment:checking '/home/whilker/Documents/Vida/install/vida_interfaces' for CMake module files
[3.248s] Level 1:colcon.colcon_core.environment:checking '/home/whilker/Documents/Vida/install/vida_interfaces' for CMake config files
[3.248s] Level 1:colcon.colcon_core.shell:create_environment_hook('vida_interfaces', 'cmake_prefix_path')
[3.248s] INFO:colcon.colcon_core.shell:Creating environment hook '/home/whilker/Documents/Vida/install/vida_interfaces/share/vida_interfaces/hook/cmake_prefix_path.ps1'
[3.249s] INFO:colcon.colcon_core.shell:Creating environment descriptor '/home/whilker/Documents/Vida/install/vida_interfaces/share/vida_interfaces/hook/cmake_prefix_path.dsv'
[3.249s] INFO:colcon.colcon_core.shell:Creating environment hook '/home/whilker/Documents/Vida/install/vida_interfaces/share/vida_interfaces/hook/cmake_prefix_path.sh'
[3.250s] Level 1:colcon.colcon_core.environment:checking '/home/whilker/Documents/Vida/install/vida_interfaces/lib'
[3.250s] Level 1:colcon.colcon_core.shell:create_environment_hook('vida_interfaces', 'ld_library_path_lib')
[3.250s] INFO:colcon.colcon_core.shell:Creating environment hook '/home/whilker/Documents/Vida/install/vida_interfaces/share/vida_interfaces/hook/ld_library_path_lib.ps1'
[3.250s] INFO:colcon.colcon_core.shell:Creating environment descriptor '/home/whilker/Documents/Vida/install/vida_interfaces/share/vida_interfaces/hook/ld_library_path_lib.dsv'
[3.251s] INFO:colcon.colcon_core.shell:Creating environment hook '/home/whilker/Documents/Vida/install/vida_interfaces/share/vida_interfaces/hook/ld_library_path_lib.sh'
[3.251s] Level 1:colcon.colcon_core.environment:checking '/home/whilker/Documents/Vida/install/vida_interfaces/bin'
[3.251s] Level 1:colcon.colcon_core.environment:checking '/home/whilker/Documents/Vida/install/vida_interfaces/lib/pkgconfig/vida_interfaces.pc'
[3.251s] Level 1:colcon.colcon_core.environment:checking '/home/whilker/Documents/Vida/install/vida_interfaces/lib/python3.10/site-packages'
[3.251s] Level 1:colcon.colcon_core.environment:checking '/home/whilker/Documents/Vida/install/vida_interfaces/bin'
[3.252s] INFO:colcon.colcon_core.shell:Creating package script '/home/whilker/Documents/Vida/install/vida_interfaces/share/vida_interfaces/package.ps1'
[3.252s] INFO:colcon.colcon_core.shell:Creating package descriptor '/home/whilker/Documents/Vida/install/vida_interfaces/share/vida_interfaces/package.dsv'
[3.253s] INFO:colcon.colcon_core.shell:Creating package script '/home/whilker/Documents/Vida/install/vida_interfaces/share/vida_interfaces/package.sh'
[3.254s] INFO:colcon.colcon_core.shell:Creating package script '/home/whilker/Documents/Vida/install/vida_interfaces/share/vida_interfaces/package.bash'
[3.254s] INFO:colcon.colcon_core.shell:Creating package script '/home/whilker/Documents/Vida/install/vida_interfaces/share/vida_interfaces/package.zsh'
[3.255s] Level 1:colcon.colcon_core.environment:create_file_with_runtime_dependencies(/home/whilker/Documents/Vida/install/vida_interfaces/share/colcon-core/packages/vida_interfaces)
[3.308s] Level 1:colcon.colcon_core.environment:create_environment_scripts_only(vida_interfaces)
[3.308s] Level 1:colcon.colcon_core.environment:checking '/home/whilker/Documents/Vida/install/vida_interfaces' for CMake module files
[3.309s] Level 1:colcon.colcon_core.environment:checking '/home/whilker/Documents/Vida/install/vida_interfaces' for CMake config files
[3.310s] Level 1:colcon.colcon_core.shell:create_environment_hook('vida_interfaces', 'cmake_prefix_path')
[3.310s] INFO:colcon.colcon_core.shell:Creating environment hook '/home/whilker/Documents/Vida/install/vida_interfaces/share/vida_interfaces/hook/cmake_prefix_path.ps1'
[3.311s] INFO:colcon.colcon_core.shell:Creating environment descriptor '/home/whilker/Documents/Vida/install/vida_interfaces/share/vida_interfaces/hook/cmake_prefix_path.dsv'
[3.311s] INFO:colcon.colcon_core.shell:Creating environment hook '/home/whilker/Documents/Vida/install/vida_interfaces/share/vida_interfaces/hook/cmake_prefix_path.sh'
[3.312s] Level 1:colcon.colcon_core.environment:checking '/home/whilker/Documents/Vida/install/vida_interfaces/lib'
[3.312s] Level 1:colcon.colcon_core.shell:create_environment_hook('vida_interfaces', 'ld_library_path_lib')
[3.312s] INFO:colcon.colcon_core.shell:Creating environment hook '/home/whilker/Documents/Vida/install/vida_interfaces/share/vida_interfaces/hook/ld_library_path_lib.ps1'
[3.313s] INFO:colcon.colcon_core.shell:Creating environment descriptor '/home/whilker/Documents/Vida/install/vida_interfaces/share/vida_interfaces/hook/ld_library_path_lib.dsv'
[3.313s] INFO:colcon.colcon_core.shell:Creating environment hook '/home/whilker/Documents/Vida/install/vida_interfaces/share/vida_interfaces/hook/ld_library_path_lib.sh'
[3.313s] Level 1:colcon.colcon_core.environment:checking '/home/whilker/Documents/Vida/install/vida_interfaces/bin'
[3.313s] Level 1:colcon.colcon_core.environment:checking '/home/whilker/Documents/Vida/install/vida_interfaces/lib/pkgconfig/vida_interfaces.pc'
[3.314s] Level 1:colcon.colcon_core.environment:checking '/home/whilker/Documents/Vida/install/vida_interfaces/lib/python3.10/site-packages'
[3.314s] Level 1:colcon.colcon_core.environment:checking '/home/whilker/Documents/Vida/install/vida_interfaces/bin'
[3.314s] INFO:colcon.colcon_core.shell:Creating package script '/home/whilker/Documents/Vida/install/vida_interfaces/share/vida_interfaces/package.ps1'
[3.315s] INFO:colcon.colcon_core.shell:Creating package descriptor '/home/whilker/Documents/Vida/install/vida_interfaces/share/vida_interfaces/package.dsv'
[3.315s] INFO:colcon.colcon_core.shell:Creating package script '/home/whilker/Documents/Vida/install/vida_interfaces/share/vida_interfaces/package.sh'
[3.316s] INFO:colcon.colcon_core.shell:Creating package script '/home/whilker/Documents/Vida/install/vida_interfaces/share/vida_interfaces/package.bash'
[3.316s] INFO:colcon.colcon_core.shell:Creating package script '/home/whilker/Documents/Vida/install/vida_interfaces/share/vida_interfaces/package.zsh'
[3.316s] Level 1:colcon.colcon_core.environment:create_file_with_runtime_dependencies(/home/whilker/Documents/Vida/install/vida_interfaces/share/colcon-core/packages/vida_interfaces)
[3.316s] DEBUG:colcon.colcon_parallel_executor.executor.parallel:closing loop
[3.316s] DEBUG:colcon.colcon_parallel_executor.executor.parallel:loop closed
[3.316s] DEBUG:colcon.colcon_parallel_executor.executor.parallel:run_until_complete finished with '0'
[3.317s] DEBUG:colcon.colcon_core.event_reactor:joining thread
[3.322s] INFO:colcon.colcon_core.plugin_system:Skipping extension 'colcon_notification.desktop_notification.terminal_notifier': Not used on non-Darwin systems
[3.322s] INFO:colcon.colcon_core.plugin_system:Skipping extension 'colcon_notification.desktop_notification.win32': Not used on non-Windows systems
[3.322s] INFO:colcon.colcon_notification.desktop_notification:Sending desktop notification using 'notify2'
[3.335s] DEBUG:colcon.colcon_core.event_reactor:joined thread
[3.335s] INFO:colcon.colcon_core.shell:Creating prefix script '/home/whilker/Documents/Vida/install/local_setup.ps1'
[3.337s] INFO:colcon.colcon_core.shell:Creating prefix util module '/home/whilker/Documents/Vida/install/_local_setup_util_ps1.py'
[3.339s] INFO:colcon.colcon_core.shell:Creating prefix chain script '/home/whilker/Documents/Vida/install/setup.ps1'
[3.340s] INFO:colcon.colcon_core.shell:Creating prefix script '/home/whilker/Documents/Vida/install/local_setup.sh'
[3.340s] INFO:colcon.colcon_core.shell:Creating prefix util module '/home/whilker/Documents/Vida/install/_local_setup_util_sh.py'
[3.341s] INFO:colcon.colcon_core.shell:Creating prefix chain script '/home/whilker/Documents/Vida/install/setup.sh'
[3.342s] INFO:colcon.colcon_core.shell:Creating prefix script '/home/whilker/Documents/Vida/install/local_setup.bash'
[3.343s] INFO:colcon.colcon_core.shell:Creating prefix chain script '/home/whilker/Documents/Vida/install/setup.bash'
[3.344s] INFO:colcon.colcon_core.shell:Creating prefix script '/home/whilker/Documents/Vida/install/local_setup.zsh'
[3.345s] INFO:colcon.colcon_core.shell:Creating prefix chain script '/home/whilker/Documents/Vida/install/setup.zsh'
