-- The C compiler identification is GNU 11.4.0
-- The CXX compiler identification is GNU 11.4.0
-- Detecting C compiler ABI info
-- Detecting C compiler ABI info - done
-- Check for working C compiler: /usr/bin/cc - skipped
-- Detecting C compile features
-- Detecting C compile features - done
-- Detecting CXX compiler ABI info
-- Detecting CXX compiler ABI info - done
-- Check for working CXX compiler: /usr/bin/c++ - skipped
-- Detecting CXX compile features
-- Detecting CXX compile features - done
-- Found ament_cmake: 1.3.9 (/opt/ros/humble/share/ament_cmake/cmake)
-- Found Python3: /usr/bin/python3 (found version "3.10.12") found components: Interpreter 
-- Found rclcpp: 16.0.9 (/opt/ros/humble/share/rclcpp/cmake)
-- Found rosidl_generator_c: 3.1.5 (/opt/ros/humble/share/rosidl_generator_c/cmake)
-- Found rosidl_adapter: 3.1.5 (/opt/ros/humble/share/rosidl_adapter/cmake)
-- Found rosidl_generator_cpp: 3.1.5 (/opt/ros/humble/share/rosidl_generator_cpp/cmake)
-- Using all available rosidl_typesupport_c: rosidl_typesupport_fastrtps_c;rosidl_typesupport_introspection_c
-- Using all available rosidl_typesupport_cpp: rosidl_typesupport_fastrtps_cpp;rosidl_typesupport_introspection_cpp
-- Found rmw_implementation_cmake: 6.1.2 (/opt/ros/humble/share/rmw_implementation_cmake/cmake)
-- Found rmw_fastrtps_cpp: 6.2.6 (/opt/ros/humble/share/rmw_fastrtps_cpp/cmake)
-- Found OpenSSL: /usr/lib/x86_64-linux-gnu/libcrypto.so (found version "3.0.2")  
-- Found FastRTPS: /opt/ros/humble/include  
-- Using RMW implementation 'rmw_fastrtps_cpp' as default
-- Looking for pthread.h
-- Looking for pthread.h - found
-- Performing Test CMAKE_HAVE_LIBC_PTHREAD
-- Performing Test CMAKE_HAVE_LIBC_PTHREAD - Success
-- Found Threads: TRUE  
-- Found vida_interfaces: 0.0.0 (/home/whilker/Documents/Vida/install/vida_interfaces/share/vida_interfaces/cmake)
-- Found ament_lint_auto: 0.12.11 (/opt/ros/humble/share/ament_lint_auto/cmake)
WARNING: Package name "RemoteControl" does not follow the naming conventions. It should start with a lower case letter and only contain lower case letters, digits, underscores, and dashes.
-- Added test 'cppcheck' to perform static code analysis on C / C++ code
-- Configured cppcheck include dirs: 
-- Configured cppcheck exclude dirs and/or files: 
-- Added test 'lint_cmake' to check CMake code style
-- Added test 'uncrustify' to check C / C++ code style
-- Configured uncrustify additional arguments: 
-- Added test 'xmllint' to check XML markup files
-- Configuring done
-- Generating done
-- Build files have been written to: /home/whilker/Documents/Vida/build/RemoteControl
-- Install configuration: ""
-- Installing: /home/whilker/Documents/Vida/install/RemoteControl/share/ament_index/resource_index/package_run_dependencies/RemoteControl
-- Installing: /home/whilker/Documents/Vida/install/RemoteControl/share/ament_index/resource_index/parent_prefix_path/RemoteControl
-- Installing: /home/whilker/Documents/Vida/install/RemoteControl/share/RemoteControl/environment/ament_prefix_path.sh
-- Installing: /home/whilker/Documents/Vida/install/RemoteControl/share/RemoteControl/environment/ament_prefix_path.dsv
-- Installing: /home/whilker/Documents/Vida/install/RemoteControl/share/RemoteControl/environment/path.sh
-- Installing: /home/whilker/Documents/Vida/install/RemoteControl/share/RemoteControl/environment/path.dsv
-- Installing: /home/whilker/Documents/Vida/install/RemoteControl/share/RemoteControl/local_setup.bash
-- Installing: /home/whilker/Documents/Vida/install/RemoteControl/share/RemoteControl/local_setup.sh
-- Installing: /home/whilker/Documents/Vida/install/RemoteControl/share/RemoteControl/local_setup.zsh
-- Installing: /home/whilker/Documents/Vida/install/RemoteControl/share/RemoteControl/local_setup.dsv
-- Installing: /home/whilker/Documents/Vida/install/RemoteControl/share/RemoteControl/package.dsv
-- Installing: /home/whilker/Documents/Vida/install/RemoteControl/share/ament_index/resource_index/packages/RemoteControl
-- Installing: /home/whilker/Documents/Vida/install/RemoteControl/share/RemoteControl/cmake/RemoteControlConfig.cmake
-- Installing: /home/whilker/Documents/Vida/install/RemoteControl/share/RemoteControl/cmake/RemoteControlConfig-version.cmake
-- Installing: /home/whilker/Documents/Vida/install/RemoteControl/share/RemoteControl/package.xml
