[0.008s] Invoking command in '/home/whilker/Documents/Vida/Ros/build/control_pkg': CMAKE_PREFIX_PATH=/home/whilker/Documents/Vida/Ros/install/vida_interfaces:/home/whilker/Documents/Vida/Ros/install/RemoteControl:/opt/ros/humble /usr/bin/cmake /home/whilker/Documents/Vida/Ros/src/control_pkg -DCMAKE_INSTALL_PREFIX=/home/whilker/Documents/Vida/Ros/install/control_pkg
[0.052s] -- The C compiler identification is GNU 11.4.0
[0.096s] -- The CXX compiler identification is GNU 11.4.0
[0.102s] -- Detecting C compiler ABI info
[0.160s] -- Detecting C compiler ABI info - done
[0.165s] -- Check for working C compiler: /usr/bin/cc - skipped
[0.166s] -- Detecting C compile features
[0.166s] -- Detecting C compile features - done
[0.168s] -- Detecting CXX compiler ABI info
[0.231s] -- Detecting CXX compiler ABI info - done
[0.237s] -- Check for working CXX compiler: /usr/bin/c++ - skipped
[0.237s] -- Detecting CXX compile features
[0.238s] -- Detecting CXX compile features - done
[0.239s] -- Found ament_cmake: 1.3.9 (/opt/ros/humble/share/ament_cmake/cmake)
[0.339s] -- Found Python3: /usr/bin/python3 (found version "3.10.12") found components: Interpreter 
[0.402s] -- Found rclcpp: 16.0.9 (/opt/ros/humble/share/rclcpp/cmake)
[0.442s] -- Found rosidl_generator_c: 3.1.5 (/opt/ros/humble/share/rosidl_generator_c/cmake)
[0.445s] -- Found rosidl_adapter: 3.1.5 (/opt/ros/humble/share/rosidl_adapter/cmake)
[0.450s] -- Found rosidl_generator_cpp: 3.1.5 (/opt/ros/humble/share/rosidl_generator_cpp/cmake)
[0.459s] -- Using all available rosidl_typesupport_c: rosidl_typesupport_fastrtps_c;rosidl_typesupport_introspection_c
[0.471s] -- Using all available rosidl_typesupport_cpp: rosidl_typesupport_fastrtps_cpp;rosidl_typesupport_introspection_cpp
[0.537s] -- Found rmw_implementation_cmake: 6.1.2 (/opt/ros/humble/share/rmw_implementation_cmake/cmake)
[0.540s] -- Found rmw_fastrtps_cpp: 6.2.6 (/opt/ros/humble/share/rmw_fastrtps_cpp/cmake)
[0.636s] -- Found OpenSSL: /usr/lib/x86_64-linux-gnu/libcrypto.so (found version "3.0.2")  
[0.660s] -- Found FastRTPS: /opt/ros/humble/include  
[0.689s] -- Using RMW implementation 'rmw_fastrtps_cpp' as default
[0.700s] -- Looking for pthread.h
[0.759s] -- Looking for pthread.h - found
[0.759s] -- Performing Test CMAKE_HAVE_LIBC_PTHREAD
[0.822s] -- Performing Test CMAKE_HAVE_LIBC_PTHREAD - Success
[0.823s] -- Found Threads: TRUE  
[0.958s] -- Found vida_interfaces: 0.0.0 (/home/whilker/Documents/Vida/Ros/install/vida_interfaces/share/vida_interfaces/cmake)
[1.015s] -- Configuring done
[1.017s] [31mCMake Error at CMakeLists.txt:13 (add_executable):
[1.017s]   Cannot find source file:
[1.017s] 
[1.018s]     ../../../../Utils/UDP/UDP.cpp
[1.018s] 
[1.018s]   Tried extensions .c .C .c++ .cc .cpp .cxx .cu .mpp .m .M .mm .ixx .cppm .h
[1.018s]   .hh .h++ .hm .hpp .hxx .in .txx .f .F .for .f77 .f90 .f95 .f03 .hip .ispc
[1.018s] 
[1.018s] [0m
[1.018s] [31mCMake Error at CMakeLists.txt:13 (add_executable):
[1.018s]   No SOURCES given to target: remote_control
[1.018s] 
[1.018s] [0m
[1.019s] [0mCMake Generate step failed.  Build files cannot be regenerated correctly.[0m
[1.026s] Invoked command in '/home/whilker/Documents/Vida/Ros/build/control_pkg' returned '1': CMAKE_PREFIX_PATH=/home/whilker/Documents/Vida/Ros/install/vida_interfaces:/home/whilker/Documents/Vida/Ros/install/RemoteControl:/opt/ros/humble /usr/bin/cmake /home/whilker/Documents/Vida/Ros/src/control_pkg -DCMAKE_INSTALL_PREFIX=/home/whilker/Documents/Vida/Ros/install/control_pkg
