[0.063s] DEBUG:colcon:Command line arguments: ['/usr/bin/colcon', 'build', '--packages-select', 'control_pkg']
[0.063s] DEBUG:colcon:Parsed command line arguments: Namespace(log_base=None, log_level=None, verb_name='build', build_base='build', install_base='install', merge_install=False, symlink_install=False, test_result_base=None, continue_on_error=False, executor='parallel', parallel_workers=8, event_handlers=None, ignore_user_meta=False, metas=['./colcon.meta'], base_paths=['.'], packages_ignore=None, packages_ignore_regex=None, paths=None, packages_up_to=None, packages_up_to_regex=None, packages_above=None, packages_above_and_dependencies=None, packages_above_depth=None, packages_select_by_dep=None, packages_skip_by_dep=None, packages_skip_up_to=None, packages_select_build_failed=False, packages_skip_build_finished=False, packages_select_test_failures=False, packages_skip_test_passed=False, packages_select=['control_pkg'], packages_skip=None, packages_select_regex=None, packages_skip_regex=None, packages_start=None, packages_end=None, allow_overriding=[], cmake_args=None, cmake_target=None, cmake_target_skip_unavailable=False, cmake_clean_cache=False, cmake_clean_first=False, cmake_force_configure=False, ament_cmake_args=None, catkin_cmake_args=None, catkin_skip_building_tests=False, verb_parser=<colcon_defaults.argument_parser.defaults.DefaultArgumentsDecorator object at 0x74a20b9504f0>, verb_extension=<colcon_core.verb.build.BuildVerb object at 0x74a20b917ee0>, main=<bound method BuildVerb.main of <colcon_core.verb.build.BuildVerb object at 0x74a20b917ee0>>)
[0.157s] Level 1:colcon.colcon_core.package_discovery:discover_packages(colcon_meta) check parameters
[0.158s] Level 1:colcon.colcon_core.package_discovery:discover_packages(recursive) check parameters
[0.158s] Level 1:colcon.colcon_core.package_discovery:discover_packages(ignore) check parameters
[0.158s] Level 1:colcon.colcon_core.package_discovery:discover_packages(path) check parameters
[0.158s] Level 1:colcon.colcon_core.package_discovery:discover_packages(colcon_meta) discover
[0.158s] Level 1:colcon.colcon_core.package_discovery:discover_packages(recursive) discover
[0.158s] INFO:colcon.colcon_core.package_discovery:Crawling recursively for packages in '/home/whilker/Documents/Vida/Ros'
[0.158s] Level 1:colcon.colcon_core.package_identification:_identify(.) by extensions ['ignore', 'ignore_ament_install']
[0.158s] Level 1:colcon.colcon_core.package_identification:_identify(.) by extension 'ignore'
[0.158s] Level 1:colcon.colcon_core.package_identification:_identify(.) by extension 'ignore_ament_install'
[0.158s] Level 1:colcon.colcon_core.package_identification:_identify(.) by extensions ['colcon_pkg']
[0.158s] Level 1:colcon.colcon_core.package_identification:_identify(.) by extension 'colcon_pkg'
[0.158s] Level 1:colcon.colcon_core.package_identification:_identify(.) by extensions ['colcon_meta']
[0.158s] Level 1:colcon.colcon_core.package_identification:_identify(.) by extension 'colcon_meta'
[0.158s] Level 1:colcon.colcon_core.package_identification:_identify(.) by extensions ['ros']
[0.158s] Level 1:colcon.colcon_core.package_identification:_identify(.) by extension 'ros'
[0.165s] Level 1:colcon.colcon_core.package_identification:_identify(.) by extensions ['cmake', 'python']
[0.165s] Level 1:colcon.colcon_core.package_identification:_identify(.) by extension 'cmake'
[0.165s] Level 1:colcon.colcon_core.package_identification:_identify(.) by extension 'python'
[0.165s] Level 1:colcon.colcon_core.package_identification:_identify(.) by extensions ['python_setup_py']
[0.165s] Level 1:colcon.colcon_core.package_identification:_identify(.) by extension 'python_setup_py'
[0.165s] Level 1:colcon.colcon_core.package_identification:_identify(build) by extensions ['ignore', 'ignore_ament_install']
[0.166s] Level 1:colcon.colcon_core.package_identification:_identify(build) by extension 'ignore'
[0.166s] Level 1:colcon.colcon_core.package_identification:_identify(build) ignored
[0.166s] Level 1:colcon.colcon_core.package_identification:_identify(install) by extensions ['ignore', 'ignore_ament_install']
[0.166s] Level 1:colcon.colcon_core.package_identification:_identify(install) by extension 'ignore'
[0.166s] Level 1:colcon.colcon_core.package_identification:_identify(install) ignored
[0.166s] Level 1:colcon.colcon_core.package_identification:_identify(log) by extensions ['ignore', 'ignore_ament_install']
[0.166s] Level 1:colcon.colcon_core.package_identification:_identify(log) by extension 'ignore'
[0.166s] Level 1:colcon.colcon_core.package_identification:_identify(log) ignored
[0.166s] Level 1:colcon.colcon_core.package_identification:_identify(src) by extensions ['ignore', 'ignore_ament_install']
[0.166s] Level 1:colcon.colcon_core.package_identification:_identify(src) by extension 'ignore'
[0.166s] Level 1:colcon.colcon_core.package_identification:_identify(src) by extension 'ignore_ament_install'
[0.166s] Level 1:colcon.colcon_core.package_identification:_identify(src) by extensions ['colcon_pkg']
[0.166s] Level 1:colcon.colcon_core.package_identification:_identify(src) by extension 'colcon_pkg'
[0.166s] Level 1:colcon.colcon_core.package_identification:_identify(src) by extensions ['colcon_meta']
[0.166s] Level 1:colcon.colcon_core.package_identification:_identify(src) by extension 'colcon_meta'
[0.166s] Level 1:colcon.colcon_core.package_identification:_identify(src) by extensions ['ros']
[0.166s] Level 1:colcon.colcon_core.package_identification:_identify(src) by extension 'ros'
[0.166s] Level 1:colcon.colcon_core.package_identification:_identify(src) by extensions ['cmake', 'python']
[0.166s] Level 1:colcon.colcon_core.package_identification:_identify(src) by extension 'cmake'
[0.166s] Level 1:colcon.colcon_core.package_identification:_identify(src) by extension 'python'
[0.166s] Level 1:colcon.colcon_core.package_identification:_identify(src) by extensions ['python_setup_py']
[0.166s] Level 1:colcon.colcon_core.package_identification:_identify(src) by extension 'python_setup_py'
[0.166s] Level 1:colcon.colcon_core.package_identification:_identify(src/control_pkg) by extensions ['ignore', 'ignore_ament_install']
[0.166s] Level 1:colcon.colcon_core.package_identification:_identify(src/control_pkg) by extension 'ignore'
[0.167s] Level 1:colcon.colcon_core.package_identification:_identify(src/control_pkg) by extension 'ignore_ament_install'
[0.167s] Level 1:colcon.colcon_core.package_identification:_identify(src/control_pkg) by extensions ['colcon_pkg']
[0.167s] Level 1:colcon.colcon_core.package_identification:_identify(src/control_pkg) by extension 'colcon_pkg'
[0.167s] Level 1:colcon.colcon_core.package_identification:_identify(src/control_pkg) by extensions ['colcon_meta']
[0.167s] Level 1:colcon.colcon_core.package_identification:_identify(src/control_pkg) by extension 'colcon_meta'
[0.167s] Level 1:colcon.colcon_core.package_identification:_identify(src/control_pkg) by extensions ['ros']
[0.167s] Level 1:colcon.colcon_core.package_identification:_identify(src/control_pkg) by extension 'ros'
[0.168s] DEBUG:colcon.colcon_core.package_identification:Package 'src/control_pkg' with type 'ros.ament_cmake' and name 'control_pkg'
[0.168s] Level 1:colcon.colcon_core.package_identification:_identify(src/vida_interfaces) by extensions ['ignore', 'ignore_ament_install']
[0.168s] Level 1:colcon.colcon_core.package_identification:_identify(src/vida_interfaces) by extension 'ignore'
[0.168s] Level 1:colcon.colcon_core.package_identification:_identify(src/vida_interfaces) by extension 'ignore_ament_install'
[0.168s] Level 1:colcon.colcon_core.package_identification:_identify(src/vida_interfaces) by extensions ['colcon_pkg']
[0.169s] Level 1:colcon.colcon_core.package_identification:_identify(src/vida_interfaces) by extension 'colcon_pkg'
[0.169s] Level 1:colcon.colcon_core.package_identification:_identify(src/vida_interfaces) by extensions ['colcon_meta']
[0.169s] Level 1:colcon.colcon_core.package_identification:_identify(src/vida_interfaces) by extension 'colcon_meta'
[0.169s] Level 1:colcon.colcon_core.package_identification:_identify(src/vida_interfaces) by extensions ['ros']
[0.169s] Level 1:colcon.colcon_core.package_identification:_identify(src/vida_interfaces) by extension 'ros'
[0.169s] DEBUG:colcon.colcon_core.package_identification:Package 'src/vida_interfaces' with type 'ros.ament_cmake' and name 'vida_interfaces'
[0.169s] Level 1:colcon.colcon_core.package_discovery:discover_packages(recursive) using defaults
[0.169s] Level 1:colcon.colcon_core.package_discovery:discover_packages(ignore) discover
[0.169s] Level 1:colcon.colcon_core.package_discovery:discover_packages(ignore) using defaults
[0.169s] Level 1:colcon.colcon_core.package_discovery:discover_packages(path) discover
[0.169s] Level 1:colcon.colcon_core.package_discovery:discover_packages(path) using defaults
[0.181s] INFO:colcon.colcon_core.package_selection:Skipping not selected package 'vida_interfaces' in 'src/vida_interfaces'
[0.182s] Level 1:colcon.colcon_core.package_discovery:discover_packages(prefix_path) check parameters
[0.182s] Level 1:colcon.colcon_core.package_discovery:discover_packages(prefix_path) discover
[0.183s] DEBUG:colcon.colcon_installed_package_information.package_discovery:Found 2 installed packages in /home/whilker/Documents/Vida/Ros/install
[0.183s] DEBUG:colcon.colcon_installed_package_information.package_discovery:Found 270 installed packages in /opt/ros/humble
[0.185s] Level 1:colcon.colcon_core.package_discovery:discover_packages(prefix_path) using defaults
[0.208s] Level 5:colcon.colcon_core.verb:set package 'control_pkg' build argument 'cmake_args' from command line to 'None'
[0.208s] Level 5:colcon.colcon_core.verb:set package 'control_pkg' build argument 'cmake_target' from command line to 'None'
[0.208s] Level 5:colcon.colcon_core.verb:set package 'control_pkg' build argument 'cmake_target_skip_unavailable' from command line to 'False'
[0.208s] Level 5:colcon.colcon_core.verb:set package 'control_pkg' build argument 'cmake_clean_cache' from command line to 'False'
[0.208s] Level 5:colcon.colcon_core.verb:set package 'control_pkg' build argument 'cmake_clean_first' from command line to 'False'
[0.208s] Level 5:colcon.colcon_core.verb:set package 'control_pkg' build argument 'cmake_force_configure' from command line to 'False'
[0.208s] Level 5:colcon.colcon_core.verb:set package 'control_pkg' build argument 'ament_cmake_args' from command line to 'None'
[0.208s] Level 5:colcon.colcon_core.verb:set package 'control_pkg' build argument 'catkin_cmake_args' from command line to 'None'
[0.208s] Level 5:colcon.colcon_core.verb:set package 'control_pkg' build argument 'catkin_skip_building_tests' from command line to 'False'
[0.208s] DEBUG:colcon.colcon_core.verb:Building package 'control_pkg' with the following arguments: {'ament_cmake_args': None, 'build_base': '/home/whilker/Documents/Vida/Ros/build/control_pkg', 'catkin_cmake_args': None, 'catkin_skip_building_tests': False, 'cmake_args': None, 'cmake_clean_cache': False, 'cmake_clean_first': False, 'cmake_force_configure': False, 'cmake_target': None, 'cmake_target_skip_unavailable': False, 'install_base': '/home/whilker/Documents/Vida/Ros/install/control_pkg', 'merge_install': False, 'path': '/home/whilker/Documents/Vida/Ros/src/control_pkg', 'symlink_install': False, 'test_result_base': None}
[0.208s] INFO:colcon.colcon_core.executor:Executing jobs using 'parallel' executor
[0.209s] DEBUG:colcon.colcon_parallel_executor.executor.parallel:run_until_complete
[0.209s] INFO:colcon.colcon_ros.task.ament_cmake.build:Building ROS package in '/home/whilker/Documents/Vida/Ros/src/control_pkg' with build type 'ament_cmake'
[0.209s] INFO:colcon.colcon_cmake.task.cmake.build:Building CMake package in '/home/whilker/Documents/Vida/Ros/src/control_pkg'
[0.211s] INFO:colcon.colcon_core.plugin_system:Skipping extension 'colcon_core.shell.bat': Not used on non-Windows systems
[0.211s] INFO:colcon.colcon_core.shell:Skip shell extension 'powershell' for command environment: Not usable outside of PowerShell
[0.211s] DEBUG:colcon.colcon_core.shell:Skip shell extension 'dsv' for command environment
[0.220s] DEBUG:colcon.colcon_core.event_handler.log_command:Invoking command in '/home/whilker/Documents/Vida/Ros/build/control_pkg': CMAKE_PREFIX_PATH=/home/whilker/Documents/Vida/Ros/install/vida_interfaces:/home/whilker/Documents/Vida/Ros/install/control_pkg:/opt/ros/humble /usr/bin/cmake --build /home/whilker/Documents/Vida/Ros/build/control_pkg -- -j8 -l8
[6.620s] DEBUG:colcon.colcon_core.event_handler.log_command:Invoked command in '/home/whilker/Documents/Vida/Ros/build/control_pkg' returned '0': CMAKE_PREFIX_PATH=/home/whilker/Documents/Vida/Ros/install/vida_interfaces:/home/whilker/Documents/Vida/Ros/install/control_pkg:/opt/ros/humble /usr/bin/cmake --build /home/whilker/Documents/Vida/Ros/build/control_pkg -- -j8 -l8
[6.652s] DEBUG:colcon.colcon_core.event_handler.log_command:Invoking command in '/home/whilker/Documents/Vida/Ros/build/control_pkg': CMAKE_PREFIX_PATH=/home/whilker/Documents/Vida/Ros/install/vida_interfaces:/home/whilker/Documents/Vida/Ros/install/control_pkg:/opt/ros/humble /usr/bin/cmake --install /home/whilker/Documents/Vida/Ros/build/control_pkg
[6.666s] Level 1:colcon.colcon_core.environment:create_environment_scripts_only(control_pkg)
[6.666s] DEBUG:colcon.colcon_core.event_handler.log_command:Invoked command in '/home/whilker/Documents/Vida/Ros/build/control_pkg' returned '0': CMAKE_PREFIX_PATH=/home/whilker/Documents/Vida/Ros/install/vida_interfaces:/home/whilker/Documents/Vida/Ros/install/control_pkg:/opt/ros/humble /usr/bin/cmake --install /home/whilker/Documents/Vida/Ros/build/control_pkg
[6.668s] Level 1:colcon.colcon_core.environment:checking '/home/whilker/Documents/Vida/Ros/install/control_pkg' for CMake module files
[6.668s] Level 1:colcon.colcon_core.environment:checking '/home/whilker/Documents/Vida/Ros/install/control_pkg' for CMake config files
[6.668s] Level 1:colcon.colcon_core.shell:create_environment_hook('control_pkg', 'cmake_prefix_path')
[6.669s] INFO:colcon.colcon_core.shell:Creating environment hook '/home/whilker/Documents/Vida/Ros/install/control_pkg/share/control_pkg/hook/cmake_prefix_path.ps1'
[6.669s] INFO:colcon.colcon_core.shell:Creating environment descriptor '/home/whilker/Documents/Vida/Ros/install/control_pkg/share/control_pkg/hook/cmake_prefix_path.dsv'
[6.669s] INFO:colcon.colcon_core.shell:Creating environment hook '/home/whilker/Documents/Vida/Ros/install/control_pkg/share/control_pkg/hook/cmake_prefix_path.sh'
[6.670s] Level 1:colcon.colcon_core.environment:checking '/home/whilker/Documents/Vida/Ros/install/control_pkg/lib'
[6.670s] Level 1:colcon.colcon_core.environment:checking '/home/whilker/Documents/Vida/Ros/install/control_pkg/bin'
[6.670s] Level 1:colcon.colcon_core.environment:checking '/home/whilker/Documents/Vida/Ros/install/control_pkg/lib/pkgconfig/control_pkg.pc'
[6.670s] Level 1:colcon.colcon_core.environment:checking '/home/whilker/Documents/Vida/Ros/install/control_pkg/lib/python3.10/site-packages'
[6.670s] Level 1:colcon.colcon_core.environment:checking '/home/whilker/Documents/Vida/Ros/install/control_pkg/bin'
[6.671s] INFO:colcon.colcon_core.shell:Creating package script '/home/whilker/Documents/Vida/Ros/install/control_pkg/share/control_pkg/package.ps1'
[6.671s] INFO:colcon.colcon_core.shell:Creating package descriptor '/home/whilker/Documents/Vida/Ros/install/control_pkg/share/control_pkg/package.dsv'
[6.672s] INFO:colcon.colcon_core.shell:Creating package script '/home/whilker/Documents/Vida/Ros/install/control_pkg/share/control_pkg/package.sh'
[6.672s] INFO:colcon.colcon_core.shell:Creating package script '/home/whilker/Documents/Vida/Ros/install/control_pkg/share/control_pkg/package.bash'
[6.673s] INFO:colcon.colcon_core.shell:Creating package script '/home/whilker/Documents/Vida/Ros/install/control_pkg/share/control_pkg/package.zsh'
[6.674s] Level 1:colcon.colcon_core.environment:create_file_with_runtime_dependencies(/home/whilker/Documents/Vida/Ros/install/control_pkg/share/colcon-core/packages/control_pkg)
[6.701s] Level 1:colcon.colcon_core.environment:create_environment_scripts_only(control_pkg)
[6.702s] Level 1:colcon.colcon_core.environment:checking '/home/whilker/Documents/Vida/Ros/install/control_pkg' for CMake module files
[6.702s] Level 1:colcon.colcon_core.environment:checking '/home/whilker/Documents/Vida/Ros/install/control_pkg' for CMake config files
[6.703s] Level 1:colcon.colcon_core.shell:create_environment_hook('control_pkg', 'cmake_prefix_path')
[6.703s] INFO:colcon.colcon_core.shell:Creating environment hook '/home/whilker/Documents/Vida/Ros/install/control_pkg/share/control_pkg/hook/cmake_prefix_path.ps1'
[6.703s] INFO:colcon.colcon_core.shell:Creating environment descriptor '/home/whilker/Documents/Vida/Ros/install/control_pkg/share/control_pkg/hook/cmake_prefix_path.dsv'
[6.703s] INFO:colcon.colcon_core.shell:Creating environment hook '/home/whilker/Documents/Vida/Ros/install/control_pkg/share/control_pkg/hook/cmake_prefix_path.sh'
[6.704s] Level 1:colcon.colcon_core.environment:checking '/home/whilker/Documents/Vida/Ros/install/control_pkg/lib'
[6.704s] Level 1:colcon.colcon_core.environment:checking '/home/whilker/Documents/Vida/Ros/install/control_pkg/bin'
[6.704s] Level 1:colcon.colcon_core.environment:checking '/home/whilker/Documents/Vida/Ros/install/control_pkg/lib/pkgconfig/control_pkg.pc'
[6.705s] Level 1:colcon.colcon_core.environment:checking '/home/whilker/Documents/Vida/Ros/install/control_pkg/lib/python3.10/site-packages'
[6.705s] Level 1:colcon.colcon_core.environment:checking '/home/whilker/Documents/Vida/Ros/install/control_pkg/bin'
[6.705s] INFO:colcon.colcon_core.shell:Creating package script '/home/whilker/Documents/Vida/Ros/install/control_pkg/share/control_pkg/package.ps1'
[6.706s] INFO:colcon.colcon_core.shell:Creating package descriptor '/home/whilker/Documents/Vida/Ros/install/control_pkg/share/control_pkg/package.dsv'
[6.706s] INFO:colcon.colcon_core.shell:Creating package script '/home/whilker/Documents/Vida/Ros/install/control_pkg/share/control_pkg/package.sh'
[6.707s] INFO:colcon.colcon_core.shell:Creating package script '/home/whilker/Documents/Vida/Ros/install/control_pkg/share/control_pkg/package.bash'
[6.707s] INFO:colcon.colcon_core.shell:Creating package script '/home/whilker/Documents/Vida/Ros/install/control_pkg/share/control_pkg/package.zsh'
[6.707s] Level 1:colcon.colcon_core.environment:create_file_with_runtime_dependencies(/home/whilker/Documents/Vida/Ros/install/control_pkg/share/colcon-core/packages/control_pkg)
[6.707s] DEBUG:colcon.colcon_parallel_executor.executor.parallel:closing loop
[6.708s] DEBUG:colcon.colcon_parallel_executor.executor.parallel:loop closed
[6.708s] DEBUG:colcon.colcon_parallel_executor.executor.parallel:run_until_complete finished with '0'
[6.708s] DEBUG:colcon.colcon_core.event_reactor:joining thread
[6.723s] INFO:colcon.colcon_core.plugin_system:Skipping extension 'colcon_notification.desktop_notification.terminal_notifier': Not used on non-Darwin systems
[6.723s] INFO:colcon.colcon_core.plugin_system:Skipping extension 'colcon_notification.desktop_notification.win32': Not used on non-Windows systems
[6.723s] INFO:colcon.colcon_notification.desktop_notification:Sending desktop notification using 'notify2'
[6.732s] DEBUG:colcon.colcon_core.event_reactor:joined thread
[6.732s] INFO:colcon.colcon_core.shell:Creating prefix script '/home/whilker/Documents/Vida/Ros/install/local_setup.ps1'
[6.733s] INFO:colcon.colcon_core.shell:Creating prefix util module '/home/whilker/Documents/Vida/Ros/install/_local_setup_util_ps1.py'
[6.734s] INFO:colcon.colcon_core.shell:Creating prefix chain script '/home/whilker/Documents/Vida/Ros/install/setup.ps1'
[6.735s] INFO:colcon.colcon_core.shell:Creating prefix script '/home/whilker/Documents/Vida/Ros/install/local_setup.sh'
[6.736s] INFO:colcon.colcon_core.shell:Creating prefix util module '/home/whilker/Documents/Vida/Ros/install/_local_setup_util_sh.py'
[6.736s] INFO:colcon.colcon_core.shell:Creating prefix chain script '/home/whilker/Documents/Vida/Ros/install/setup.sh'
[6.737s] INFO:colcon.colcon_core.shell:Creating prefix script '/home/whilker/Documents/Vida/Ros/install/local_setup.bash'
[6.737s] INFO:colcon.colcon_core.shell:Creating prefix chain script '/home/whilker/Documents/Vida/Ros/install/setup.bash'
[6.738s] INFO:colcon.colcon_core.shell:Creating prefix script '/home/whilker/Documents/Vida/Ros/install/local_setup.zsh'
[6.738s] INFO:colcon.colcon_core.shell:Creating prefix chain script '/home/whilker/Documents/Vida/Ros/install/setup.zsh'
