[35m[1mConsolidate compiler generated dependencies of target remote_control[0m
[ 33%] [32mBuilding CXX object CMakeFiles/remote_control.dir/src/RemoteControlPublisher/RemoteControlPublisher.cpp.o[0m
In file included from [01m[K/opt/ros/humble/include/rclcpp/rclcpp/logging.hpp:24[m[K,
                 from [01m[K/opt/ros/humble/include/rclcpp/rclcpp/client.hpp:40[m[K,
                 from [01m[K/opt/ros/humble/include/rclcpp/rclcpp/callback_group.hpp:24[m[K,
                 from [01m[K/opt/ros/humble/include/rclcpp/rclcpp/any_executable.hpp:20[m[K,
                 from [01m[K/opt/ros/humble/include/rclcpp/rclcpp/memory_strategy.hpp:25[m[K,
                 from [01m[K/opt/ros/humble/include/rclcpp/rclcpp/memory_strategies.hpp:18[m[K,
                 from [01m[K/opt/ros/humble/include/rclcpp/rclcpp/executor_options.hpp:20[m[K,
                 from [01m[K/opt/ros/humble/include/rclcpp/rclcpp/executor.hpp:37[m[K,
                 from [01m[K/opt/ros/humble/include/rclcpp/rclcpp/executors/multi_threaded_executor.hpp:25[m[K,
                 from [01m[K/opt/ros/humble/include/rclcpp/rclcpp/executors.hpp:21[m[K,
                 from [01m[K/opt/ros/humble/include/rclcpp/rclcpp/rclcpp.hpp:155[m[K,
                 from [01m[K/home/whilker/Documents/Vida/src/RemoteControl/src/RemoteControlPublisher/RemoteControlPublisher.h:4[m[K,
                 from [01m[K/home/whilker/Documents/Vida/src/RemoteControl/src/RemoteControlPublisher/RemoteControlPublisher.cpp:1[m[K:
[01m[K/home/whilker/Documents/Vida/src/RemoteControl/src/RemoteControlPublisher/RemoteControlPublisher.cpp:[m[K In member function ‘[01m[Kvoid RemoteControl::udpReciver()[m[K’:
[01m[K/home/whilker/Documents/Vida/src/RemoteControl/src/RemoteControlPublisher/RemoteControlPublisher.cpp:21:37:[m[K [01;35m[Kwarning: [m[Kformat ‘[01m[K%s[m[K’ expects argument of type ‘[01m[Kchar*[m[K’, but argument 5 has type ‘[01m[Kstd::string[m[K’ {aka ‘[01m[Kstd::__cxx11::basic_string<char>[m[K’} [[01;35m[K]8;;https://gcc.gnu.org/onlinedocs/gcc/Warning-Options.html#index-Wformat=-Wformat=]8;;[m[K]
   21 |     RCLCPP_INFO(this->get_logger(), [01;35m[K"%s"[m[K, data);
      |                                     [01;35m[K^~~~[m[K
[01m[K/home/whilker/Documents/Vida/src/RemoteControl/src/RemoteControlPublisher/RemoteControlPublisher.cpp:21:39:[m[K [01;36m[Knote: [m[Kformat string is defined here
   21 |     RCLCPP_INFO(this->get_logger(), "[01;36m[K%s[m[K", data);
      |                                      [01;36m[K~^[m[K
      |                                       [01;36m[K|[m[K
      |                                       [01;36m[Kchar*[m[K
[ 66%] [32m[1mLinking CXX executable remote_control[0m
[100%] Built target remote_control
-- Install configuration: ""
-- Installing: /home/whilker/Documents/Vida/install/RemoteControl/lib/RemoteControl/remote_control
-- Set runtime path of "/home/whilker/Documents/Vida/install/RemoteControl/lib/RemoteControl/remote_control" to ""
-- Up-to-date: /home/whilker/Documents/Vida/install/RemoteControl/share/ament_index/resource_index/package_run_dependencies/RemoteControl
-- Up-to-date: /home/whilker/Documents/Vida/install/RemoteControl/share/ament_index/resource_index/parent_prefix_path/RemoteControl
-- Up-to-date: /home/whilker/Documents/Vida/install/RemoteControl/share/RemoteControl/environment/ament_prefix_path.sh
-- Up-to-date: /home/whilker/Documents/Vida/install/RemoteControl/share/RemoteControl/environment/ament_prefix_path.dsv
-- Up-to-date: /home/whilker/Documents/Vida/install/RemoteControl/share/RemoteControl/environment/path.sh
-- Up-to-date: /home/whilker/Documents/Vida/install/RemoteControl/share/RemoteControl/environment/path.dsv
-- Up-to-date: /home/whilker/Documents/Vida/install/RemoteControl/share/RemoteControl/local_setup.bash
-- Up-to-date: /home/whilker/Documents/Vida/install/RemoteControl/share/RemoteControl/local_setup.sh
-- Up-to-date: /home/whilker/Documents/Vida/install/RemoteControl/share/RemoteControl/local_setup.zsh
-- Up-to-date: /home/whilker/Documents/Vida/install/RemoteControl/share/RemoteControl/local_setup.dsv
-- Installing: /home/whilker/Documents/Vida/install/RemoteControl/share/RemoteControl/package.dsv
-- Up-to-date: /home/whilker/Documents/Vida/install/RemoteControl/share/ament_index/resource_index/packages/RemoteControl
-- Up-to-date: /home/whilker/Documents/Vida/install/RemoteControl/share/RemoteControl/cmake/RemoteControlConfig.cmake
-- Up-to-date: /home/whilker/Documents/Vida/install/RemoteControl/share/RemoteControl/cmake/RemoteControlConfig-version.cmake
-- Up-to-date: /home/whilker/Documents/Vida/install/RemoteControl/share/RemoteControl/package.xml
