[0.062s] DEBUG:colcon:Command line arguments: ['/usr/bin/colcon', 'build']
[0.062s] DEBUG:colcon:Parsed command line arguments: Namespace(log_base=None, log_level=None, verb_name='build', build_base='build', install_base='install', merge_install=False, symlink_install=False, test_result_base=None, continue_on_error=False, executor='parallel', parallel_workers=8, event_handlers=None, ignore_user_meta=False, metas=['./colcon.meta'], base_paths=['.'], packages_ignore=None, packages_ignore_regex=None, paths=None, packages_up_to=None, packages_up_to_regex=None, packages_above=None, packages_above_and_dependencies=None, packages_above_depth=None, packages_select_by_dep=None, packages_skip_by_dep=None, packages_skip_up_to=None, packages_select_build_failed=False, packages_skip_build_finished=False, packages_select_test_failures=False, packages_skip_test_passed=False, packages_select=None, packages_skip=None, packages_select_regex=None, packages_skip_regex=None, packages_start=None, packages_end=None, allow_overriding=[], cmake_args=None, cmake_target=None, cmake_target_skip_unavailable=False, cmake_clean_cache=False, cmake_clean_first=False, cmake_force_configure=False, ament_cmake_args=None, catkin_cmake_args=None, catkin_skip_building_tests=False, verb_parser=<colcon_defaults.argument_parser.defaults.DefaultArgumentsDecorator object at 0x79364bf4c460>, verb_extension=<colcon_core.verb.build.BuildVerb object at 0x79364bf17f10>, main=<bound method BuildVerb.main of <colcon_core.verb.build.BuildVerb object at 0x79364bf17f10>>)
[0.159s] Level 1:colcon.colcon_core.package_discovery:discover_packages(colcon_meta) check parameters
[0.159s] Level 1:colcon.colcon_core.package_discovery:discover_packages(recursive) check parameters
[0.159s] Level 1:colcon.colcon_core.package_discovery:discover_packages(ignore) check parameters
[0.159s] Level 1:colcon.colcon_core.package_discovery:discover_packages(path) check parameters
[0.159s] Level 1:colcon.colcon_core.package_discovery:discover_packages(colcon_meta) discover
[0.159s] Level 1:colcon.colcon_core.package_discovery:discover_packages(recursive) discover
[0.159s] INFO:colcon.colcon_core.package_discovery:Crawling recursively for packages in '/home/whilker/Documents/Vida'
[0.159s] Level 1:colcon.colcon_core.package_identification:_identify(.) by extensions ['ignore', 'ignore_ament_install']
[0.159s] Level 1:colcon.colcon_core.package_identification:_identify(.) by extension 'ignore'
[0.159s] Level 1:colcon.colcon_core.package_identification:_identify(.) by extension 'ignore_ament_install'
[0.159s] Level 1:colcon.colcon_core.package_identification:_identify(.) by extensions ['colcon_pkg']
[0.159s] Level 1:colcon.colcon_core.package_identification:_identify(.) by extension 'colcon_pkg'
[0.159s] Level 1:colcon.colcon_core.package_identification:_identify(.) by extensions ['colcon_meta']
[0.160s] Level 1:colcon.colcon_core.package_identification:_identify(.) by extension 'colcon_meta'
[0.160s] Level 1:colcon.colcon_core.package_identification:_identify(.) by extensions ['ros']
[0.160s] Level 1:colcon.colcon_core.package_identification:_identify(.) by extension 'ros'
[0.167s] Level 1:colcon.colcon_core.package_identification:_identify(.) by extensions ['cmake', 'python']
[0.167s] Level 1:colcon.colcon_core.package_identification:_identify(.) by extension 'cmake'
[0.167s] Level 1:colcon.colcon_core.package_identification:_identify(.) by extension 'python'
[0.167s] Level 1:colcon.colcon_core.package_identification:_identify(.) by extensions ['python_setup_py']
[0.167s] Level 1:colcon.colcon_core.package_identification:_identify(.) by extension 'python_setup_py'
[0.167s] Level 1:colcon.colcon_core.package_identification:_identify(build) by extensions ['ignore', 'ignore_ament_install']
[0.167s] Level 1:colcon.colcon_core.package_identification:_identify(build) by extension 'ignore'
[0.167s] Level 1:colcon.colcon_core.package_identification:_identify(build) ignored
[0.168s] Level 1:colcon.colcon_core.package_identification:_identify(install) by extensions ['ignore', 'ignore_ament_install']
[0.168s] Level 1:colcon.colcon_core.package_identification:_identify(install) by extension 'ignore'
[0.168s] Level 1:colcon.colcon_core.package_identification:_identify(install) ignored
[0.168s] Level 1:colcon.colcon_core.package_identification:_identify(log) by extensions ['ignore', 'ignore_ament_install']
[0.168s] Level 1:colcon.colcon_core.package_identification:_identify(log) by extension 'ignore'
[0.168s] Level 1:colcon.colcon_core.package_identification:_identify(log) ignored
[0.168s] Level 1:colcon.colcon_core.package_identification:_identify(src) by extensions ['ignore', 'ignore_ament_install']
[0.168s] Level 1:colcon.colcon_core.package_identification:_identify(src) by extension 'ignore'
[0.168s] Level 1:colcon.colcon_core.package_identification:_identify(src) by extension 'ignore_ament_install'
[0.168s] Level 1:colcon.colcon_core.package_identification:_identify(src) by extensions ['colcon_pkg']
[0.168s] Level 1:colcon.colcon_core.package_identification:_identify(src) by extension 'colcon_pkg'
[0.168s] Level 1:colcon.colcon_core.package_identification:_identify(src) by extensions ['colcon_meta']
[0.168s] Level 1:colcon.colcon_core.package_identification:_identify(src) by extension 'colcon_meta'
[0.168s] Level 1:colcon.colcon_core.package_identification:_identify(src) by extensions ['ros']
[0.168s] Level 1:colcon.colcon_core.package_identification:_identify(src) by extension 'ros'
[0.168s] Level 1:colcon.colcon_core.package_identification:_identify(src) by extensions ['cmake', 'python']
[0.168s] Level 1:colcon.colcon_core.package_identification:_identify(src) by extension 'cmake'
[0.168s] Level 1:colcon.colcon_core.package_identification:_identify(src) by extension 'python'
[0.168s] Level 1:colcon.colcon_core.package_identification:_identify(src) by extensions ['python_setup_py']
[0.168s] Level 1:colcon.colcon_core.package_identification:_identify(src) by extension 'python_setup_py'
[0.168s] Level 1:colcon.colcon_core.package_identification:_identify(src/RemoteControl) by extensions ['ignore', 'ignore_ament_install']
[0.168s] Level 1:colcon.colcon_core.package_identification:_identify(src/RemoteControl) by extension 'ignore'
[0.168s] Level 1:colcon.colcon_core.package_identification:_identify(src/RemoteControl) by extension 'ignore_ament_install'
[0.168s] Level 1:colcon.colcon_core.package_identification:_identify(src/RemoteControl) by extensions ['colcon_pkg']
[0.168s] Level 1:colcon.colcon_core.package_identification:_identify(src/RemoteControl) by extension 'colcon_pkg'
[0.168s] Level 1:colcon.colcon_core.package_identification:_identify(src/RemoteControl) by extensions ['colcon_meta']
[0.168s] Level 1:colcon.colcon_core.package_identification:_identify(src/RemoteControl) by extension 'colcon_meta'
[0.168s] Level 1:colcon.colcon_core.package_identification:_identify(src/RemoteControl) by extensions ['ros']
[0.168s] Level 1:colcon.colcon_core.package_identification:_identify(src/RemoteControl) by extension 'ros'
[0.170s] DEBUG:colcon.colcon_core.package_identification:Package 'src/RemoteControl' with type 'ros.ament_cmake' and name 'RemoteControl'
[0.170s] Level 1:colcon.colcon_core.package_identification:_identify(src/vida_interfaces) by extensions ['ignore', 'ignore_ament_install']
[0.170s] Level 1:colcon.colcon_core.package_identification:_identify(src/vida_interfaces) by extension 'ignore'
[0.170s] Level 1:colcon.colcon_core.package_identification:_identify(src/vida_interfaces) by extension 'ignore_ament_install'
[0.170s] Level 1:colcon.colcon_core.package_identification:_identify(src/vida_interfaces) by extensions ['colcon_pkg']
[0.170s] Level 1:colcon.colcon_core.package_identification:_identify(src/vida_interfaces) by extension 'colcon_pkg'
[0.170s] Level 1:colcon.colcon_core.package_identification:_identify(src/vida_interfaces) by extensions ['colcon_meta']
[0.170s] Level 1:colcon.colcon_core.package_identification:_identify(src/vida_interfaces) by extension 'colcon_meta'
[0.170s] Level 1:colcon.colcon_core.package_identification:_identify(src/vida_interfaces) by extensions ['ros']
[0.170s] Level 1:colcon.colcon_core.package_identification:_identify(src/vida_interfaces) by extension 'ros'
[0.171s] DEBUG:colcon.colcon_core.package_identification:Package 'src/vida_interfaces' with type 'ros.ament_cmake' and name 'vida_interfaces'
[0.171s] Level 1:colcon.colcon_core.package_discovery:discover_packages(recursive) using defaults
[0.171s] Level 1:colcon.colcon_core.package_discovery:discover_packages(ignore) discover
[0.171s] Level 1:colcon.colcon_core.package_discovery:discover_packages(ignore) using defaults
[0.171s] Level 1:colcon.colcon_core.package_discovery:discover_packages(path) discover
[0.171s] Level 1:colcon.colcon_core.package_discovery:discover_packages(path) using defaults
[0.184s] Level 1:colcon.colcon_core.package_discovery:discover_packages(prefix_path) check parameters
[0.184s] Level 1:colcon.colcon_core.package_discovery:discover_packages(prefix_path) discover
[0.185s] DEBUG:colcon.colcon_installed_package_information.package_discovery:Found 2 installed packages in /home/whilker/Documents/Vida/install
[0.186s] DEBUG:colcon.colcon_installed_package_information.package_discovery:Found 270 installed packages in /opt/ros/humble
[0.187s] Level 1:colcon.colcon_core.package_discovery:discover_packages(prefix_path) using defaults
[0.211s] Level 5:colcon.colcon_core.verb:set package 'vida_interfaces' build argument 'cmake_args' from command line to 'None'
[0.211s] Level 5:colcon.colcon_core.verb:set package 'vida_interfaces' build argument 'cmake_target' from command line to 'None'
[0.211s] Level 5:colcon.colcon_core.verb:set package 'vida_interfaces' build argument 'cmake_target_skip_unavailable' from command line to 'False'
[0.211s] Level 5:colcon.colcon_core.verb:set package 'vida_interfaces' build argument 'cmake_clean_cache' from command line to 'False'
[0.211s] Level 5:colcon.colcon_core.verb:set package 'vida_interfaces' build argument 'cmake_clean_first' from command line to 'False'
[0.211s] Level 5:colcon.colcon_core.verb:set package 'vida_interfaces' build argument 'cmake_force_configure' from command line to 'False'
[0.211s] Level 5:colcon.colcon_core.verb:set package 'vida_interfaces' build argument 'ament_cmake_args' from command line to 'None'
[0.211s] Level 5:colcon.colcon_core.verb:set package 'vida_interfaces' build argument 'catkin_cmake_args' from command line to 'None'
[0.211s] Level 5:colcon.colcon_core.verb:set package 'vida_interfaces' build argument 'catkin_skip_building_tests' from command line to 'False'
[0.211s] DEBUG:colcon.colcon_core.verb:Building package 'vida_interfaces' with the following arguments: {'ament_cmake_args': None, 'build_base': '/home/whilker/Documents/Vida/build/vida_interfaces', 'catkin_cmake_args': None, 'catkin_skip_building_tests': False, 'cmake_args': None, 'cmake_clean_cache': False, 'cmake_clean_first': False, 'cmake_force_configure': False, 'cmake_target': None, 'cmake_target_skip_unavailable': False, 'install_base': '/home/whilker/Documents/Vida/install/vida_interfaces', 'merge_install': False, 'path': '/home/whilker/Documents/Vida/src/vida_interfaces', 'symlink_install': False, 'test_result_base': None}
[0.211s] Level 5:colcon.colcon_core.verb:set package 'RemoteControl' build argument 'cmake_args' from command line to 'None'
[0.211s] Level 5:colcon.colcon_core.verb:set package 'RemoteControl' build argument 'cmake_target' from command line to 'None'
[0.211s] Level 5:colcon.colcon_core.verb:set package 'RemoteControl' build argument 'cmake_target_skip_unavailable' from command line to 'False'
[0.211s] Level 5:colcon.colcon_core.verb:set package 'RemoteControl' build argument 'cmake_clean_cache' from command line to 'False'
[0.211s] Level 5:colcon.colcon_core.verb:set package 'RemoteControl' build argument 'cmake_clean_first' from command line to 'False'
[0.211s] Level 5:colcon.colcon_core.verb:set package 'RemoteControl' build argument 'cmake_force_configure' from command line to 'False'
[0.211s] Level 5:colcon.colcon_core.verb:set package 'RemoteControl' build argument 'ament_cmake_args' from command line to 'None'
[0.211s] Level 5:colcon.colcon_core.verb:set package 'RemoteControl' build argument 'catkin_cmake_args' from command line to 'None'
[0.211s] Level 5:colcon.colcon_core.verb:set package 'RemoteControl' build argument 'catkin_skip_building_tests' from command line to 'False'
[0.212s] DEBUG:colcon.colcon_core.verb:Building package 'RemoteControl' with the following arguments: {'ament_cmake_args': None, 'build_base': '/home/whilker/Documents/Vida/build/RemoteControl', 'catkin_cmake_args': None, 'catkin_skip_building_tests': False, 'cmake_args': None, 'cmake_clean_cache': False, 'cmake_clean_first': False, 'cmake_force_configure': False, 'cmake_target': None, 'cmake_target_skip_unavailable': False, 'install_base': '/home/whilker/Documents/Vida/install/RemoteControl', 'merge_install': False, 'path': '/home/whilker/Documents/Vida/src/RemoteControl', 'symlink_install': False, 'test_result_base': None}
[0.212s] INFO:colcon.colcon_core.executor:Executing jobs using 'parallel' executor
[0.212s] DEBUG:colcon.colcon_parallel_executor.executor.parallel:run_until_complete
[0.212s] INFO:colcon.colcon_ros.task.ament_cmake.build:Building ROS package in '/home/whilker/Documents/Vida/src/vida_interfaces' with build type 'ament_cmake'
[0.213s] INFO:colcon.colcon_cmake.task.cmake.build:Building CMake package in '/home/whilker/Documents/Vida/src/vida_interfaces'
[0.214s] INFO:colcon.colcon_core.plugin_system:Skipping extension 'colcon_core.shell.bat': Not used on non-Windows systems
[0.214s] INFO:colcon.colcon_core.shell:Skip shell extension 'powershell' for command environment: Not usable outside of PowerShell
[0.214s] DEBUG:colcon.colcon_core.shell:Skip shell extension 'dsv' for command environment
[0.221s] DEBUG:colcon.colcon_core.event_handler.log_command:Invoking command in '/home/whilker/Documents/Vida/build/vida_interfaces': CMAKE_PREFIX_PATH=${CMAKE_PREFIX_PATH}:/opt/ros/humble /usr/bin/cmake --build /home/whilker/Documents/Vida/build/vida_interfaces -- -j8 -l8
[0.507s] DEBUG:colcon.colcon_core.event_handler.log_command:Invoked command in '/home/whilker/Documents/Vida/build/vida_interfaces' returned '0': CMAKE_PREFIX_PATH=${CMAKE_PREFIX_PATH}:/opt/ros/humble /usr/bin/cmake --build /home/whilker/Documents/Vida/build/vida_interfaces -- -j8 -l8
[0.553s] DEBUG:colcon.colcon_core.event_handler.log_command:Invoking command in '/home/whilker/Documents/Vida/build/vida_interfaces': CMAKE_PREFIX_PATH=${CMAKE_PREFIX_PATH}:/opt/ros/humble /usr/bin/cmake --install /home/whilker/Documents/Vida/build/vida_interfaces
[0.601s] Level 1:colcon.colcon_core.environment:create_environment_scripts_only(vida_interfaces)
[0.601s] DEBUG:colcon.colcon_core.event_handler.log_command:Invoked command in '/home/whilker/Documents/Vida/build/vida_interfaces' returned '0': CMAKE_PREFIX_PATH=${CMAKE_PREFIX_PATH}:/opt/ros/humble /usr/bin/cmake --install /home/whilker/Documents/Vida/build/vida_interfaces
[0.604s] Level 1:colcon.colcon_core.environment:checking '/home/whilker/Documents/Vida/install/vida_interfaces' for CMake module files
[0.604s] Level 1:colcon.colcon_core.environment:checking '/home/whilker/Documents/Vida/install/vida_interfaces' for CMake config files
[0.605s] Level 1:colcon.colcon_core.shell:create_environment_hook('vida_interfaces', 'cmake_prefix_path')
[0.605s] INFO:colcon.colcon_core.shell:Creating environment hook '/home/whilker/Documents/Vida/install/vida_interfaces/share/vida_interfaces/hook/cmake_prefix_path.ps1'
[0.606s] INFO:colcon.colcon_core.shell:Creating environment descriptor '/home/whilker/Documents/Vida/install/vida_interfaces/share/vida_interfaces/hook/cmake_prefix_path.dsv'
[0.606s] INFO:colcon.colcon_core.shell:Creating environment hook '/home/whilker/Documents/Vida/install/vida_interfaces/share/vida_interfaces/hook/cmake_prefix_path.sh'
[0.607s] Level 1:colcon.colcon_core.environment:checking '/home/whilker/Documents/Vida/install/vida_interfaces/lib'
[0.608s] Level 1:colcon.colcon_core.shell:create_environment_hook('vida_interfaces', 'ld_library_path_lib')
[0.608s] INFO:colcon.colcon_core.shell:Creating environment hook '/home/whilker/Documents/Vida/install/vida_interfaces/share/vida_interfaces/hook/ld_library_path_lib.ps1'
[0.608s] INFO:colcon.colcon_core.shell:Creating environment descriptor '/home/whilker/Documents/Vida/install/vida_interfaces/share/vida_interfaces/hook/ld_library_path_lib.dsv'
[0.608s] INFO:colcon.colcon_core.shell:Creating environment hook '/home/whilker/Documents/Vida/install/vida_interfaces/share/vida_interfaces/hook/ld_library_path_lib.sh'
[0.609s] Level 1:colcon.colcon_core.environment:checking '/home/whilker/Documents/Vida/install/vida_interfaces/bin'
[0.609s] Level 1:colcon.colcon_core.environment:checking '/home/whilker/Documents/Vida/install/vida_interfaces/lib/pkgconfig/vida_interfaces.pc'
[0.609s] Level 1:colcon.colcon_core.environment:checking '/home/whilker/Documents/Vida/install/vida_interfaces/lib/python3.10/site-packages'
[0.609s] Level 1:colcon.colcon_core.environment:checking '/home/whilker/Documents/Vida/install/vida_interfaces/bin'
[0.610s] INFO:colcon.colcon_core.shell:Creating package script '/home/whilker/Documents/Vida/install/vida_interfaces/share/vida_interfaces/package.ps1'
[0.610s] INFO:colcon.colcon_core.shell:Creating package descriptor '/home/whilker/Documents/Vida/install/vida_interfaces/share/vida_interfaces/package.dsv'
[0.611s] INFO:colcon.colcon_core.shell:Creating package script '/home/whilker/Documents/Vida/install/vida_interfaces/share/vida_interfaces/package.sh'
[0.612s] INFO:colcon.colcon_core.shell:Creating package script '/home/whilker/Documents/Vida/install/vida_interfaces/share/vida_interfaces/package.bash'
[0.613s] INFO:colcon.colcon_core.shell:Creating package script '/home/whilker/Documents/Vida/install/vida_interfaces/share/vida_interfaces/package.zsh'
[0.613s] Level 1:colcon.colcon_core.environment:create_file_with_runtime_dependencies(/home/whilker/Documents/Vida/install/vida_interfaces/share/colcon-core/packages/vida_interfaces)
[0.655s] Level 1:colcon.colcon_core.environment:create_environment_scripts_only(vida_interfaces)
[0.656s] Level 1:colcon.colcon_core.environment:checking '/home/whilker/Documents/Vida/install/vida_interfaces' for CMake module files
[0.656s] Level 1:colcon.colcon_core.environment:checking '/home/whilker/Documents/Vida/install/vida_interfaces' for CMake config files
[0.657s] Level 1:colcon.colcon_core.shell:create_environment_hook('vida_interfaces', 'cmake_prefix_path')
[0.657s] INFO:colcon.colcon_core.shell:Creating environment hook '/home/whilker/Documents/Vida/install/vida_interfaces/share/vida_interfaces/hook/cmake_prefix_path.ps1'
[0.658s] INFO:colcon.colcon_core.shell:Creating environment descriptor '/home/whilker/Documents/Vida/install/vida_interfaces/share/vida_interfaces/hook/cmake_prefix_path.dsv'
[0.658s] INFO:colcon.colcon_core.shell:Creating environment hook '/home/whilker/Documents/Vida/install/vida_interfaces/share/vida_interfaces/hook/cmake_prefix_path.sh'
[0.659s] Level 1:colcon.colcon_core.environment:checking '/home/whilker/Documents/Vida/install/vida_interfaces/lib'
[0.659s] Level 1:colcon.colcon_core.shell:create_environment_hook('vida_interfaces', 'ld_library_path_lib')
[0.659s] INFO:colcon.colcon_core.shell:Creating environment hook '/home/whilker/Documents/Vida/install/vida_interfaces/share/vida_interfaces/hook/ld_library_path_lib.ps1'
[0.660s] INFO:colcon.colcon_core.shell:Creating environment descriptor '/home/whilker/Documents/Vida/install/vida_interfaces/share/vida_interfaces/hook/ld_library_path_lib.dsv'
[0.660s] INFO:colcon.colcon_core.shell:Creating environment hook '/home/whilker/Documents/Vida/install/vida_interfaces/share/vida_interfaces/hook/ld_library_path_lib.sh'
[0.660s] Level 1:colcon.colcon_core.environment:checking '/home/whilker/Documents/Vida/install/vida_interfaces/bin'
[0.660s] Level 1:colcon.colcon_core.environment:checking '/home/whilker/Documents/Vida/install/vida_interfaces/lib/pkgconfig/vida_interfaces.pc'
[0.661s] Level 1:colcon.colcon_core.environment:checking '/home/whilker/Documents/Vida/install/vida_interfaces/lib/python3.10/site-packages'
[0.661s] Level 1:colcon.colcon_core.environment:checking '/home/whilker/Documents/Vida/install/vida_interfaces/bin'
[0.661s] INFO:colcon.colcon_core.shell:Creating package script '/home/whilker/Documents/Vida/install/vida_interfaces/share/vida_interfaces/package.ps1'
[0.662s] INFO:colcon.colcon_core.shell:Creating package descriptor '/home/whilker/Documents/Vida/install/vida_interfaces/share/vida_interfaces/package.dsv'
[0.662s] INFO:colcon.colcon_core.shell:Creating package script '/home/whilker/Documents/Vida/install/vida_interfaces/share/vida_interfaces/package.sh'
[0.663s] INFO:colcon.colcon_core.shell:Creating package script '/home/whilker/Documents/Vida/install/vida_interfaces/share/vida_interfaces/package.bash'
[0.664s] INFO:colcon.colcon_core.shell:Creating package script '/home/whilker/Documents/Vida/install/vida_interfaces/share/vida_interfaces/package.zsh'
[0.664s] Level 1:colcon.colcon_core.environment:create_file_with_runtime_dependencies(/home/whilker/Documents/Vida/install/vida_interfaces/share/colcon-core/packages/vida_interfaces)
[0.664s] INFO:colcon.colcon_ros.task.ament_cmake.build:Building ROS package in '/home/whilker/Documents/Vida/src/RemoteControl' with build type 'ament_cmake'
[0.665s] INFO:colcon.colcon_cmake.task.cmake.build:Building CMake package in '/home/whilker/Documents/Vida/src/RemoteControl'
[0.665s] INFO:colcon.colcon_core.shell:Skip shell extension 'powershell' for command environment: Not usable outside of PowerShell
[0.665s] DEBUG:colcon.colcon_core.shell:Skip shell extension 'dsv' for command environment
[0.675s] DEBUG:colcon.colcon_core.event_handler.log_command:Invoking command in '/home/whilker/Documents/Vida/build/RemoteControl': CMAKE_PREFIX_PATH=/home/whilker/Documents/Vida/install/vida_interfaces:/home/whilker/Documents/Vida/install/RemoteControl:/opt/ros/humble /usr/bin/cmake --build /home/whilker/Documents/Vida/build/RemoteControl -- -j8 -l8
[0.729s] DEBUG:colcon.colcon_core.event_handler.log_command:Invoked command in '/home/whilker/Documents/Vida/build/RemoteControl' returned '0': CMAKE_PREFIX_PATH=/home/whilker/Documents/Vida/install/vida_interfaces:/home/whilker/Documents/Vida/install/RemoteControl:/opt/ros/humble /usr/bin/cmake --build /home/whilker/Documents/Vida/build/RemoteControl -- -j8 -l8
[0.747s] DEBUG:colcon.colcon_core.event_handler.log_command:Invoking command in '/home/whilker/Documents/Vida/build/RemoteControl': CMAKE_PREFIX_PATH=/home/whilker/Documents/Vida/install/vida_interfaces:/home/whilker/Documents/Vida/install/RemoteControl:/opt/ros/humble /usr/bin/cmake --install /home/whilker/Documents/Vida/build/RemoteControl
[0.754s] Level 1:colcon.colcon_core.environment:create_environment_scripts_only(RemoteControl)
[0.754s] Level 1:colcon.colcon_core.environment:checking '/home/whilker/Documents/Vida/install/RemoteControl' for CMake module files
[0.755s] DEBUG:colcon.colcon_core.event_handler.log_command:Invoked command in '/home/whilker/Documents/Vida/build/RemoteControl' returned '0': CMAKE_PREFIX_PATH=/home/whilker/Documents/Vida/install/vida_interfaces:/home/whilker/Documents/Vida/install/RemoteControl:/opt/ros/humble /usr/bin/cmake --install /home/whilker/Documents/Vida/build/RemoteControl
[0.755s] Level 1:colcon.colcon_core.environment:checking '/home/whilker/Documents/Vida/install/RemoteControl' for CMake config files
[0.755s] Level 1:colcon.colcon_core.shell:create_environment_hook('RemoteControl', 'cmake_prefix_path')
[0.755s] INFO:colcon.colcon_core.shell:Creating environment hook '/home/whilker/Documents/Vida/install/RemoteControl/share/RemoteControl/hook/cmake_prefix_path.ps1'
[0.756s] INFO:colcon.colcon_core.shell:Creating environment descriptor '/home/whilker/Documents/Vida/install/RemoteControl/share/RemoteControl/hook/cmake_prefix_path.dsv'
[0.756s] INFO:colcon.colcon_core.shell:Creating environment hook '/home/whilker/Documents/Vida/install/RemoteControl/share/RemoteControl/hook/cmake_prefix_path.sh'
[0.756s] Level 1:colcon.colcon_core.environment:checking '/home/whilker/Documents/Vida/install/RemoteControl/lib'
[0.756s] Level 1:colcon.colcon_core.environment:checking '/home/whilker/Documents/Vida/install/RemoteControl/bin'
[0.756s] Level 1:colcon.colcon_core.environment:checking '/home/whilker/Documents/Vida/install/RemoteControl/lib/pkgconfig/RemoteControl.pc'
[0.756s] Level 1:colcon.colcon_core.environment:checking '/home/whilker/Documents/Vida/install/RemoteControl/lib/python3.10/site-packages'
[0.756s] Level 1:colcon.colcon_core.environment:checking '/home/whilker/Documents/Vida/install/RemoteControl/bin'
[0.757s] INFO:colcon.colcon_core.shell:Creating package script '/home/whilker/Documents/Vida/install/RemoteControl/share/RemoteControl/package.ps1'
[0.757s] INFO:colcon.colcon_core.shell:Creating package descriptor '/home/whilker/Documents/Vida/install/RemoteControl/share/RemoteControl/package.dsv'
[0.757s] INFO:colcon.colcon_core.shell:Creating package script '/home/whilker/Documents/Vida/install/RemoteControl/share/RemoteControl/package.sh'
[0.757s] INFO:colcon.colcon_core.shell:Creating package script '/home/whilker/Documents/Vida/install/RemoteControl/share/RemoteControl/package.bash'
[0.758s] INFO:colcon.colcon_core.shell:Creating package script '/home/whilker/Documents/Vida/install/RemoteControl/share/RemoteControl/package.zsh'
[0.758s] Level 1:colcon.colcon_core.environment:create_file_with_runtime_dependencies(/home/whilker/Documents/Vida/install/RemoteControl/share/colcon-core/packages/RemoteControl)
[0.775s] Level 1:colcon.colcon_core.environment:create_environment_scripts_only(RemoteControl)
[0.776s] Level 1:colcon.colcon_core.environment:checking '/home/whilker/Documents/Vida/install/RemoteControl' for CMake module files
[0.776s] Level 1:colcon.colcon_core.environment:checking '/home/whilker/Documents/Vida/install/RemoteControl' for CMake config files
[0.777s] Level 1:colcon.colcon_core.shell:create_environment_hook('RemoteControl', 'cmake_prefix_path')
[0.777s] INFO:colcon.colcon_core.shell:Creating environment hook '/home/whilker/Documents/Vida/install/RemoteControl/share/RemoteControl/hook/cmake_prefix_path.ps1'
[0.777s] INFO:colcon.colcon_core.shell:Creating environment descriptor '/home/whilker/Documents/Vida/install/RemoteControl/share/RemoteControl/hook/cmake_prefix_path.dsv'
[0.778s] INFO:colcon.colcon_core.shell:Creating environment hook '/home/whilker/Documents/Vida/install/RemoteControl/share/RemoteControl/hook/cmake_prefix_path.sh'
[0.778s] Level 1:colcon.colcon_core.environment:checking '/home/whilker/Documents/Vida/install/RemoteControl/lib'
[0.778s] Level 1:colcon.colcon_core.environment:checking '/home/whilker/Documents/Vida/install/RemoteControl/bin'
[0.778s] Level 1:colcon.colcon_core.environment:checking '/home/whilker/Documents/Vida/install/RemoteControl/lib/pkgconfig/RemoteControl.pc'
[0.779s] Level 1:colcon.colcon_core.environment:checking '/home/whilker/Documents/Vida/install/RemoteControl/lib/python3.10/site-packages'
[0.779s] Level 1:colcon.colcon_core.environment:checking '/home/whilker/Documents/Vida/install/RemoteControl/bin'
[0.779s] INFO:colcon.colcon_core.shell:Creating package script '/home/whilker/Documents/Vida/install/RemoteControl/share/RemoteControl/package.ps1'
[0.780s] INFO:colcon.colcon_core.shell:Creating package descriptor '/home/whilker/Documents/Vida/install/RemoteControl/share/RemoteControl/package.dsv'
[0.780s] INFO:colcon.colcon_core.shell:Creating package script '/home/whilker/Documents/Vida/install/RemoteControl/share/RemoteControl/package.sh'
[0.780s] INFO:colcon.colcon_core.shell:Creating package script '/home/whilker/Documents/Vida/install/RemoteControl/share/RemoteControl/package.bash'
[0.781s] INFO:colcon.colcon_core.shell:Creating package script '/home/whilker/Documents/Vida/install/RemoteControl/share/RemoteControl/package.zsh'
[0.781s] Level 1:colcon.colcon_core.environment:create_file_with_runtime_dependencies(/home/whilker/Documents/Vida/install/RemoteControl/share/colcon-core/packages/RemoteControl)
[0.781s] DEBUG:colcon.colcon_parallel_executor.executor.parallel:closing loop
[0.782s] DEBUG:colcon.colcon_parallel_executor.executor.parallel:loop closed
[0.782s] DEBUG:colcon.colcon_parallel_executor.executor.parallel:run_until_complete finished with '0'
[0.782s] DEBUG:colcon.colcon_core.event_reactor:joining thread
[0.793s] INFO:colcon.colcon_core.plugin_system:Skipping extension 'colcon_notification.desktop_notification.terminal_notifier': Not used on non-Darwin systems
[0.793s] INFO:colcon.colcon_core.plugin_system:Skipping extension 'colcon_notification.desktop_notification.win32': Not used on non-Windows systems
[0.793s] INFO:colcon.colcon_notification.desktop_notification:Sending desktop notification using 'notify2'
[0.801s] DEBUG:colcon.colcon_core.event_reactor:joined thread
[0.801s] INFO:colcon.colcon_core.shell:Creating prefix script '/home/whilker/Documents/Vida/install/local_setup.ps1'
[0.802s] INFO:colcon.colcon_core.shell:Creating prefix util module '/home/whilker/Documents/Vida/install/_local_setup_util_ps1.py'
[0.804s] INFO:colcon.colcon_core.shell:Creating prefix chain script '/home/whilker/Documents/Vida/install/setup.ps1'
[0.805s] INFO:colcon.colcon_core.shell:Creating prefix script '/home/whilker/Documents/Vida/install/local_setup.sh'
[0.806s] INFO:colcon.colcon_core.shell:Creating prefix util module '/home/whilker/Documents/Vida/install/_local_setup_util_sh.py'
[0.806s] INFO:colcon.colcon_core.shell:Creating prefix chain script '/home/whilker/Documents/Vida/install/setup.sh'
[0.808s] INFO:colcon.colcon_core.shell:Creating prefix script '/home/whilker/Documents/Vida/install/local_setup.bash'
[0.808s] INFO:colcon.colcon_core.shell:Creating prefix chain script '/home/whilker/Documents/Vida/install/setup.bash'
[0.809s] INFO:colcon.colcon_core.shell:Creating prefix script '/home/whilker/Documents/Vida/install/local_setup.zsh'
[0.810s] INFO:colcon.colcon_core.shell:Creating prefix chain script '/home/whilker/Documents/Vida/install/setup.zsh'
