[0.007s] Invoking command in '/home/whilker/Documents/Vida/Ros/build/control_pkg': CMAKE_PREFIX_PATH=/home/whilker/Documents/Vida/Ros/install/vida_interfaces:/home/whilker/Documents/Vida/Ros/install/RemoteControl:/opt/ros/humble /usr/bin/cmake /home/whilker/Documents/Vida/Ros/src/control_pkg -DCMAKE_INSTALL_PREFIX=/home/whilker/Documents/Vida/Ros/install/control_pkg
[0.016s] -- Found ament_cmake: 1.3.9 (/opt/ros/humble/share/ament_cmake/cmake)
[0.104s] -- Found rclcpp: 16.0.9 (/opt/ros/humble/share/rclcpp/cmake)
[0.122s] -- Found rosidl_generator_c: 3.1.5 (/opt/ros/humble/share/rosidl_generator_c/cmake)
[0.123s] -- Found rosidl_adapter: 3.1.5 (/opt/ros/humble/share/rosidl_adapter/cmake)
[0.127s] -- Found rosidl_generator_cpp: 3.1.5 (/opt/ros/humble/share/rosidl_generator_cpp/cmake)
[0.134s] -- Using all available rosidl_typesupport_c: rosidl_typesupport_fastrtps_c;rosidl_typesupport_introspection_c
[0.144s] -- Using all available rosidl_typesupport_cpp: rosidl_typesupport_fastrtps_cpp;rosidl_typesupport_introspection_cpp
[0.183s] -- Found rmw_implementation_cmake: 6.1.2 (/opt/ros/humble/share/rmw_implementation_cmake/cmake)
[0.183s] -- Found rmw_fastrtps_cpp: 6.2.6 (/opt/ros/humble/share/rmw_fastrtps_cpp/cmake)
[0.262s] -- Using RMW implementation 'rmw_fastrtps_cpp' as default
[0.364s] -- Found vida_interfaces: 0.0.0 (/home/whilker/Documents/Vida/Ros/install/vida_interfaces/share/vida_interfaces/cmake)
[0.419s] -- Configuring done
[0.421s] [31mCMake Error at CMakeLists.txt:13 (add_executable):
[0.421s]   Cannot find source file:
[0.421s] 
[0.421s]     ../../../../Utils/UDP/UDP.cpp
[0.421s] 
[0.421s]   Tried extensions .c .C .c++ .cc .cpp .cxx .cu .mpp .m .M .mm .ixx .cppm .h
[0.421s]   .hh .h++ .hm .hpp .hxx .in .txx .f .F .for .f77 .f90 .f95 .f03 .hip .ispc
[0.421s] 
[0.421s] [0m
[0.421s] [31mCMake Error at CMakeLists.txt:13 (add_executable):
[0.421s]   No SOURCES given to target: remote_control
[0.422s] 
[0.422s] [0m
[0.422s] [0mCMake Generate step failed.  Build files cannot be regenerated correctly.[0m
[0.427s] Invoked command in '/home/whilker/Documents/Vida/Ros/build/control_pkg' returned '1': CMAKE_PREFIX_PATH=/home/whilker/Documents/Vida/Ros/install/vida_interfaces:/home/whilker/Documents/Vida/Ros/install/RemoteControl:/opt/ros/humble /usr/bin/cmake /home/whilker/Documents/Vida/Ros/src/control_pkg -DCMAKE_INSTALL_PREFIX=/home/whilker/Documents/Vida/Ros/install/control_pkg
