[0.010s] Invoking command in '/home/whilker/Documents/Vida/Ros/build/control_pkg': CMAKE_PREFIX_PATH=/home/whilker/Documents/Vida/Ros/install/vida_interfaces:/home/whilker/Documents/Vida/Ros/install/control_pkg:/opt/ros/humble /usr/bin/cmake --build /home/whilker/Documents/Vida/Ros/build/control_pkg -- -j8 -l8
[0.027s] -- Found ament_cmake: 1.3.9 (/opt/ros/humble/share/ament_cmake/cmake)
[0.111s] -- Found rclcpp: 16.0.9 (/opt/ros/humble/share/rclcpp/cmake)
[0.131s] -- Found rosidl_generator_c: 3.1.5 (/opt/ros/humble/share/rosidl_generator_c/cmake)
[0.132s] -- Found rosidl_adapter: 3.1.5 (/opt/ros/humble/share/rosidl_adapter/cmake)
[0.136s] -- Found rosidl_generator_cpp: 3.1.5 (/opt/ros/humble/share/rosidl_generator_cpp/cmake)
[0.144s] -- Using all available rosidl_typesupport_c: rosidl_typesupport_fastrtps_c;rosidl_typesupport_introspection_c
[0.154s] -- Using all available rosidl_typesupport_cpp: rosidl_typesupport_fastrtps_cpp;rosidl_typesupport_introspection_cpp
[0.189s] -- Found rmw_implementation_cmake: 6.1.2 (/opt/ros/humble/share/rmw_implementation_cmake/cmake)
[0.189s] -- Found rmw_fastrtps_cpp: 6.2.6 (/opt/ros/humble/share/rmw_fastrtps_cpp/cmake)
[0.265s] -- Using RMW implementation 'rmw_fastrtps_cpp' as default
[0.367s] -- Found vida_interfaces: 0.0.0 (/home/whilker/Documents/Vida/Ros/install/vida_interfaces/share/vida_interfaces/cmake)
[0.420s] -- Configuring done
[0.437s] -- Generating done
[0.438s] -- Build files have been written to: /home/whilker/Documents/Vida/Ros/build/control_pkg
[0.460s] [35m[1mConsolidate compiler generated dependencies of target remote_control[0m
[0.467s] [ 20%] [32mBuilding CXX object CMakeFiles/record.dir/src/Record/Record.cpp.o[0m
[0.475s] [ 40%] [32mBuilding CXX object CMakeFiles/remote_control.dir/src/RemoteControlPublisher/RemoteControlPublisher.cpp.o[0m
[3.529s] [ 60%] [32m[1mLinking CXX executable remote_control[0m
[3.719s] [ 80%] Built target remote_control
[6.145s] [100%] [32m[1mLinking CXX executable record[0m
[6.402s] [100%] Built target record
[6.410s] Invoked command in '/home/whilker/Documents/Vida/Ros/build/control_pkg' returned '0': CMAKE_PREFIX_PATH=/home/whilker/Documents/Vida/Ros/install/vida_interfaces:/home/whilker/Documents/Vida/Ros/install/control_pkg:/opt/ros/humble /usr/bin/cmake --build /home/whilker/Documents/Vida/Ros/build/control_pkg -- -j8 -l8
[6.442s] Invoking command in '/home/whilker/Documents/Vida/Ros/build/control_pkg': CMAKE_PREFIX_PATH=/home/whilker/Documents/Vida/Ros/install/vida_interfaces:/home/whilker/Documents/Vida/Ros/install/control_pkg:/opt/ros/humble /usr/bin/cmake --install /home/whilker/Documents/Vida/Ros/build/control_pkg
[6.449s] -- Install configuration: ""
[6.449s] -- Installing: /home/whilker/Documents/Vida/Ros/install/control_pkg/lib/control_pkg/record
[6.452s] -- Set runtime path of "/home/whilker/Documents/Vida/Ros/install/control_pkg/lib/control_pkg/record" to ""
[6.454s] -- Installing: /home/whilker/Documents/Vida/Ros/install/control_pkg/lib/control_pkg/remote_control
[6.454s] -- Set runtime path of "/home/whilker/Documents/Vida/Ros/install/control_pkg/lib/control_pkg/remote_control" to ""
[6.454s] -- Up-to-date: /home/whilker/Documents/Vida/Ros/install/control_pkg/share/ament_index/resource_index/package_run_dependencies/control_pkg
[6.455s] -- Installing: /home/whilker/Documents/Vida/Ros/install/control_pkg/share/ament_index/resource_index/parent_prefix_path/control_pkg
[6.455s] -- Up-to-date: /home/whilker/Documents/Vida/Ros/install/control_pkg/share/control_pkg/environment/ament_prefix_path.sh
[6.455s] -- Installing: /home/whilker/Documents/Vida/Ros/install/control_pkg/share/control_pkg/environment/ament_prefix_path.dsv
[6.455s] -- Up-to-date: /home/whilker/Documents/Vida/Ros/install/control_pkg/share/control_pkg/environment/path.sh
[6.455s] -- Installing: /home/whilker/Documents/Vida/Ros/install/control_pkg/share/control_pkg/environment/path.dsv
[6.455s] -- Up-to-date: /home/whilker/Documents/Vida/Ros/install/control_pkg/share/control_pkg/local_setup.bash
[6.455s] -- Up-to-date: /home/whilker/Documents/Vida/Ros/install/control_pkg/share/control_pkg/local_setup.sh
[6.455s] -- Up-to-date: /home/whilker/Documents/Vida/Ros/install/control_pkg/share/control_pkg/local_setup.zsh
[6.455s] -- Installing: /home/whilker/Documents/Vida/Ros/install/control_pkg/share/control_pkg/local_setup.dsv
[6.455s] -- Installing: /home/whilker/Documents/Vida/Ros/install/control_pkg/share/control_pkg/package.dsv
[6.455s] -- Up-to-date: /home/whilker/Documents/Vida/Ros/install/control_pkg/share/ament_index/resource_index/packages/control_pkg
[6.455s] -- Up-to-date: /home/whilker/Documents/Vida/Ros/install/control_pkg/share/control_pkg/cmake/control_pkgConfig.cmake
[6.456s] -- Up-to-date: /home/whilker/Documents/Vida/Ros/install/control_pkg/share/control_pkg/cmake/control_pkgConfig-version.cmake
[6.456s] -- Up-to-date: /home/whilker/Documents/Vida/Ros/install/control_pkg/share/control_pkg/package.xml
[6.457s] Invoked command in '/home/whilker/Documents/Vida/Ros/build/control_pkg' returned '0': CMAKE_PREFIX_PATH=/home/whilker/Documents/Vida/Ros/install/vida_interfaces:/home/whilker/Documents/Vida/Ros/install/control_pkg:/opt/ros/humble /usr/bin/cmake --install /home/whilker/Documents/Vida/Ros/build/control_pkg
