[0.009s] Invoking command in '/home/whilker/Documents/Vida/build/RemoteControl': CMAKE_PREFIX_PATH=/home/whilker/Documents/Vida/install/vida_interfaces:/home/whilker/Documents/Vida/install/RemoteControl:/opt/ros/humble /usr/bin/cmake --build /home/whilker/Documents/Vida/build/RemoteControl -- -j8 -l8
[0.035s] [35m[1mConsolidate compiler generated dependencies of target remote_control[0m
[0.053s] [ 33%] [32mBuilding CXX object CMakeFiles/remote_control.dir/src/RemoteControlPublisher/RemoteControlPublisher.cpp.o[0m
[3.047s] [ 66%] [32m[1mLinking CXX executable remote_control[0m
[3.171s] [100%] Built target remote_control
[3.178s] Invoked command in '/home/whilker/Documents/Vida/build/RemoteControl' returned '0': CMAKE_PREFIX_PATH=/home/whilker/Documents/Vida/install/vida_interfaces:/home/whilker/Documents/Vida/install/RemoteControl:/opt/ros/humble /usr/bin/cmake --build /home/whilker/Documents/Vida/build/RemoteControl -- -j8 -l8
[3.200s] Invoking command in '/home/whilker/Documents/Vida/build/RemoteControl': CMAKE_PREFIX_PATH=/home/whilker/Documents/Vida/install/vida_interfaces:/home/whilker/Documents/Vida/install/RemoteControl:/opt/ros/humble /usr/bin/cmake --install /home/whilker/Documents/Vida/build/RemoteControl
[3.205s] -- Install configuration: ""
[3.205s] -- Installing: /home/whilker/Documents/Vida/install/RemoteControl/lib/RemoteControl/remote_control
[3.206s] -- Set runtime path of "/home/whilker/Documents/Vida/install/RemoteControl/lib/RemoteControl/remote_control" to ""
[3.206s] -- Up-to-date: /home/whilker/Documents/Vida/install/RemoteControl/share/ament_index/resource_index/package_run_dependencies/RemoteControl
[3.206s] -- Up-to-date: /home/whilker/Documents/Vida/install/RemoteControl/share/ament_index/resource_index/parent_prefix_path/RemoteControl
[3.207s] -- Up-to-date: /home/whilker/Documents/Vida/install/RemoteControl/share/RemoteControl/environment/ament_prefix_path.sh
[3.207s] -- Up-to-date: /home/whilker/Documents/Vida/install/RemoteControl/share/RemoteControl/environment/ament_prefix_path.dsv
[3.207s] -- Up-to-date: /home/whilker/Documents/Vida/install/RemoteControl/share/RemoteControl/environment/path.sh
[3.207s] -- Up-to-date: /home/whilker/Documents/Vida/install/RemoteControl/share/RemoteControl/environment/path.dsv
[3.207s] -- Up-to-date: /home/whilker/Documents/Vida/install/RemoteControl/share/RemoteControl/local_setup.bash
[3.207s] -- Up-to-date: /home/whilker/Documents/Vida/install/RemoteControl/share/RemoteControl/local_setup.sh
[3.207s] -- Up-to-date: /home/whilker/Documents/Vida/install/RemoteControl/share/RemoteControl/local_setup.zsh
[3.207s] -- Up-to-date: /home/whilker/Documents/Vida/install/RemoteControl/share/RemoteControl/local_setup.dsv
[3.207s] -- Installing: /home/whilker/Documents/Vida/install/RemoteControl/share/RemoteControl/package.dsv
[3.207s] -- Up-to-date: /home/whilker/Documents/Vida/install/RemoteControl/share/ament_index/resource_index/packages/RemoteControl
[3.207s] -- Up-to-date: /home/whilker/Documents/Vida/install/RemoteControl/share/RemoteControl/cmake/RemoteControlConfig.cmake
[3.207s] -- Up-to-date: /home/whilker/Documents/Vida/install/RemoteControl/share/RemoteControl/cmake/RemoteControlConfig-version.cmake
[3.207s] -- Up-to-date: /home/whilker/Documents/Vida/install/RemoteControl/share/RemoteControl/package.xml
[3.208s] Invoked command in '/home/whilker/Documents/Vida/build/RemoteControl' returned '0': CMAKE_PREFIX_PATH=/home/whilker/Documents/Vida/install/vida_interfaces:/home/whilker/Documents/Vida/install/RemoteControl:/opt/ros/humble /usr/bin/cmake --install /home/whilker/Documents/Vida/build/RemoteControl
