[0.009s] Invoking command in '/home/whilker/Documents/Vida/build/RemoteControl': CMAKE_PREFIX_PATH=/home/whilker/Documents/Vida/install/vida_interfaces:/home/whilker/Documents/Vida/install/RemoteControl:/opt/ros/humble /usr/bin/cmake --build /home/whilker/Documents/Vida/build/RemoteControl -- -j8 -l8
[0.044s] [ 33%] [32mBuilding CXX object CMakeFiles/remote_control.dir/src/RemoteControlPublisher/RemoteControlPublisher.cpp.o[0m
[1.667s] In file included from [01m[K/opt/ros/humble/include/rclcpp/rclcpp/logging.hpp:24[m[K,
[1.667s]                  from [01m[K/opt/ros/humble/include/rclcpp/rclcpp/client.hpp:40[m[K,
[1.667s]                  from [01m[K/opt/ros/humble/include/rclcpp/rclcpp/callback_group.hpp:24[m[K,
[1.667s]                  from [01m[K/opt/ros/humble/include/rclcpp/rclcpp/any_executable.hpp:20[m[K,
[1.667s]                  from [01m[K/opt/ros/humble/include/rclcpp/rclcpp/memory_strategy.hpp:25[m[K,
[1.667s]                  from [01m[K/opt/ros/humble/include/rclcpp/rclcpp/memory_strategies.hpp:18[m[K,
[1.667s]                  from [01m[K/opt/ros/humble/include/rclcpp/rclcpp/executor_options.hpp:20[m[K,
[1.667s]                  from [01m[K/opt/ros/humble/include/rclcpp/rclcpp/executor.hpp:37[m[K,
[1.667s]                  from [01m[K/opt/ros/humble/include/rclcpp/rclcpp/executors/multi_threaded_executor.hpp:25[m[K,
[1.667s]                  from [01m[K/opt/ros/humble/include/rclcpp/rclcpp/executors.hpp:21[m[K,
[1.667s]                  from [01m[K/opt/ros/humble/include/rclcpp/rclcpp/rclcpp.hpp:155[m[K,
[1.668s]                  from [01m[K/home/whilker/Documents/Vida/src/RemoteControl/src/RemoteControlPublisher/RemoteControlPublisher.h:4[m[K,
[1.668s]                  from [01m[K/home/whilker/Documents/Vida/src/RemoteControl/src/RemoteControlPublisher/RemoteControlPublisher.cpp:1[m[K:
[1.668s] [01m[K/home/whilker/Documents/Vida/src/RemoteControl/src/RemoteControlPublisher/RemoteControlPublisher.cpp:[m[K In member function ‘[01m[Kvoid RemoteControl::udpReciver()[m[K’:
[1.668s] [01m[K/home/whilker/Documents/Vida/src/RemoteControl/src/RemoteControlPublisher/RemoteControlPublisher.cpp:23:37:[m[K [01;35m[Kwarning: [m[Kformat ‘[01m[K%d[m[K’ expects argument of type ‘[01m[Kint[m[K’, but argument 5 has type ‘[01m[Kvida_interfaces::msg::Controls_<std::allocator<void> >::_x_type[m[K’ {aka ‘[01m[Klong int[m[K’} [[01;35m[K]8;;https://gcc.gnu.org/onlinedocs/gcc/Warning-Options.html#index-Wformat=-Wformat=]8;;[m[K]
[1.668s]    23 |     RCLCPP_INFO(this->get_logger(), [01;35m[K"x: %d   y: %d"[m[K, [32m[Kmsg.x[m[K, msg.y);
[1.668s]       |                                     [01;35m[K^~~~~~~~~~~~~~~[m[K  [32m[K~~~~~[m[K
[1.668s]       |                                                          [32m[K|[m[K
[1.668s]       |                                                          [32m[Kvida_interfaces::msg::Controls_<std::allocator<void> >::_x_type {aka long int}[m[K
[1.668s] [01m[K/home/whilker/Documents/Vida/src/RemoteControl/src/RemoteControlPublisher/RemoteControlPublisher.cpp:23:42:[m[K [01;36m[Knote: [m[Kformat string is defined here
[1.668s]    23 |     RCLCPP_INFO(this->get_logger(), "x: [01;36m[K%d[m[K   y: %d", msg.x, msg.y);
[1.668s]       |                                         [01;36m[K~^[m[K
[1.668s]       |                                          [01;36m[K|[m[K
[1.668s]       |                                          [01;36m[Kint[m[K
[1.668s]       |                                         [32m[K%ld[m[K
[1.668s] In file included from [01m[K/opt/ros/humble/include/rclcpp/rclcpp/logging.hpp:24[m[K,
[1.669s]                  from [01m[K/opt/ros/humble/include/rclcpp/rclcpp/client.hpp:40[m[K,
[1.669s]                  from [01m[K/opt/ros/humble/include/rclcpp/rclcpp/callback_group.hpp:24[m[K,
[1.669s]                  from [01m[K/opt/ros/humble/include/rclcpp/rclcpp/any_executable.hpp:20[m[K,
[1.669s]                  from [01m[K/opt/ros/humble/include/rclcpp/rclcpp/memory_strategy.hpp:25[m[K,
[1.669s]                  from [01m[K/opt/ros/humble/include/rclcpp/rclcpp/memory_strategies.hpp:18[m[K,
[1.669s]                  from [01m[K/opt/ros/humble/include/rclcpp/rclcpp/executor_options.hpp:20[m[K,
[1.669s]                  from [01m[K/opt/ros/humble/include/rclcpp/rclcpp/executor.hpp:37[m[K,
[1.669s]                  from [01m[K/opt/ros/humble/include/rclcpp/rclcpp/executors/multi_threaded_executor.hpp:25[m[K,
[1.669s]                  from [01m[K/opt/ros/humble/include/rclcpp/rclcpp/executors.hpp:21[m[K,
[1.669s]                  from [01m[K/opt/ros/humble/include/rclcpp/rclcpp/rclcpp.hpp:155[m[K,
[1.669s]                  from [01m[K/home/whilker/Documents/Vida/src/RemoteControl/src/RemoteControlPublisher/RemoteControlPublisher.h:4[m[K,
[1.669s]                  from [01m[K/home/whilker/Documents/Vida/src/RemoteControl/src/RemoteControlPublisher/RemoteControlPublisher.cpp:1[m[K:
[1.669s] [01m[K/home/whilker/Documents/Vida/src/RemoteControl/src/RemoteControlPublisher/RemoteControlPublisher.cpp:23:37:[m[K [01;35m[Kwarning: [m[Kformat ‘[01m[K%d[m[K’ expects argument of type ‘[01m[Kint[m[K’, but argument 6 has type ‘[01m[Kvida_interfaces::msg::Controls_<std::allocator<void> >::_y_type[m[K’ {aka ‘[01m[Klong int[m[K’} [[01;35m[K]8;;https://gcc.gnu.org/onlinedocs/gcc/Warning-Options.html#index-Wformat=-Wformat=]8;;[m[K]
[1.669s]    23 |     RCLCPP_INFO(this->get_logger(), [01;35m[K"x: %d   y: %d"[m[K, msg.x, [32m[Kmsg.y[m[K);
[1.670s]       |                                     [01;35m[K^~~~~~~~~~~~~~~[m[K         [32m[K~~~~~[m[K
[1.670s]       |                                                                 [32m[K|[m[K
[1.670s]       |                                                                 [32m[Kvida_interfaces::msg::Controls_<std::allocator<void> >::_y_type {aka long int}[m[K
[1.670s] [01m[K/home/whilker/Documents/Vida/src/RemoteControl/src/RemoteControlPublisher/RemoteControlPublisher.cpp:23:50:[m[K [01;36m[Knote: [m[Kformat string is defined here
[1.670s]    23 |     RCLCPP_INFO(this->get_logger(), "x: %d   y: [01;36m[K%d[m[K", msg.x, msg.y);
[1.670s]       |                                                 [01;36m[K~^[m[K
[1.670s]       |                                                  [01;36m[K|[m[K
[1.670s]       |                                                  [01;36m[Kint[m[K
[1.670s]       |                                                 [32m[K%ld[m[K
[3.057s] [ 66%] [32m[1mLinking CXX executable remote_control[0m
[3.215s] [100%] Built target remote_control
[3.222s] Invoked command in '/home/whilker/Documents/Vida/build/RemoteControl' returned '0': CMAKE_PREFIX_PATH=/home/whilker/Documents/Vida/install/vida_interfaces:/home/whilker/Documents/Vida/install/RemoteControl:/opt/ros/humble /usr/bin/cmake --build /home/whilker/Documents/Vida/build/RemoteControl -- -j8 -l8
[3.245s] Invoking command in '/home/whilker/Documents/Vida/build/RemoteControl': CMAKE_PREFIX_PATH=/home/whilker/Documents/Vida/install/vida_interfaces:/home/whilker/Documents/Vida/install/RemoteControl:/opt/ros/humble /usr/bin/cmake --install /home/whilker/Documents/Vida/build/RemoteControl
[3.251s] -- Install configuration: ""
[3.251s] -- Installing: /home/whilker/Documents/Vida/install/RemoteControl/lib/RemoteControl/remote_control
[3.252s] -- Set runtime path of "/home/whilker/Documents/Vida/install/RemoteControl/lib/RemoteControl/remote_control" to ""
[3.252s] -- Up-to-date: /home/whilker/Documents/Vida/install/RemoteControl/share/ament_index/resource_index/package_run_dependencies/RemoteControl
[3.252s] -- Up-to-date: /home/whilker/Documents/Vida/install/RemoteControl/share/ament_index/resource_index/parent_prefix_path/RemoteControl
[3.252s] -- Up-to-date: /home/whilker/Documents/Vida/install/RemoteControl/share/RemoteControl/environment/ament_prefix_path.sh
[3.252s] -- Up-to-date: /home/whilker/Documents/Vida/install/RemoteControl/share/RemoteControl/environment/ament_prefix_path.dsv
[3.252s] -- Up-to-date: /home/whilker/Documents/Vida/install/RemoteControl/share/RemoteControl/environment/path.sh
[3.252s] -- Up-to-date: /home/whilker/Documents/Vida/install/RemoteControl/share/RemoteControl/environment/path.dsv
[3.252s] -- Up-to-date: /home/whilker/Documents/Vida/install/RemoteControl/share/RemoteControl/local_setup.bash
[3.252s] -- Up-to-date: /home/whilker/Documents/Vida/install/RemoteControl/share/RemoteControl/local_setup.sh
[3.252s] -- Up-to-date: /home/whilker/Documents/Vida/install/RemoteControl/share/RemoteControl/local_setup.zsh
[3.252s] -- Up-to-date: /home/whilker/Documents/Vida/install/RemoteControl/share/RemoteControl/local_setup.dsv
[3.252s] -- Installing: /home/whilker/Documents/Vida/install/RemoteControl/share/RemoteControl/package.dsv
[3.252s] -- Up-to-date: /home/whilker/Documents/Vida/install/RemoteControl/share/ament_index/resource_index/packages/RemoteControl
[3.252s] -- Up-to-date: /home/whilker/Documents/Vida/install/RemoteControl/share/RemoteControl/cmake/RemoteControlConfig.cmake
[3.252s] -- Up-to-date: /home/whilker/Documents/Vida/install/RemoteControl/share/RemoteControl/cmake/RemoteControlConfig-version.cmake
[3.252s] -- Up-to-date: /home/whilker/Documents/Vida/install/RemoteControl/share/RemoteControl/package.xml
[3.254s] Invoked command in '/home/whilker/Documents/Vida/build/RemoteControl' returned '0': CMAKE_PREFIX_PATH=/home/whilker/Documents/Vida/install/vida_interfaces:/home/whilker/Documents/Vida/install/RemoteControl:/opt/ros/humble /usr/bin/cmake --install /home/whilker/Documents/Vida/build/RemoteControl
