[0.011s] Invoking command in '/home/whilker/Documents/Vida/build/RemoteControl': CMAKE_PREFIX_PATH=${CMAKE_PREFIX_PATH}:/opt/ros/humble /usr/bin/cmake --build /home/whilker/Documents/Vida/build/RemoteControl -- -j8 -l8
[0.028s] -- Found ament_cmake: 1.3.9 (/opt/ros/humble/share/ament_cmake/cmake)
[0.110s] -- Found rclcpp: 16.0.9 (/opt/ros/humble/share/rclcpp/cmake)
[0.128s] -- Found rosidl_generator_c: 3.1.5 (/opt/ros/humble/share/rosidl_generator_c/cmake)
[0.130s] -- Found rosidl_adapter: 3.1.5 (/opt/ros/humble/share/rosidl_adapter/cmake)
[0.134s] -- Found rosidl_generator_cpp: 3.1.5 (/opt/ros/humble/share/rosidl_generator_cpp/cmake)
[0.141s] -- Using all available rosidl_typesupport_c: rosidl_typesupport_fastrtps_c;rosidl_typesupport_introspection_c
[0.151s] -- Using all available rosidl_typesupport_cpp: rosidl_typesupport_fastrtps_cpp;rosidl_typesupport_introspection_cpp
[0.192s] -- Found rmw_implementation_cmake: 6.1.2 (/opt/ros/humble/share/rmw_implementation_cmake/cmake)
[0.193s] -- Found rmw_fastrtps_cpp: 6.2.6 (/opt/ros/humble/share/rmw_fastrtps_cpp/cmake)
[0.271s] -- Using RMW implementation 'rmw_fastrtps_cpp' as default
[0.378s] -- Found vida_interfaces: 0.0.0 (/home/whilker/Documents/Vida/install/vida_interfaces/share/vida_interfaces/cmake)
[0.427s] WARNING: Package name "RemoteControl" does not follow the naming conventions. It should start with a lower case letter and only contain lower case letters, digits, underscores, and dashes.
[0.440s] -- Configuring done
[0.452s] -- Generating done
[0.453s] -- Build files have been written to: /home/whilker/Documents/Vida/build/RemoteControl
[0.488s] [ 66%] [32mBuilding CXX object CMakeFiles/remote_control.dir/src/RemoteControlPublisher/RemoteControlPublisher.cpp.o[0m
[0.488s] [ 66%] [32mBuilding CXX object CMakeFiles/remote_control.dir/src/Utils/UDP.cpp.o[0m
[3.371s] [100%] [32m[1mLinking CXX executable remote_control[0m
[3.541s] [100%] Built target remote_control
[3.550s] Invoked command in '/home/whilker/Documents/Vida/build/RemoteControl' returned '0': CMAKE_PREFIX_PATH=${CMAKE_PREFIX_PATH}:/opt/ros/humble /usr/bin/cmake --build /home/whilker/Documents/Vida/build/RemoteControl -- -j8 -l8
[3.579s] Invoking command in '/home/whilker/Documents/Vida/build/RemoteControl': CMAKE_PREFIX_PATH=${CMAKE_PREFIX_PATH}:/opt/ros/humble /usr/bin/cmake --install /home/whilker/Documents/Vida/build/RemoteControl
[3.584s] -- Install configuration: ""
[3.584s] -- Installing: /home/whilker/Documents/Vida/install/RemoteControl/lib/RemoteControl/remote_control
[3.585s] -- Set runtime path of "/home/whilker/Documents/Vida/install/RemoteControl/lib/RemoteControl/remote_control" to ""
[3.585s] -- Up-to-date: /home/whilker/Documents/Vida/install/RemoteControl/share/ament_index/resource_index/package_run_dependencies/RemoteControl
[3.585s] -- Up-to-date: /home/whilker/Documents/Vida/install/RemoteControl/share/ament_index/resource_index/parent_prefix_path/RemoteControl
[3.585s] -- Up-to-date: /home/whilker/Documents/Vida/install/RemoteControl/share/RemoteControl/environment/ament_prefix_path.sh
[3.586s] -- Installing: /home/whilker/Documents/Vida/install/RemoteControl/share/RemoteControl/environment/ament_prefix_path.dsv
[3.586s] -- Up-to-date: /home/whilker/Documents/Vida/install/RemoteControl/share/RemoteControl/environment/path.sh
[3.586s] -- Installing: /home/whilker/Documents/Vida/install/RemoteControl/share/RemoteControl/environment/path.dsv
[3.586s] -- Up-to-date: /home/whilker/Documents/Vida/install/RemoteControl/share/RemoteControl/local_setup.bash
[3.586s] -- Up-to-date: /home/whilker/Documents/Vida/install/RemoteControl/share/RemoteControl/local_setup.sh
[3.586s] -- Up-to-date: /home/whilker/Documents/Vida/install/RemoteControl/share/RemoteControl/local_setup.zsh
[3.586s] -- Installing: /home/whilker/Documents/Vida/install/RemoteControl/share/RemoteControl/local_setup.dsv
[3.587s] -- Installing: /home/whilker/Documents/Vida/install/RemoteControl/share/RemoteControl/package.dsv
[3.587s] -- Up-to-date: /home/whilker/Documents/Vida/install/RemoteControl/share/ament_index/resource_index/packages/RemoteControl
[3.587s] -- Up-to-date: /home/whilker/Documents/Vida/install/RemoteControl/share/RemoteControl/cmake/RemoteControlConfig.cmake
[3.587s] -- Up-to-date: /home/whilker/Documents/Vida/install/RemoteControl/share/RemoteControl/cmake/RemoteControlConfig-version.cmake
[3.587s] -- Up-to-date: /home/whilker/Documents/Vida/install/RemoteControl/share/RemoteControl/package.xml
[3.589s] Invoked command in '/home/whilker/Documents/Vida/build/RemoteControl' returned '0': CMAKE_PREFIX_PATH=${CMAKE_PREFIX_PATH}:/opt/ros/humble /usr/bin/cmake --install /home/whilker/Documents/Vida/build/RemoteControl
