[0.010s] Invoking command in '/home/whilker/Documents/Vida/build/vida_interfaces': CMAKE_PREFIX_PATH=/opt/ros/humble /usr/bin/cmake /home/whilker/Documents/Vida/src/vida_interfaces -DCMAKE_INSTALL_PREFIX=/home/whilker/Documents/Vida/install/vida_interfaces
[0.206s] -- The C compiler identification is GNU 11.4.0
[0.335s] -- The CXX compiler identification is GNU 11.4.0
[0.348s] -- Detecting C compiler ABI info
[0.421s] -- Detecting C compiler ABI info - done
[0.426s] -- Check for working C compiler: /usr/bin/cc - skipped
[0.426s] -- Detecting C compile features
[0.427s] -- Detecting C compile features - done
[0.430s] -- Detecting CXX compiler ABI info
[0.491s] -- Detecting CXX compiler ABI info - done
[0.496s] -- Check for working CXX compiler: /usr/bin/c++ - skipped
[0.496s] -- Detecting CXX compile features
[0.496s] -- Detecting CXX compile features - done
[0.506s] -- Found ament_cmake: 1.3.9 (/opt/ros/humble/share/ament_cmake/cmake)
[0.623s] -- Found Python3: /usr/bin/python3 (found version "3.10.12") found components: Interpreter 
[0.702s] -- Found rosidl_default_generators: 1.2.0 (/opt/ros/humble/share/rosidl_default_generators/cmake)
[0.707s] -- Using all available rosidl_typesupport_c: rosidl_typesupport_fastrtps_c;rosidl_typesupport_introspection_c
[0.714s] -- Found rosidl_adapter: 3.1.5 (/opt/ros/humble/share/rosidl_adapter/cmake)
[0.765s] -- Using all available rosidl_typesupport_cpp: rosidl_typesupport_fastrtps_cpp;rosidl_typesupport_introspection_cpp
[0.970s] -- Found ament_cmake_ros: 0.10.0 (/opt/ros/humble/share/ament_cmake_ros/cmake)
[1.107s] -- Using all available rosidl_typesupport_c: rosidl_typesupport_fastrtps_c;rosidl_typesupport_introspection_c
[1.279s] -- Using all available rosidl_typesupport_cpp: rosidl_typesupport_fastrtps_cpp;rosidl_typesupport_introspection_cpp
[1.299s] -- Found PythonInterp: /usr/bin/python3 (found suitable version "3.10.12", minimum required is "3.6") 
[1.300s] -- Found python_cmake_module: 0.10.0 (/opt/ros/humble/share/python_cmake_module/cmake)
[1.321s] -- Found PythonLibs: /usr/lib/x86_64-linux-gnu/libpython3.10.so (found suitable version "3.10.12", minimum required is "3.5") 
[1.321s] -- Using PYTHON_EXECUTABLE: /usr/bin/python3
[1.321s] -- Using PYTHON_INCLUDE_DIRS: /usr/include/python3.10
[1.321s] -- Using PYTHON_LIBRARIES: /usr/lib/x86_64-linux-gnu/libpython3.10.so
[1.339s] -- Found PythonExtra: .so  
[1.369s] -- Configuring done
[1.386s] -- Generating done
[1.388s] -- Build files have been written to: /home/whilker/Documents/Vida/build/vida_interfaces
[1.395s] Invoked command in '/home/whilker/Documents/Vida/build/vida_interfaces' returned '0': CMAKE_PREFIX_PATH=/opt/ros/humble /usr/bin/cmake /home/whilker/Documents/Vida/src/vida_interfaces -DCMAKE_INSTALL_PREFIX=/home/whilker/Documents/Vida/install/vida_interfaces
[1.396s] Invoking command in '/home/whilker/Documents/Vida/build/vida_interfaces': CMAKE_PREFIX_PATH=/opt/ros/humble /usr/bin/cmake --build /home/whilker/Documents/Vida/build/vida_interfaces -- -j8 -l8
[1.423s] [  3%] [34m[1mGenerating C code for ROS interfaces[0m
[1.431s] [  6%] [34m[1mGenerating C++ code for ROS interfaces[0m
[1.437s] [  6%] Built target ament_cmake_python_copy_vida_interfaces
[1.628s] [  6%] Built target vida_interfaces__cpp
[1.635s] [  9%] [32mBuilding C object CMakeFiles/vida_interfaces__rosidl_generator_c.dir/rosidl_generator_c/vida_interfaces/msg/detail/controls__functions.c.o[0m
[1.635s] [ 12%] [34m[1mGenerating C++ introspection for ROS interfaces[0m
[1.637s] [ 19%] [34m[1mGenerating C++ type support dispatch for ROS interfaces[0m
[1.637s] [ 19%] [34m[1mGenerating C++ type support for eProsima Fast-RTPS[0m
[1.643s] running egg_info
[1.644s] creating vida_interfaces.egg-info
[1.644s] writing vida_interfaces.egg-info/PKG-INFO
[1.644s] writing dependency_links to vida_interfaces.egg-info/dependency_links.txt
[1.644s] writing top-level names to vida_interfaces.egg-info/top_level.txt
[1.645s] writing manifest file 'vida_interfaces.egg-info/SOURCES.txt'
[1.648s] reading manifest file 'vida_interfaces.egg-info/SOURCES.txt'
[1.649s] writing manifest file 'vida_interfaces.egg-info/SOURCES.txt'
[1.682s] [ 19%] Built target ament_cmake_python_build_vida_interfaces_egg
[1.686s] [ 22%] [32m[1mLinking C shared library libvida_interfaces__rosidl_generator_c.so[0m
[1.715s] [ 22%] Built target vida_interfaces__rosidl_generator_c
[1.723s] [ 25%] [34m[1mGenerating C type support for eProsima Fast-RTPS[0m
[1.726s] [ 32%] [34m[1mGenerating C type support dispatch for ROS interfaces[0m
[1.726s] [ 32%] [34m[1mGenerating C introspection for ROS interfaces[0m
[1.844s] [ 35%] [32mBuilding CXX object CMakeFiles/vida_interfaces__rosidl_typesupport_cpp.dir/rosidl_typesupport_cpp/vida_interfaces/msg/controls__type_support.cpp.o[0m
[1.845s] [ 38%] [32mBuilding CXX object CMakeFiles/vida_interfaces__rosidl_typesupport_introspection_cpp.dir/rosidl_typesupport_introspection_cpp/vida_interfaces/msg/detail/controls__type_support.cpp.o[0m
[1.955s] [ 41%] [32mBuilding CXX object CMakeFiles/vida_interfaces__rosidl_typesupport_fastrtps_cpp.dir/rosidl_typesupport_fastrtps_cpp/vida_interfaces/msg/detail/dds_fastrtps/controls__type_support.cpp.o[0m
[2.020s] [ 45%] [32mBuilding C object CMakeFiles/vida_interfaces__rosidl_typesupport_introspection_c.dir/rosidl_typesupport_introspection_c/vida_interfaces/msg/detail/controls__type_support.c.o[0m
[2.048s] [ 48%] [32mBuilding CXX object CMakeFiles/vida_interfaces__rosidl_typesupport_c.dir/rosidl_typesupport_c/vida_interfaces/msg/controls__type_support.cpp.o[0m
[2.048s] [ 51%] [32m[1mLinking C shared library libvida_interfaces__rosidl_typesupport_introspection_c.so[0m
[2.076s] [ 58%] [32m[1mLinking CXX shared library libvida_interfaces__rosidl_typesupport_c.so[0m
[2.076s] [ 58%] [32mBuilding CXX object CMakeFiles/vida_interfaces__rosidl_typesupport_fastrtps_c.dir/rosidl_typesupport_fastrtps_c/vida_interfaces/msg/detail/controls__type_support_c.cpp.o[0m
[2.078s] [ 58%] Built target vida_interfaces__rosidl_typesupport_introspection_c
[2.119s] [ 61%] [32m[1mLinking CXX shared library libvida_interfaces__rosidl_typesupport_cpp.so[0m
[2.126s] [ 61%] Built target vida_interfaces__rosidl_typesupport_c
[2.154s] [ 61%] Built target vida_interfaces__rosidl_typesupport_cpp
[2.172s] [ 64%] [32m[1mLinking CXX shared library libvida_interfaces__rosidl_typesupport_introspection_cpp.so[0m
[2.204s] [ 64%] Built target vida_interfaces__rosidl_typesupport_introspection_cpp
[2.303s] [ 67%] [32m[1mLinking CXX shared library libvida_interfaces__rosidl_typesupport_fastrtps_cpp.so[0m
[2.330s] [ 70%] [32m[1mLinking CXX shared library libvida_interfaces__rosidl_typesupport_fastrtps_c.so[0m
[2.363s] [ 70%] Built target vida_interfaces__rosidl_typesupport_fastrtps_cpp
[2.385s] [ 70%] Built target vida_interfaces__rosidl_typesupport_fastrtps_c
[2.398s] [ 70%] Built target vida_interfaces
[2.416s] [ 74%] [34m[1mGenerating Python code for ROS interfaces[0m
[2.619s] [ 74%] Built target vida_interfaces__py
[2.633s] [ 77%] [32mBuilding C object CMakeFiles/vida_interfaces__rosidl_generator_py.dir/rosidl_generator_py/vida_interfaces/msg/_controls_s.c.o[0m
[2.739s] [ 80%] [32m[1mLinking C shared library rosidl_generator_py/vida_interfaces/libvida_interfaces__rosidl_generator_py.so[0m
[2.775s] [ 80%] Built target vida_interfaces__rosidl_generator_py
[2.790s] [ 87%] [32mBuilding C object CMakeFiles/vida_interfaces__rosidl_typesupport_c__pyext.dir/rosidl_generator_py/vida_interfaces/_vida_interfaces_s.ep.rosidl_typesupport_c.c.o[0m
[2.790s] [ 87%] [32mBuilding C object CMakeFiles/vida_interfaces__rosidl_typesupport_fastrtps_c__pyext.dir/rosidl_generator_py/vida_interfaces/_vida_interfaces_s.ep.rosidl_typesupport_fastrtps_c.c.o[0m
[2.790s] [ 90%] [32mBuilding C object CMakeFiles/vida_interfaces__rosidl_typesupport_introspection_c__pyext.dir/rosidl_generator_py/vida_interfaces/_vida_interfaces_s.ep.rosidl_typesupport_introspection_c.c.o[0m
[2.861s] [100%] [32m[1mLinking C shared library rosidl_generator_py/vida_interfaces/vida_interfaces_s__rosidl_typesupport_c.cpython-310-x86_64-linux-gnu.so[0m
[2.861s] [100%] [32m[1mLinking C shared library rosidl_generator_py/vida_interfaces/vida_interfaces_s__rosidl_typesupport_fastrtps_c.cpython-310-x86_64-linux-gnu.so[0m
[2.861s] [100%] [32m[1mLinking C shared library rosidl_generator_py/vida_interfaces/vida_interfaces_s__rosidl_typesupport_introspection_c.cpython-310-x86_64-linux-gnu.so[0m
[2.885s] [100%] Built target vida_interfaces__rosidl_typesupport_introspection_c__pyext
[2.885s] [100%] Built target vida_interfaces__rosidl_typesupport_fastrtps_c__pyext
[2.886s] [100%] Built target vida_interfaces__rosidl_typesupport_c__pyext
[2.894s] Invoked command in '/home/whilker/Documents/Vida/build/vida_interfaces' returned '0': CMAKE_PREFIX_PATH=/opt/ros/humble /usr/bin/cmake --build /home/whilker/Documents/Vida/build/vida_interfaces -- -j8 -l8
[2.946s] Invoking command in '/home/whilker/Documents/Vida/build/vida_interfaces': CMAKE_PREFIX_PATH=/opt/ros/humble /usr/bin/cmake --install /home/whilker/Documents/Vida/build/vida_interfaces
[2.952s] -- Install configuration: ""
[2.952s] -- Installing: /home/whilker/Documents/Vida/install/vida_interfaces/share/ament_index/resource_index/rosidl_interfaces/vida_interfaces
[2.953s] -- Installing: /home/whilker/Documents/Vida/install/vida_interfaces/include/vida_interfaces/vida_interfaces
[2.953s] -- Installing: /home/whilker/Documents/Vida/install/vida_interfaces/include/vida_interfaces/vida_interfaces/msg
[2.953s] -- Installing: /home/whilker/Documents/Vida/install/vida_interfaces/include/vida_interfaces/vida_interfaces/msg/controls.h
[2.953s] -- Installing: /home/whilker/Documents/Vida/install/vida_interfaces/include/vida_interfaces/vida_interfaces/msg/detail
[2.953s] -- Installing: /home/whilker/Documents/Vida/install/vida_interfaces/include/vida_interfaces/vida_interfaces/msg/detail/controls__functions.h
[2.953s] -- Installing: /home/whilker/Documents/Vida/install/vida_interfaces/include/vida_interfaces/vida_interfaces/msg/detail/controls__functions.c
[2.953s] -- Installing: /home/whilker/Documents/Vida/install/vida_interfaces/include/vida_interfaces/vida_interfaces/msg/detail/controls__type_support.h
[2.953s] -- Installing: /home/whilker/Documents/Vida/install/vida_interfaces/include/vida_interfaces/vida_interfaces/msg/detail/controls__struct.h
[2.953s] -- Installing: /home/whilker/Documents/Vida/install/vida_interfaces/include/vida_interfaces/vida_interfaces/msg/rosidl_generator_c__visibility_control.h
[2.953s] -- Installing: /home/whilker/Documents/Vida/install/vida_interfaces/share/vida_interfaces/environment/library_path.sh
[2.953s] -- Installing: /home/whilker/Documents/Vida/install/vida_interfaces/share/vida_interfaces/environment/library_path.dsv
[2.953s] -- Installing: /home/whilker/Documents/Vida/install/vida_interfaces/lib/libvida_interfaces__rosidl_generator_c.so
[2.954s] -- Set runtime path of "/home/whilker/Documents/Vida/install/vida_interfaces/lib/libvida_interfaces__rosidl_generator_c.so" to ""
[2.954s] -- Up-to-date: /home/whilker/Documents/Vida/install/vida_interfaces/include/vida_interfaces/vida_interfaces
[2.954s] -- Up-to-date: /home/whilker/Documents/Vida/install/vida_interfaces/include/vida_interfaces/vida_interfaces/msg
[2.954s] -- Installing: /home/whilker/Documents/Vida/install/vida_interfaces/include/vida_interfaces/vida_interfaces/msg/rosidl_typesupport_fastrtps_c__visibility_control.h
[2.954s] -- Up-to-date: /home/whilker/Documents/Vida/install/vida_interfaces/include/vida_interfaces/vida_interfaces/msg/detail
[2.954s] -- Installing: /home/whilker/Documents/Vida/install/vida_interfaces/include/vida_interfaces/vida_interfaces/msg/detail/controls__rosidl_typesupport_fastrtps_c.h
[2.954s] -- Installing: /home/whilker/Documents/Vida/install/vida_interfaces/lib/libvida_interfaces__rosidl_typesupport_fastrtps_c.so
[2.954s] -- Set runtime path of "/home/whilker/Documents/Vida/install/vida_interfaces/lib/libvida_interfaces__rosidl_typesupport_fastrtps_c.so" to ""
[2.954s] -- Up-to-date: /home/whilker/Documents/Vida/install/vida_interfaces/include/vida_interfaces/vida_interfaces
[2.955s] -- Up-to-date: /home/whilker/Documents/Vida/install/vida_interfaces/include/vida_interfaces/vida_interfaces/msg
[2.955s] -- Installing: /home/whilker/Documents/Vida/install/vida_interfaces/include/vida_interfaces/vida_interfaces/msg/rosidl_typesupport_introspection_c__visibility_control.h
[2.955s] -- Up-to-date: /home/whilker/Documents/Vida/install/vida_interfaces/include/vida_interfaces/vida_interfaces/msg/detail
[2.955s] -- Installing: /home/whilker/Documents/Vida/install/vida_interfaces/include/vida_interfaces/vida_interfaces/msg/detail/controls__type_support.c
[2.955s] -- Installing: /home/whilker/Documents/Vida/install/vida_interfaces/include/vida_interfaces/vida_interfaces/msg/detail/controls__rosidl_typesupport_introspection_c.h
[2.955s] -- Installing: /home/whilker/Documents/Vida/install/vida_interfaces/lib/libvida_interfaces__rosidl_typesupport_introspection_c.so
[2.955s] -- Set runtime path of "/home/whilker/Documents/Vida/install/vida_interfaces/lib/libvida_interfaces__rosidl_typesupport_introspection_c.so" to ""
[2.955s] -- Installing: /home/whilker/Documents/Vida/install/vida_interfaces/lib/libvida_interfaces__rosidl_typesupport_c.so
[2.956s] -- Set runtime path of "/home/whilker/Documents/Vida/install/vida_interfaces/lib/libvida_interfaces__rosidl_typesupport_c.so" to ""
[2.956s] -- Up-to-date: /home/whilker/Documents/Vida/install/vida_interfaces/include/vida_interfaces/vida_interfaces
[2.956s] -- Up-to-date: /home/whilker/Documents/Vida/install/vida_interfaces/include/vida_interfaces/vida_interfaces/msg
[2.956s] -- Installing: /home/whilker/Documents/Vida/install/vida_interfaces/include/vida_interfaces/vida_interfaces/msg/controls.hpp
[2.956s] -- Up-to-date: /home/whilker/Documents/Vida/install/vida_interfaces/include/vida_interfaces/vida_interfaces/msg/detail
[2.956s] -- Installing: /home/whilker/Documents/Vida/install/vida_interfaces/include/vida_interfaces/vida_interfaces/msg/detail/controls__builder.hpp
[2.956s] -- Installing: /home/whilker/Documents/Vida/install/vida_interfaces/include/vida_interfaces/vida_interfaces/msg/detail/controls__traits.hpp
[2.956s] -- Installing: /home/whilker/Documents/Vida/install/vida_interfaces/include/vida_interfaces/vida_interfaces/msg/detail/controls__struct.hpp
[2.956s] -- Up-to-date: /home/whilker/Documents/Vida/install/vida_interfaces/include/vida_interfaces/vida_interfaces
[2.956s] -- Up-to-date: /home/whilker/Documents/Vida/install/vida_interfaces/include/vida_interfaces/vida_interfaces/msg
[2.957s] -- Installing: /home/whilker/Documents/Vida/install/vida_interfaces/include/vida_interfaces/vida_interfaces/msg/rosidl_typesupport_fastrtps_cpp__visibility_control.h
[2.957s] -- Up-to-date: /home/whilker/Documents/Vida/install/vida_interfaces/include/vida_interfaces/vida_interfaces/msg/detail
[2.957s] -- Installing: /home/whilker/Documents/Vida/install/vida_interfaces/include/vida_interfaces/vida_interfaces/msg/detail/controls__rosidl_typesupport_fastrtps_cpp.hpp
[2.957s] -- Installing: /home/whilker/Documents/Vida/install/vida_interfaces/include/vida_interfaces/vida_interfaces/msg/detail/dds_fastrtps
[2.957s] -- Installing: /home/whilker/Documents/Vida/install/vida_interfaces/lib/libvida_interfaces__rosidl_typesupport_fastrtps_cpp.so
[2.957s] -- Set runtime path of "/home/whilker/Documents/Vida/install/vida_interfaces/lib/libvida_interfaces__rosidl_typesupport_fastrtps_cpp.so" to ""
[2.957s] -- Up-to-date: /home/whilker/Documents/Vida/install/vida_interfaces/include/vida_interfaces/vida_interfaces
[2.957s] -- Up-to-date: /home/whilker/Documents/Vida/install/vida_interfaces/include/vida_interfaces/vida_interfaces/msg
[2.957s] -- Up-to-date: /home/whilker/Documents/Vida/install/vida_interfaces/include/vida_interfaces/vida_interfaces/msg/detail
[2.957s] -- Installing: /home/whilker/Documents/Vida/install/vida_interfaces/include/vida_interfaces/vida_interfaces/msg/detail/controls__rosidl_typesupport_introspection_cpp.hpp
[2.957s] -- Installing: /home/whilker/Documents/Vida/install/vida_interfaces/include/vida_interfaces/vida_interfaces/msg/detail/controls__type_support.cpp
[2.957s] -- Installing: /home/whilker/Documents/Vida/install/vida_interfaces/lib/libvida_interfaces__rosidl_typesupport_introspection_cpp.so
[2.957s] -- Set runtime path of "/home/whilker/Documents/Vida/install/vida_interfaces/lib/libvida_interfaces__rosidl_typesupport_introspection_cpp.so" to ""
[2.957s] -- Installing: /home/whilker/Documents/Vida/install/vida_interfaces/lib/libvida_interfaces__rosidl_typesupport_cpp.so
[2.958s] -- Set runtime path of "/home/whilker/Documents/Vida/install/vida_interfaces/lib/libvida_interfaces__rosidl_typesupport_cpp.so" to ""
[2.958s] -- Installing: /home/whilker/Documents/Vida/install/vida_interfaces/share/vida_interfaces/environment/pythonpath.sh
[2.958s] -- Installing: /home/whilker/Documents/Vida/install/vida_interfaces/share/vida_interfaces/environment/pythonpath.dsv
[2.958s] -- Installing: /home/whilker/Documents/Vida/install/vida_interfaces/local/lib/python3.10/dist-packages/vida_interfaces-0.0.0-py3.10.egg-info
[2.959s] -- Installing: /home/whilker/Documents/Vida/install/vida_interfaces/local/lib/python3.10/dist-packages/vida_interfaces-0.0.0-py3.10.egg-info/dependency_links.txt
[2.959s] -- Installing: /home/whilker/Documents/Vida/install/vida_interfaces/local/lib/python3.10/dist-packages/vida_interfaces-0.0.0-py3.10.egg-info/top_level.txt
[2.959s] -- Installing: /home/whilker/Documents/Vida/install/vida_interfaces/local/lib/python3.10/dist-packages/vida_interfaces-0.0.0-py3.10.egg-info/PKG-INFO
[2.959s] -- Installing: /home/whilker/Documents/Vida/install/vida_interfaces/local/lib/python3.10/dist-packages/vida_interfaces-0.0.0-py3.10.egg-info/SOURCES.txt
[2.959s] -- Installing: /home/whilker/Documents/Vida/install/vida_interfaces/local/lib/python3.10/dist-packages/vida_interfaces
[2.959s] -- Installing: /home/whilker/Documents/Vida/install/vida_interfaces/local/lib/python3.10/dist-packages/vida_interfaces/msg
[2.959s] -- Installing: /home/whilker/Documents/Vida/install/vida_interfaces/local/lib/python3.10/dist-packages/vida_interfaces/msg/__init__.py
[2.959s] -- Installing: /home/whilker/Documents/Vida/install/vida_interfaces/local/lib/python3.10/dist-packages/vida_interfaces/msg/_controls_s.c
[2.959s] -- Installing: /home/whilker/Documents/Vida/install/vida_interfaces/local/lib/python3.10/dist-packages/vida_interfaces/msg/_controls.py
[2.959s] -- Installing: /home/whilker/Documents/Vida/install/vida_interfaces/local/lib/python3.10/dist-packages/vida_interfaces/libvida_interfaces__rosidl_generator_py.so
[2.959s] -- Installing: /home/whilker/Documents/Vida/install/vida_interfaces/local/lib/python3.10/dist-packages/vida_interfaces/__init__.py
[2.959s] -- Installing: /home/whilker/Documents/Vida/install/vida_interfaces/local/lib/python3.10/dist-packages/vida_interfaces/vida_interfaces_s__rosidl_typesupport_c.cpython-310-x86_64-linux-gnu.so
[2.959s] -- Installing: /home/whilker/Documents/Vida/install/vida_interfaces/local/lib/python3.10/dist-packages/vida_interfaces/_vida_interfaces_s.ep.rosidl_typesupport_c.c
[2.959s] -- Installing: /home/whilker/Documents/Vida/install/vida_interfaces/local/lib/python3.10/dist-packages/vida_interfaces/_vida_interfaces_s.ep.rosidl_typesupport_introspection_c.c
[2.960s] -- Installing: /home/whilker/Documents/Vida/install/vida_interfaces/local/lib/python3.10/dist-packages/vida_interfaces/vida_interfaces_s__rosidl_typesupport_fastrtps_c.cpython-310-x86_64-linux-gnu.so
[2.960s] -- Installing: /home/whilker/Documents/Vida/install/vida_interfaces/local/lib/python3.10/dist-packages/vida_interfaces/_vida_interfaces_s.ep.rosidl_typesupport_fastrtps_c.c
[2.960s] -- Installing: /home/whilker/Documents/Vida/install/vida_interfaces/local/lib/python3.10/dist-packages/vida_interfaces/vida_interfaces_s__rosidl_typesupport_introspection_c.cpython-310-x86_64-linux-gnu.so
[2.984s] Listing '/home/whilker/Documents/Vida/install/vida_interfaces/local/lib/python3.10/dist-packages/vida_interfaces'...
[2.984s] Compiling '/home/whilker/Documents/Vida/install/vida_interfaces/local/lib/python3.10/dist-packages/vida_interfaces/__init__.py'...
[2.984s] Listing '/home/whilker/Documents/Vida/install/vida_interfaces/local/lib/python3.10/dist-packages/vida_interfaces/msg'...
[2.984s] Compiling '/home/whilker/Documents/Vida/install/vida_interfaces/local/lib/python3.10/dist-packages/vida_interfaces/msg/__init__.py'...
[2.984s] Compiling '/home/whilker/Documents/Vida/install/vida_interfaces/local/lib/python3.10/dist-packages/vida_interfaces/msg/_controls.py'...
[2.987s] -- Installing: /home/whilker/Documents/Vida/install/vida_interfaces/local/lib/python3.10/dist-packages/vida_interfaces/vida_interfaces_s__rosidl_typesupport_fastrtps_c.cpython-310-x86_64-linux-gnu.so
[2.987s] -- Set runtime path of "/home/whilker/Documents/Vida/install/vida_interfaces/local/lib/python3.10/dist-packages/vida_interfaces/vida_interfaces_s__rosidl_typesupport_fastrtps_c.cpython-310-x86_64-linux-gnu.so" to ""
[2.987s] -- Installing: /home/whilker/Documents/Vida/install/vida_interfaces/local/lib/python3.10/dist-packages/vida_interfaces/vida_interfaces_s__rosidl_typesupport_introspection_c.cpython-310-x86_64-linux-gnu.so
[2.987s] -- Set runtime path of "/home/whilker/Documents/Vida/install/vida_interfaces/local/lib/python3.10/dist-packages/vida_interfaces/vida_interfaces_s__rosidl_typesupport_introspection_c.cpython-310-x86_64-linux-gnu.so" to ""
[2.987s] -- Installing: /home/whilker/Documents/Vida/install/vida_interfaces/local/lib/python3.10/dist-packages/vida_interfaces/vida_interfaces_s__rosidl_typesupport_c.cpython-310-x86_64-linux-gnu.so
[2.988s] -- Set runtime path of "/home/whilker/Documents/Vida/install/vida_interfaces/local/lib/python3.10/dist-packages/vida_interfaces/vida_interfaces_s__rosidl_typesupport_c.cpython-310-x86_64-linux-gnu.so" to ""
[2.988s] -- Installing: /home/whilker/Documents/Vida/install/vida_interfaces/lib/libvida_interfaces__rosidl_generator_py.so
[2.988s] -- Set runtime path of "/home/whilker/Documents/Vida/install/vida_interfaces/lib/libvida_interfaces__rosidl_generator_py.so" to ""
[2.988s] -- Installing: /home/whilker/Documents/Vida/install/vida_interfaces/share/vida_interfaces/msg/Controls.idl
[2.988s] -- Installing: /home/whilker/Documents/Vida/install/vida_interfaces/share/vida_interfaces/msg/Controls.msg
[2.988s] -- Installing: /home/whilker/Documents/Vida/install/vida_interfaces/share/ament_index/resource_index/package_run_dependencies/vida_interfaces
[2.988s] -- Installing: /home/whilker/Documents/Vida/install/vida_interfaces/share/ament_index/resource_index/parent_prefix_path/vida_interfaces
[2.988s] -- Installing: /home/whilker/Documents/Vida/install/vida_interfaces/share/vida_interfaces/environment/ament_prefix_path.sh
[2.988s] -- Installing: /home/whilker/Documents/Vida/install/vida_interfaces/share/vida_interfaces/environment/ament_prefix_path.dsv
[2.989s] -- Installing: /home/whilker/Documents/Vida/install/vida_interfaces/share/vida_interfaces/environment/path.sh
[2.989s] -- Installing: /home/whilker/Documents/Vida/install/vida_interfaces/share/vida_interfaces/environment/path.dsv
[2.989s] -- Installing: /home/whilker/Documents/Vida/install/vida_interfaces/share/vida_interfaces/local_setup.bash
[2.989s] -- Installing: /home/whilker/Documents/Vida/install/vida_interfaces/share/vida_interfaces/local_setup.sh
[2.989s] -- Installing: /home/whilker/Documents/Vida/install/vida_interfaces/share/vida_interfaces/local_setup.zsh
[2.989s] -- Installing: /home/whilker/Documents/Vida/install/vida_interfaces/share/vida_interfaces/local_setup.dsv
[2.989s] -- Installing: /home/whilker/Documents/Vida/install/vida_interfaces/share/vida_interfaces/package.dsv
[2.989s] -- Installing: /home/whilker/Documents/Vida/install/vida_interfaces/share/ament_index/resource_index/packages/vida_interfaces
[2.989s] -- Installing: /home/whilker/Documents/Vida/install/vida_interfaces/share/vida_interfaces/cmake/export_vida_interfaces__rosidl_generator_cExport.cmake
[2.989s] -- Installing: /home/whilker/Documents/Vida/install/vida_interfaces/share/vida_interfaces/cmake/export_vida_interfaces__rosidl_generator_cExport-noconfig.cmake
[2.989s] -- Installing: /home/whilker/Documents/Vida/install/vida_interfaces/share/vida_interfaces/cmake/export_vida_interfaces__rosidl_typesupport_fastrtps_cExport.cmake
[2.989s] -- Installing: /home/whilker/Documents/Vida/install/vida_interfaces/share/vida_interfaces/cmake/export_vida_interfaces__rosidl_typesupport_fastrtps_cExport-noconfig.cmake
[2.990s] -- Installing: /home/whilker/Documents/Vida/install/vida_interfaces/share/vida_interfaces/cmake/vida_interfaces__rosidl_typesupport_introspection_cExport.cmake
[2.990s] -- Installing: /home/whilker/Documents/Vida/install/vida_interfaces/share/vida_interfaces/cmake/vida_interfaces__rosidl_typesupport_introspection_cExport-noconfig.cmake
[2.990s] -- Installing: /home/whilker/Documents/Vida/install/vida_interfaces/share/vida_interfaces/cmake/vida_interfaces__rosidl_typesupport_cExport.cmake
[2.990s] -- Installing: /home/whilker/Documents/Vida/install/vida_interfaces/share/vida_interfaces/cmake/vida_interfaces__rosidl_typesupport_cExport-noconfig.cmake
[2.990s] -- Installing: /home/whilker/Documents/Vida/install/vida_interfaces/share/vida_interfaces/cmake/export_vida_interfaces__rosidl_generator_cppExport.cmake
[2.990s] -- Installing: /home/whilker/Documents/Vida/install/vida_interfaces/share/vida_interfaces/cmake/export_vida_interfaces__rosidl_typesupport_fastrtps_cppExport.cmake
[2.990s] -- Installing: /home/whilker/Documents/Vida/install/vida_interfaces/share/vida_interfaces/cmake/export_vida_interfaces__rosidl_typesupport_fastrtps_cppExport-noconfig.cmake
[2.990s] -- Installing: /home/whilker/Documents/Vida/install/vida_interfaces/share/vida_interfaces/cmake/vida_interfaces__rosidl_typesupport_introspection_cppExport.cmake
[2.990s] -- Installing: /home/whilker/Documents/Vida/install/vida_interfaces/share/vida_interfaces/cmake/vida_interfaces__rosidl_typesupport_introspection_cppExport-noconfig.cmake
[2.990s] -- Installing: /home/whilker/Documents/Vida/install/vida_interfaces/share/vida_interfaces/cmake/vida_interfaces__rosidl_typesupport_cppExport.cmake
[2.990s] -- Installing: /home/whilker/Documents/Vida/install/vida_interfaces/share/vida_interfaces/cmake/vida_interfaces__rosidl_typesupport_cppExport-noconfig.cmake
[2.990s] -- Installing: /home/whilker/Documents/Vida/install/vida_interfaces/share/vida_interfaces/cmake/export_vida_interfaces__rosidl_generator_pyExport.cmake
[2.991s] -- Installing: /home/whilker/Documents/Vida/install/vida_interfaces/share/vida_interfaces/cmake/export_vida_interfaces__rosidl_generator_pyExport-noconfig.cmake
[2.991s] -- Installing: /home/whilker/Documents/Vida/install/vida_interfaces/share/vida_interfaces/cmake/rosidl_cmake-extras.cmake
[2.991s] -- Installing: /home/whilker/Documents/Vida/install/vida_interfaces/share/vida_interfaces/cmake/ament_cmake_export_include_directories-extras.cmake
[2.991s] -- Installing: /home/whilker/Documents/Vida/install/vida_interfaces/share/vida_interfaces/cmake/ament_cmake_export_libraries-extras.cmake
[2.991s] -- Installing: /home/whilker/Documents/Vida/install/vida_interfaces/share/vida_interfaces/cmake/ament_cmake_export_targets-extras.cmake
[2.991s] -- Installing: /home/whilker/Documents/Vida/install/vida_interfaces/share/vida_interfaces/cmake/rosidl_cmake_export_typesupport_targets-extras.cmake
[2.991s] -- Installing: /home/whilker/Documents/Vida/install/vida_interfaces/share/vida_interfaces/cmake/ament_cmake_export_dependencies-extras.cmake
[2.991s] -- Installing: /home/whilker/Documents/Vida/install/vida_interfaces/share/vida_interfaces/cmake/rosidl_cmake_export_typesupport_libraries-extras.cmake
[2.991s] -- Installing: /home/whilker/Documents/Vida/install/vida_interfaces/share/vida_interfaces/cmake/vida_interfacesConfig.cmake
[2.991s] -- Installing: /home/whilker/Documents/Vida/install/vida_interfaces/share/vida_interfaces/cmake/vida_interfacesConfig-version.cmake
[2.991s] -- Installing: /home/whilker/Documents/Vida/install/vida_interfaces/share/vida_interfaces/package.xml
[2.993s] Invoked command in '/home/whilker/Documents/Vida/build/vida_interfaces' returned '0': CMAKE_PREFIX_PATH=/opt/ros/humble /usr/bin/cmake --install /home/whilker/Documents/Vida/build/vida_interfaces
