[0.015s] Invoking command in '/home/whilker/Documents/Vida/Ros/build/control_pkg': CMAKE_PREFIX_PATH=/home/whilker/Documents/Vida/Ros/install/vida_interfaces:/home/whilker/Documents/Vida/Ros/install/control_pkg:/opt/ros/humble /usr/bin/cmake --build /home/whilker/Documents/Vida/Ros/build/control_pkg -- -j8 -l8
[0.084s] -- Found ament_cmake: 1.3.9 (/opt/ros/humble/share/ament_cmake/cmake)
[0.221s] -- Found rclcpp: 16.0.9 (/opt/ros/humble/share/rclcpp/cmake)
[0.295s] -- Found rosidl_generator_c: 3.1.5 (/opt/ros/humble/share/rosidl_generator_c/cmake)
[0.299s] -- Found rosidl_adapter: 3.1.5 (/opt/ros/humble/share/rosidl_adapter/cmake)
[0.313s] -- Found rosidl_generator_cpp: 3.1.5 (/opt/ros/humble/share/rosidl_generator_cpp/cmake)
[0.330s] -- Using all available rosidl_typesupport_c: rosidl_typesupport_fastrtps_c;rosidl_typesupport_introspection_c
[0.348s] -- Using all available rosidl_typesupport_cpp: rosidl_typesupport_fastrtps_cpp;rosidl_typesupport_introspection_cpp
[0.410s] -- Found rmw_implementation_cmake: 6.1.2 (/opt/ros/humble/share/rmw_implementation_cmake/cmake)
[0.412s] -- Found rmw_fastrtps_cpp: 6.2.6 (/opt/ros/humble/share/rmw_fastrtps_cpp/cmake)
[0.521s] -- Using RMW implementation 'rmw_fastrtps_cpp' as default
[0.657s] -- Found vida_interfaces: 0.0.0 (/home/whilker/Documents/Vida/Ros/install/vida_interfaces/share/vida_interfaces/cmake)
[0.668s] [31mCMake Error at CMakeLists.txt:42 (install):
[0.668s]   install TARGETS given target "control" which does not exist.
[0.668s] 
[0.668s] [0m
[0.713s] -- Configuring incomplete, errors occurred!
[0.713s] See also "/home/whilker/Documents/Vida/Ros/build/control_pkg/CMakeFiles/CMakeOutput.log".
[0.721s] gmake: *** [Makefile:294: cmake_check_build_system] Erro 1
[0.723s] Invoked command in '/home/whilker/Documents/Vida/Ros/build/control_pkg' returned '2': CMAKE_PREFIX_PATH=/home/whilker/Documents/Vida/Ros/install/vida_interfaces:/home/whilker/Documents/Vida/Ros/install/control_pkg:/opt/ros/humble /usr/bin/cmake --build /home/whilker/Documents/Vida/Ros/build/control_pkg -- -j8 -l8
