[35m[1mConsolidate compiler generated dependencies of target record[0m
[ 60%] Built target remote_control
[ 80%] [32mBuilding CXX object CMakeFiles/record.dir/src/Record/Record.cpp.o[0m
[100%] [32m[1mLinking CXX executable record[0m
[100%] Built target record
-- Install configuration: ""
-- Installing: /home/whilker/Documents/Vida/Ros/install/control_pkg/lib/control_pkg/record
-- Set runtime path of "/home/whilker/Documents/Vida/Ros/install/control_pkg/lib/control_pkg/record" to ""
-- Up-to-date: /home/whilker/Documents/Vida/Ros/install/control_pkg/lib/control_pkg/remote_control
-- Up-to-date: /home/whilker/Documents/Vida/Ros/install/control_pkg/share/ament_index/resource_index/package_run_dependencies/control_pkg
-- Up-to-date: /home/whilker/Documents/Vida/Ros/install/control_pkg/share/ament_index/resource_index/parent_prefix_path/control_pkg
-- Up-to-date: /home/whilker/Documents/Vida/Ros/install/control_pkg/share/control_pkg/environment/ament_prefix_path.sh
-- Up-to-date: /home/whilker/Documents/Vida/Ros/install/control_pkg/share/control_pkg/environment/ament_prefix_path.dsv
-- Up-to-date: /home/whilker/Documents/Vida/Ros/install/control_pkg/share/control_pkg/environment/path.sh
-- Up-to-date: /home/whilker/Documents/Vida/Ros/install/control_pkg/share/control_pkg/environment/path.dsv
-- Up-to-date: /home/whilker/Documents/Vida/Ros/install/control_pkg/share/control_pkg/local_setup.bash
-- Up-to-date: /home/whilker/Documents/Vida/Ros/install/control_pkg/share/control_pkg/local_setup.sh
-- Up-to-date: /home/whilker/Documents/Vida/Ros/install/control_pkg/share/control_pkg/local_setup.zsh
-- Up-to-date: /home/whilker/Documents/Vida/Ros/install/control_pkg/share/control_pkg/local_setup.dsv
-- Installing: /home/whilker/Documents/Vida/Ros/install/control_pkg/share/control_pkg/package.dsv
-- Up-to-date: /home/whilker/Documents/Vida/Ros/install/control_pkg/share/ament_index/resource_index/packages/control_pkg
-- Up-to-date: /home/whilker/Documents/Vida/Ros/install/control_pkg/share/control_pkg/cmake/control_pkgConfig.cmake
-- Up-to-date: /home/whilker/Documents/Vida/Ros/install/control_pkg/share/control_pkg/cmake/control_pkgConfig-version.cmake
-- Up-to-date: /home/whilker/Documents/Vida/Ros/install/control_pkg/share/control_pkg/package.xml
