[0.013s] Invoking command in '/home/whilker/Documents/Vida/Ros/build/vida_interfaces': CMAKE_PREFIX_PATH=${CMAKE_PREFIX_PATH}:/opt/ros/humble /usr/bin/cmake --build /home/whilker/Documents/Vida/Ros/build/vida_interfaces -- -j8 -l8
[0.084s] -- Found ament_cmake: 1.3.9 (/opt/ros/humble/share/ament_cmake/cmake)
[0.218s] -- Found rosidl_default_generators: 1.2.0 (/opt/ros/humble/share/rosidl_default_generators/cmake)
[0.222s] -- Using all available rosidl_typesupport_c: rosidl_typesupport_fastrtps_c;rosidl_typesupport_introspection_c
[0.229s] -- Found rosidl_adapter: 3.1.5 (/opt/ros/humble/share/rosidl_adapter/cmake)
[0.272s] -- Using all available rosidl_typesupport_cpp: rosidl_typesupport_fastrtps_cpp;rosidl_typesupport_introspection_cpp
[0.474s] -- Found ament_cmake_ros: 0.10.0 (/opt/ros/humble/share/ament_cmake_ros/cmake)
[0.614s] -- Using all available rosidl_typesupport_c: rosidl_typesupport_fastrtps_c;rosidl_typesupport_introspection_c
[0.788s] -- Using all available rosidl_typesupport_cpp: rosidl_typesupport_fastrtps_cpp;rosidl_typesupport_introspection_cpp
[0.803s] -- Found python_cmake_module: 0.10.0 (/opt/ros/humble/share/python_cmake_module/cmake)
[0.819s] -- Using PYTHON_EXECUTABLE: /usr/bin/python3
[0.819s] -- Using PYTHON_INCLUDE_DIRS: /usr/include/python3.10
[0.819s] -- Using PYTHON_LIBRARIES: /usr/lib/x86_64-linux-gnu/libpython3.10.so
[0.844s] -- Configuring done
[0.885s] -- Generating done
[0.888s] -- Build files have been written to: /home/whilker/Documents/Vida/Ros/build/vida_interfaces
[0.906s] [  2%] [34m[1mGenerating C code for ROS interfaces[0m
[0.914s] [  5%] [34m[1mGenerating C++ code for ROS interfaces[0m
[0.924s] [  5%] Built target ament_cmake_python_copy_vida_interfaces
[1.132s] running egg_info
[1.133s] writing vida_interfaces.egg-info/PKG-INFO
[1.133s] writing dependency_links to vida_interfaces.egg-info/dependency_links.txt
[1.133s] writing top-level names to vida_interfaces.egg-info/top_level.txt
[1.136s] reading manifest file 'vida_interfaces.egg-info/SOURCES.txt'
[1.136s] writing manifest file 'vida_interfaces.egg-info/SOURCES.txt'
[1.159s] [  5%] Built target ament_cmake_python_build_vida_interfaces_egg
[1.181s] [35m[1mConsolidate compiler generated dependencies of target vida_interfaces__rosidl_generator_c[0m
[1.190s] [ 10%] [32mBuilding C object CMakeFiles/vida_interfaces__rosidl_generator_c.dir/rosidl_generator_c/vida_interfaces/msg/detail/controls__functions.c.o[0m
[1.190s] [ 10%] [32mBuilding C object CMakeFiles/vida_interfaces__rosidl_generator_c.dir/rosidl_generator_c/vida_interfaces/msg/detail/sensor_datas__functions.c.o[0m
[1.233s] [ 10%] Built target vida_interfaces__cpp
[1.242s] [ 15%] [34m[1mGenerating C++ type support for eProsima Fast-RTPS[0m
[1.242s] [ 15%] [34m[1mGenerating C++ type support dispatch for ROS interfaces[0m
[1.242s] [ 17%] [34m[1mGenerating C++ introspection for ROS interfaces[0m
[1.308s] [ 20%] [32m[1mLinking C shared library libvida_interfaces__rosidl_generator_c.so[0m
[1.372s] [ 20%] Built target vida_interfaces__rosidl_generator_c
[1.384s] [ 28%] [34m[1mGenerating C introspection for ROS interfaces[0m
[1.384s] [ 28%] [34m[1mGenerating C type support for eProsima Fast-RTPS[0m
[1.384s] [ 28%] [34m[1mGenerating C type support dispatch for ROS interfaces[0m
[1.505s] [35m[1mConsolidate compiler generated dependencies of target vida_interfaces__rosidl_typesupport_cpp[0m
[1.519s] [ 30%] [32mBuilding CXX object CMakeFiles/vida_interfaces__rosidl_typesupport_cpp.dir/rosidl_typesupport_cpp/vida_interfaces/msg/controls__type_support.cpp.o[0m
[1.520s] [ 33%] [32mBuilding CXX object CMakeFiles/vida_interfaces__rosidl_typesupport_cpp.dir/rosidl_typesupport_cpp/vida_interfaces/msg/sensor_datas__type_support.cpp.o[0m
[1.522s] [35m[1mConsolidate compiler generated dependencies of target vida_interfaces__rosidl_typesupport_introspection_cpp[0m
[1.542s] [ 35%] [32mBuilding CXX object CMakeFiles/vida_interfaces__rosidl_typesupport_introspection_cpp.dir/rosidl_typesupport_introspection_cpp/vida_interfaces/msg/detail/controls__type_support.cpp.o[0m
[1.553s] [ 38%] [32mBuilding CXX object CMakeFiles/vida_interfaces__rosidl_typesupport_introspection_cpp.dir/rosidl_typesupport_introspection_cpp/vida_interfaces/msg/detail/sensor_datas__type_support.cpp.o[0m
[1.583s] [35m[1mConsolidate compiler generated dependencies of target vida_interfaces__rosidl_typesupport_fastrtps_cpp[0m
[1.620s] [ 41%] [32mBuilding CXX object CMakeFiles/vida_interfaces__rosidl_typesupport_fastrtps_cpp.dir/rosidl_typesupport_fastrtps_cpp/vida_interfaces/msg/detail/dds_fastrtps/controls__type_support.cpp.o[0m
[1.784s] [35m[1mConsolidate compiler generated dependencies of target vida_interfaces__rosidl_typesupport_c[0m
[1.800s] [ 43%] [32mBuilding CXX object CMakeFiles/vida_interfaces__rosidl_typesupport_c.dir/rosidl_typesupport_c/vida_interfaces/msg/controls__type_support.cpp.o[0m
[1.825s] [35m[1mConsolidate compiler generated dependencies of target vida_interfaces__rosidl_typesupport_introspection_c[0m
[1.838s] [ 46%] [32mBuilding C object CMakeFiles/vida_interfaces__rosidl_typesupport_introspection_c.dir/rosidl_typesupport_introspection_c/vida_interfaces/msg/detail/controls__type_support.c.o[0m
[1.839s] [35m[1mConsolidate compiler generated dependencies of target vida_interfaces__rosidl_typesupport_fastrtps_c[0m
[1.854s] [ 48%] [32mBuilding CXX object CMakeFiles/vida_interfaces__rosidl_typesupport_fastrtps_c.dir/rosidl_typesupport_fastrtps_c/vida_interfaces/msg/detail/controls__type_support_c.cpp.o[0m
[1.870s] [ 51%] [32mBuilding CXX object CMakeFiles/vida_interfaces__rosidl_typesupport_c.dir/rosidl_typesupport_c/vida_interfaces/msg/sensor_datas__type_support.cpp.o[0m
[1.900s] [ 53%] [32mBuilding C object CMakeFiles/vida_interfaces__rosidl_typesupport_introspection_c.dir/rosidl_typesupport_introspection_c/vida_interfaces/msg/detail/sensor_datas__type_support.c.o[0m
[1.938s] [ 56%] [32m[1mLinking CXX shared library libvida_interfaces__rosidl_typesupport_c.so[0m
[1.946s] [ 58%] [32m[1mLinking C shared library libvida_interfaces__rosidl_typesupport_introspection_c.so[0m
[1.972s] [ 61%] [32mBuilding CXX object CMakeFiles/vida_interfaces__rosidl_typesupport_fastrtps_c.dir/rosidl_typesupport_fastrtps_c/vida_interfaces/msg/detail/sensor_datas__type_support_c.cpp.o[0m
[1.975s] [ 64%] [32m[1mLinking CXX shared library libvida_interfaces__rosidl_typesupport_cpp.so[0m
[2.011s] [ 64%] Built target vida_interfaces__rosidl_typesupport_c
[2.023s] [ 66%] [32mBuilding CXX object CMakeFiles/vida_interfaces__rosidl_typesupport_fastrtps_cpp.dir/rosidl_typesupport_fastrtps_cpp/vida_interfaces/msg/detail/dds_fastrtps/sensor_datas__type_support.cpp.o[0m
[2.045s] [ 66%] Built target vida_interfaces__rosidl_typesupport_cpp
[2.052s] [ 66%] Built target vida_interfaces__rosidl_typesupport_introspection_c
[2.107s] [ 69%] [32m[1mLinking CXX shared library libvida_interfaces__rosidl_typesupport_introspection_cpp.so[0m
[2.143s] [ 69%] Built target vida_interfaces__rosidl_typesupport_introspection_cpp
[2.360s] [ 71%] [32m[1mLinking CXX shared library libvida_interfaces__rosidl_typesupport_fastrtps_c.so[0m
[2.420s] [ 71%] Built target vida_interfaces__rosidl_typesupport_fastrtps_c
[2.424s] [ 74%] [32m[1mLinking CXX shared library libvida_interfaces__rosidl_typesupport_fastrtps_cpp.so[0m
[2.477s] [ 74%] Built target vida_interfaces__rosidl_typesupport_fastrtps_cpp
[2.492s] [ 74%] Built target vida_interfaces
[2.507s] [ 76%] [34m[1mGenerating Python code for ROS interfaces[0m
[2.792s] [ 76%] Built target vida_interfaces__py
[2.799s] [35m[1mConsolidate compiler generated dependencies of target vida_interfaces__rosidl_generator_py[0m
[2.809s] [ 79%] [32mBuilding C object CMakeFiles/vida_interfaces__rosidl_generator_py.dir/rosidl_generator_py/vida_interfaces/msg/_controls_s.c.o[0m
[2.809s] [ 82%] [32mBuilding C object CMakeFiles/vida_interfaces__rosidl_generator_py.dir/rosidl_generator_py/vida_interfaces/msg/_sensor_datas_s.c.o[0m
[2.896s] [ 84%] [32m[1mLinking C shared library rosidl_generator_py/vida_interfaces/libvida_interfaces__rosidl_generator_py.so[0m
[2.926s] [ 84%] Built target vida_interfaces__rosidl_generator_py
[2.934s] [35m[1mConsolidate compiler generated dependencies of target vida_interfaces__rosidl_typesupport_fastrtps_c__pyext[0m
[2.935s] [35m[1mConsolidate compiler generated dependencies of target vida_interfaces__rosidl_typesupport_introspection_c__pyext[0m
[2.935s] [35m[1mConsolidate compiler generated dependencies of target vida_interfaces__rosidl_typesupport_c__pyext[0m
[2.947s] [ 89%] [32mBuilding C object CMakeFiles/vida_interfaces__rosidl_typesupport_introspection_c__pyext.dir/rosidl_generator_py/vida_interfaces/_vida_interfaces_s.ep.rosidl_typesupport_introspection_c.c.o[0m
[2.947s] [ 89%] [32mBuilding C object CMakeFiles/vida_interfaces__rosidl_typesupport_c__pyext.dir/rosidl_generator_py/vida_interfaces/_vida_interfaces_s.ep.rosidl_typesupport_c.c.o[0m
[2.949s] [ 92%] [32mBuilding C object CMakeFiles/vida_interfaces__rosidl_typesupport_fastrtps_c__pyext.dir/rosidl_generator_py/vida_interfaces/_vida_interfaces_s.ep.rosidl_typesupport_fastrtps_c.c.o[0m
[3.020s] [ 94%] [32m[1mLinking C shared library rosidl_generator_py/vida_interfaces/vida_interfaces_s__rosidl_typesupport_c.cpython-310-x86_64-linux-gnu.so[0m
[3.021s] [ 97%] [32m[1mLinking C shared library rosidl_generator_py/vida_interfaces/vida_interfaces_s__rosidl_typesupport_introspection_c.cpython-310-x86_64-linux-gnu.so[0m
[3.046s] [ 97%] Built target vida_interfaces__rosidl_typesupport_c__pyext
[3.047s] [ 97%] Built target vida_interfaces__rosidl_typesupport_introspection_c__pyext
[3.072s] [100%] [32m[1mLinking C shared library rosidl_generator_py/vida_interfaces/vida_interfaces_s__rosidl_typesupport_fastrtps_c.cpython-310-x86_64-linux-gnu.so[0m
[3.097s] [100%] Built target vida_interfaces__rosidl_typesupport_fastrtps_c__pyext
[3.106s] Invoked command in '/home/whilker/Documents/Vida/Ros/build/vida_interfaces' returned '0': CMAKE_PREFIX_PATH=${CMAKE_PREFIX_PATH}:/opt/ros/humble /usr/bin/cmake --build /home/whilker/Documents/Vida/Ros/build/vida_interfaces -- -j8 -l8
[3.171s] Invoking command in '/home/whilker/Documents/Vida/Ros/build/vida_interfaces': CMAKE_PREFIX_PATH=${CMAKE_PREFIX_PATH}:/opt/ros/humble /usr/bin/cmake --install /home/whilker/Documents/Vida/Ros/build/vida_interfaces
[3.177s] -- Install configuration: ""
[3.177s] -- Installing: /home/whilker/Documents/Vida/Ros/install/vida_interfaces/share/ament_index/resource_index/rosidl_interfaces/vida_interfaces
[3.177s] -- Up-to-date: /home/whilker/Documents/Vida/Ros/install/vida_interfaces/include/vida_interfaces/vida_interfaces
[3.178s] -- Up-to-date: /home/whilker/Documents/Vida/Ros/install/vida_interfaces/include/vida_interfaces/vida_interfaces/msg
[3.178s] -- Installing: /home/whilker/Documents/Vida/Ros/install/vida_interfaces/include/vida_interfaces/vida_interfaces/msg/sensor_datas.h
[3.178s] -- Installing: /home/whilker/Documents/Vida/Ros/install/vida_interfaces/include/vida_interfaces/vida_interfaces/msg/controls.h
[3.178s] -- Up-to-date: /home/whilker/Documents/Vida/Ros/install/vida_interfaces/include/vida_interfaces/vida_interfaces/msg/detail
[3.178s] -- Installing: /home/whilker/Documents/Vida/Ros/install/vida_interfaces/include/vida_interfaces/vida_interfaces/msg/detail/controls__functions.h
[3.178s] -- Installing: /home/whilker/Documents/Vida/Ros/install/vida_interfaces/include/vida_interfaces/vida_interfaces/msg/detail/sensor_datas__type_support.h
[3.178s] -- Installing: /home/whilker/Documents/Vida/Ros/install/vida_interfaces/include/vida_interfaces/vida_interfaces/msg/detail/sensor_datas__functions.h
[3.178s] -- Installing: /home/whilker/Documents/Vida/Ros/install/vida_interfaces/include/vida_interfaces/vida_interfaces/msg/detail/controls__functions.c
[3.178s] -- Installing: /home/whilker/Documents/Vida/Ros/install/vida_interfaces/include/vida_interfaces/vida_interfaces/msg/detail/sensor_datas__struct.h
[3.178s] -- Installing: /home/whilker/Documents/Vida/Ros/install/vida_interfaces/include/vida_interfaces/vida_interfaces/msg/detail/controls__type_support.h
[3.179s] -- Installing: /home/whilker/Documents/Vida/Ros/install/vida_interfaces/include/vida_interfaces/vida_interfaces/msg/detail/sensor_datas__functions.c
[3.179s] -- Installing: /home/whilker/Documents/Vida/Ros/install/vida_interfaces/include/vida_interfaces/vida_interfaces/msg/detail/controls__struct.h
[3.179s] -- Up-to-date: /home/whilker/Documents/Vida/Ros/install/vida_interfaces/include/vida_interfaces/vida_interfaces/msg/rosidl_generator_c__visibility_control.h
[3.179s] -- Up-to-date: /home/whilker/Documents/Vida/Ros/install/vida_interfaces/share/vida_interfaces/environment/library_path.sh
[3.179s] -- Installing: /home/whilker/Documents/Vida/Ros/install/vida_interfaces/share/vida_interfaces/environment/library_path.dsv
[3.180s] -- Installing: /home/whilker/Documents/Vida/Ros/install/vida_interfaces/lib/libvida_interfaces__rosidl_generator_c.so
[3.180s] -- Set runtime path of "/home/whilker/Documents/Vida/Ros/install/vida_interfaces/lib/libvida_interfaces__rosidl_generator_c.so" to ""
[3.180s] -- Up-to-date: /home/whilker/Documents/Vida/Ros/install/vida_interfaces/include/vida_interfaces/vida_interfaces
[3.180s] -- Up-to-date: /home/whilker/Documents/Vida/Ros/install/vida_interfaces/include/vida_interfaces/vida_interfaces/msg
[3.180s] -- Up-to-date: /home/whilker/Documents/Vida/Ros/install/vida_interfaces/include/vida_interfaces/vida_interfaces/msg/rosidl_typesupport_fastrtps_c__visibility_control.h
[3.181s] -- Up-to-date: /home/whilker/Documents/Vida/Ros/install/vida_interfaces/include/vida_interfaces/vida_interfaces/msg/detail
[3.181s] -- Installing: /home/whilker/Documents/Vida/Ros/install/vida_interfaces/include/vida_interfaces/vida_interfaces/msg/detail/sensor_datas__rosidl_typesupport_fastrtps_c.h
[3.181s] -- Installing: /home/whilker/Documents/Vida/Ros/install/vida_interfaces/include/vida_interfaces/vida_interfaces/msg/detail/controls__rosidl_typesupport_fastrtps_c.h
[3.181s] -- Installing: /home/whilker/Documents/Vida/Ros/install/vida_interfaces/lib/libvida_interfaces__rosidl_typesupport_fastrtps_c.so
[3.182s] -- Set runtime path of "/home/whilker/Documents/Vida/Ros/install/vida_interfaces/lib/libvida_interfaces__rosidl_typesupport_fastrtps_c.so" to ""
[3.182s] -- Up-to-date: /home/whilker/Documents/Vida/Ros/install/vida_interfaces/include/vida_interfaces/vida_interfaces
[3.182s] -- Up-to-date: /home/whilker/Documents/Vida/Ros/install/vida_interfaces/include/vida_interfaces/vida_interfaces/msg
[3.182s] -- Up-to-date: /home/whilker/Documents/Vida/Ros/install/vida_interfaces/include/vida_interfaces/vida_interfaces/msg/rosidl_typesupport_introspection_c__visibility_control.h
[3.182s] -- Up-to-date: /home/whilker/Documents/Vida/Ros/install/vida_interfaces/include/vida_interfaces/vida_interfaces/msg/detail
[3.182s] -- Installing: /home/whilker/Documents/Vida/Ros/install/vida_interfaces/include/vida_interfaces/vida_interfaces/msg/detail/controls__type_support.c
[3.182s] -- Installing: /home/whilker/Documents/Vida/Ros/install/vida_interfaces/include/vida_interfaces/vida_interfaces/msg/detail/sensor_datas__rosidl_typesupport_introspection_c.h
[3.182s] -- Installing: /home/whilker/Documents/Vida/Ros/install/vida_interfaces/include/vida_interfaces/vida_interfaces/msg/detail/sensor_datas__type_support.c
[3.182s] -- Installing: /home/whilker/Documents/Vida/Ros/install/vida_interfaces/include/vida_interfaces/vida_interfaces/msg/detail/controls__rosidl_typesupport_introspection_c.h
[3.183s] -- Installing: /home/whilker/Documents/Vida/Ros/install/vida_interfaces/lib/libvida_interfaces__rosidl_typesupport_introspection_c.so
[3.183s] -- Set runtime path of "/home/whilker/Documents/Vida/Ros/install/vida_interfaces/lib/libvida_interfaces__rosidl_typesupport_introspection_c.so" to ""
[3.183s] -- Installing: /home/whilker/Documents/Vida/Ros/install/vida_interfaces/lib/libvida_interfaces__rosidl_typesupport_c.so
[3.184s] -- Set runtime path of "/home/whilker/Documents/Vida/Ros/install/vida_interfaces/lib/libvida_interfaces__rosidl_typesupport_c.so" to ""
[3.184s] -- Up-to-date: /home/whilker/Documents/Vida/Ros/install/vida_interfaces/include/vida_interfaces/vida_interfaces
[3.184s] -- Up-to-date: /home/whilker/Documents/Vida/Ros/install/vida_interfaces/include/vida_interfaces/vida_interfaces/msg
[3.184s] -- Installing: /home/whilker/Documents/Vida/Ros/install/vida_interfaces/include/vida_interfaces/vida_interfaces/msg/controls.hpp
[3.184s] -- Installing: /home/whilker/Documents/Vida/Ros/install/vida_interfaces/include/vida_interfaces/vida_interfaces/msg/sensor_datas.hpp
[3.184s] -- Up-to-date: /home/whilker/Documents/Vida/Ros/install/vida_interfaces/include/vida_interfaces/vida_interfaces/msg/detail
[3.184s] -- Installing: /home/whilker/Documents/Vida/Ros/install/vida_interfaces/include/vida_interfaces/vida_interfaces/msg/detail/sensor_datas__traits.hpp
[3.184s] -- Installing: /home/whilker/Documents/Vida/Ros/install/vida_interfaces/include/vida_interfaces/vida_interfaces/msg/detail/sensor_datas__builder.hpp
[3.185s] -- Installing: /home/whilker/Documents/Vida/Ros/install/vida_interfaces/include/vida_interfaces/vida_interfaces/msg/detail/controls__builder.hpp
[3.185s] -- Installing: /home/whilker/Documents/Vida/Ros/install/vida_interfaces/include/vida_interfaces/vida_interfaces/msg/detail/sensor_datas__struct.hpp
[3.185s] -- Installing: /home/whilker/Documents/Vida/Ros/install/vida_interfaces/include/vida_interfaces/vida_interfaces/msg/detail/controls__traits.hpp
[3.185s] -- Installing: /home/whilker/Documents/Vida/Ros/install/vida_interfaces/include/vida_interfaces/vida_interfaces/msg/detail/controls__struct.hpp
[3.185s] -- Up-to-date: /home/whilker/Documents/Vida/Ros/install/vida_interfaces/include/vida_interfaces/vida_interfaces
[3.185s] -- Up-to-date: /home/whilker/Documents/Vida/Ros/install/vida_interfaces/include/vida_interfaces/vida_interfaces/msg
[3.185s] -- Up-to-date: /home/whilker/Documents/Vida/Ros/install/vida_interfaces/include/vida_interfaces/vida_interfaces/msg/rosidl_typesupport_fastrtps_cpp__visibility_control.h
[3.185s] -- Up-to-date: /home/whilker/Documents/Vida/Ros/install/vida_interfaces/include/vida_interfaces/vida_interfaces/msg/detail
[3.185s] -- Installing: /home/whilker/Documents/Vida/Ros/install/vida_interfaces/include/vida_interfaces/vida_interfaces/msg/detail/controls__rosidl_typesupport_fastrtps_cpp.hpp
[3.185s] -- Installing: /home/whilker/Documents/Vida/Ros/install/vida_interfaces/include/vida_interfaces/vida_interfaces/msg/detail/sensor_datas__rosidl_typesupport_fastrtps_cpp.hpp
[3.186s] -- Up-to-date: /home/whilker/Documents/Vida/Ros/install/vida_interfaces/include/vida_interfaces/vida_interfaces/msg/detail/dds_fastrtps
[3.186s] -- Installing: /home/whilker/Documents/Vida/Ros/install/vida_interfaces/lib/libvida_interfaces__rosidl_typesupport_fastrtps_cpp.so
[3.186s] -- Set runtime path of "/home/whilker/Documents/Vida/Ros/install/vida_interfaces/lib/libvida_interfaces__rosidl_typesupport_fastrtps_cpp.so" to ""
[3.186s] -- Up-to-date: /home/whilker/Documents/Vida/Ros/install/vida_interfaces/include/vida_interfaces/vida_interfaces
[3.186s] -- Up-to-date: /home/whilker/Documents/Vida/Ros/install/vida_interfaces/include/vida_interfaces/vida_interfaces/msg
[3.186s] -- Up-to-date: /home/whilker/Documents/Vida/Ros/install/vida_interfaces/include/vida_interfaces/vida_interfaces/msg/detail
[3.187s] -- Installing: /home/whilker/Documents/Vida/Ros/install/vida_interfaces/include/vida_interfaces/vida_interfaces/msg/detail/controls__rosidl_typesupport_introspection_cpp.hpp
[3.187s] -- Installing: /home/whilker/Documents/Vida/Ros/install/vida_interfaces/include/vida_interfaces/vida_interfaces/msg/detail/controls__type_support.cpp
[3.187s] -- Installing: /home/whilker/Documents/Vida/Ros/install/vida_interfaces/include/vida_interfaces/vida_interfaces/msg/detail/sensor_datas__type_support.cpp
[3.187s] -- Installing: /home/whilker/Documents/Vida/Ros/install/vida_interfaces/include/vida_interfaces/vida_interfaces/msg/detail/sensor_datas__rosidl_typesupport_introspection_cpp.hpp
[3.187s] -- Installing: /home/whilker/Documents/Vida/Ros/install/vida_interfaces/lib/libvida_interfaces__rosidl_typesupport_introspection_cpp.so
[3.187s] -- Set runtime path of "/home/whilker/Documents/Vida/Ros/install/vida_interfaces/lib/libvida_interfaces__rosidl_typesupport_introspection_cpp.so" to ""
[3.188s] -- Installing: /home/whilker/Documents/Vida/Ros/install/vida_interfaces/lib/libvida_interfaces__rosidl_typesupport_cpp.so
[3.188s] -- Set runtime path of "/home/whilker/Documents/Vida/Ros/install/vida_interfaces/lib/libvida_interfaces__rosidl_typesupport_cpp.so" to ""
[3.189s] -- Up-to-date: /home/whilker/Documents/Vida/Ros/install/vida_interfaces/share/vida_interfaces/environment/pythonpath.sh
[3.189s] -- Installing: /home/whilker/Documents/Vida/Ros/install/vida_interfaces/share/vida_interfaces/environment/pythonpath.dsv
[3.189s] -- Up-to-date: /home/whilker/Documents/Vida/Ros/install/vida_interfaces/local/lib/python3.10/dist-packages/vida_interfaces-0.0.0-py3.10.egg-info
[3.189s] -- Installing: /home/whilker/Documents/Vida/Ros/install/vida_interfaces/local/lib/python3.10/dist-packages/vida_interfaces-0.0.0-py3.10.egg-info/dependency_links.txt
[3.189s] -- Installing: /home/whilker/Documents/Vida/Ros/install/vida_interfaces/local/lib/python3.10/dist-packages/vida_interfaces-0.0.0-py3.10.egg-info/top_level.txt
[3.189s] -- Installing: /home/whilker/Documents/Vida/Ros/install/vida_interfaces/local/lib/python3.10/dist-packages/vida_interfaces-0.0.0-py3.10.egg-info/PKG-INFO
[3.189s] -- Installing: /home/whilker/Documents/Vida/Ros/install/vida_interfaces/local/lib/python3.10/dist-packages/vida_interfaces-0.0.0-py3.10.egg-info/SOURCES.txt
[3.189s] -- Up-to-date: /home/whilker/Documents/Vida/Ros/install/vida_interfaces/local/lib/python3.10/dist-packages/vida_interfaces
[3.189s] -- Up-to-date: /home/whilker/Documents/Vida/Ros/install/vida_interfaces/local/lib/python3.10/dist-packages/vida_interfaces/msg
[3.190s] -- Installing: /home/whilker/Documents/Vida/Ros/install/vida_interfaces/local/lib/python3.10/dist-packages/vida_interfaces/msg/_sensor_datas_s.c
[3.190s] -- Installing: /home/whilker/Documents/Vida/Ros/install/vida_interfaces/local/lib/python3.10/dist-packages/vida_interfaces/msg/__init__.py
[3.190s] -- Installing: /home/whilker/Documents/Vida/Ros/install/vida_interfaces/local/lib/python3.10/dist-packages/vida_interfaces/msg/_sensor_datas.py
[3.190s] -- Installing: /home/whilker/Documents/Vida/Ros/install/vida_interfaces/local/lib/python3.10/dist-packages/vida_interfaces/msg/_controls_s.c
[3.190s] -- Installing: /home/whilker/Documents/Vida/Ros/install/vida_interfaces/local/lib/python3.10/dist-packages/vida_interfaces/msg/_controls.py
[3.190s] -- Installing: /home/whilker/Documents/Vida/Ros/install/vida_interfaces/local/lib/python3.10/dist-packages/vida_interfaces/libvida_interfaces__rosidl_generator_py.so
[3.190s] -- Installing: /home/whilker/Documents/Vida/Ros/install/vida_interfaces/local/lib/python3.10/dist-packages/vida_interfaces/__init__.py
[3.190s] -- Installing: /home/whilker/Documents/Vida/Ros/install/vida_interfaces/local/lib/python3.10/dist-packages/vida_interfaces/vida_interfaces_s__rosidl_typesupport_c.cpython-310-x86_64-linux-gnu.so
[3.190s] -- Installing: /home/whilker/Documents/Vida/Ros/install/vida_interfaces/local/lib/python3.10/dist-packages/vida_interfaces/_vida_interfaces_s.ep.rosidl_typesupport_c.c
[3.191s] -- Installing: /home/whilker/Documents/Vida/Ros/install/vida_interfaces/local/lib/python3.10/dist-packages/vida_interfaces/_vida_interfaces_s.ep.rosidl_typesupport_introspection_c.c
[3.191s] -- Installing: /home/whilker/Documents/Vida/Ros/install/vida_interfaces/local/lib/python3.10/dist-packages/vida_interfaces/vida_interfaces_s__rosidl_typesupport_fastrtps_c.cpython-310-x86_64-linux-gnu.so
[3.191s] -- Installing: /home/whilker/Documents/Vida/Ros/install/vida_interfaces/local/lib/python3.10/dist-packages/vida_interfaces/_vida_interfaces_s.ep.rosidl_typesupport_fastrtps_c.c
[3.191s] -- Installing: /home/whilker/Documents/Vida/Ros/install/vida_interfaces/local/lib/python3.10/dist-packages/vida_interfaces/vida_interfaces_s__rosidl_typesupport_introspection_c.cpython-310-x86_64-linux-gnu.so
[3.219s] Listing '/home/whilker/Documents/Vida/Ros/install/vida_interfaces/local/lib/python3.10/dist-packages/vida_interfaces'...
[3.220s] Compiling '/home/whilker/Documents/Vida/Ros/install/vida_interfaces/local/lib/python3.10/dist-packages/vida_interfaces/__init__.py'...
[3.220s] Listing '/home/whilker/Documents/Vida/Ros/install/vida_interfaces/local/lib/python3.10/dist-packages/vida_interfaces/msg'...
[3.220s] Compiling '/home/whilker/Documents/Vida/Ros/install/vida_interfaces/local/lib/python3.10/dist-packages/vida_interfaces/msg/__init__.py'...
[3.220s] Compiling '/home/whilker/Documents/Vida/Ros/install/vida_interfaces/local/lib/python3.10/dist-packages/vida_interfaces/msg/_controls.py'...
[3.220s] Compiling '/home/whilker/Documents/Vida/Ros/install/vida_interfaces/local/lib/python3.10/dist-packages/vida_interfaces/msg/_sensor_datas.py'...
[3.223s] -- Installing: /home/whilker/Documents/Vida/Ros/install/vida_interfaces/local/lib/python3.10/dist-packages/vida_interfaces/vida_interfaces_s__rosidl_typesupport_fastrtps_c.cpython-310-x86_64-linux-gnu.so
[3.223s] -- Set runtime path of "/home/whilker/Documents/Vida/Ros/install/vida_interfaces/local/lib/python3.10/dist-packages/vida_interfaces/vida_interfaces_s__rosidl_typesupport_fastrtps_c.cpython-310-x86_64-linux-gnu.so" to ""
[3.224s] -- Installing: /home/whilker/Documents/Vida/Ros/install/vida_interfaces/local/lib/python3.10/dist-packages/vida_interfaces/vida_interfaces_s__rosidl_typesupport_introspection_c.cpython-310-x86_64-linux-gnu.so
[3.224s] -- Set runtime path of "/home/whilker/Documents/Vida/Ros/install/vida_interfaces/local/lib/python3.10/dist-packages/vida_interfaces/vida_interfaces_s__rosidl_typesupport_introspection_c.cpython-310-x86_64-linux-gnu.so" to ""
[3.224s] -- Installing: /home/whilker/Documents/Vida/Ros/install/vida_interfaces/local/lib/python3.10/dist-packages/vida_interfaces/vida_interfaces_s__rosidl_typesupport_c.cpython-310-x86_64-linux-gnu.so
[3.224s] -- Set runtime path of "/home/whilker/Documents/Vida/Ros/install/vida_interfaces/local/lib/python3.10/dist-packages/vida_interfaces/vida_interfaces_s__rosidl_typesupport_c.cpython-310-x86_64-linux-gnu.so" to ""
[3.225s] -- Installing: /home/whilker/Documents/Vida/Ros/install/vida_interfaces/lib/libvida_interfaces__rosidl_generator_py.so
[3.225s] -- Set runtime path of "/home/whilker/Documents/Vida/Ros/install/vida_interfaces/lib/libvida_interfaces__rosidl_generator_py.so" to ""
[3.225s] -- Up-to-date: /home/whilker/Documents/Vida/Ros/install/vida_interfaces/share/vida_interfaces/msg/Controls.idl
[3.225s] -- Installing: /home/whilker/Documents/Vida/Ros/install/vida_interfaces/share/vida_interfaces/msg/SensorDatas.idl
[3.226s] -- Up-to-date: /home/whilker/Documents/Vida/Ros/install/vida_interfaces/share/vida_interfaces/msg/Controls.msg
[3.226s] -- Installing: /home/whilker/Documents/Vida/Ros/install/vida_interfaces/share/vida_interfaces/msg/SensorDatas.msg
[3.226s] -- Up-to-date: /home/whilker/Documents/Vida/Ros/install/vida_interfaces/share/ament_index/resource_index/package_run_dependencies/vida_interfaces
[3.226s] -- Installing: /home/whilker/Documents/Vida/Ros/install/vida_interfaces/share/ament_index/resource_index/parent_prefix_path/vida_interfaces
[3.226s] -- Up-to-date: /home/whilker/Documents/Vida/Ros/install/vida_interfaces/share/vida_interfaces/environment/ament_prefix_path.sh
[3.226s] -- Installing: /home/whilker/Documents/Vida/Ros/install/vida_interfaces/share/vida_interfaces/environment/ament_prefix_path.dsv
[3.226s] -- Up-to-date: /home/whilker/Documents/Vida/Ros/install/vida_interfaces/share/vida_interfaces/environment/path.sh
[3.226s] -- Installing: /home/whilker/Documents/Vida/Ros/install/vida_interfaces/share/vida_interfaces/environment/path.dsv
[3.226s] -- Up-to-date: /home/whilker/Documents/Vida/Ros/install/vida_interfaces/share/vida_interfaces/local_setup.bash
[3.226s] -- Up-to-date: /home/whilker/Documents/Vida/Ros/install/vida_interfaces/share/vida_interfaces/local_setup.sh
[3.227s] -- Up-to-date: /home/whilker/Documents/Vida/Ros/install/vida_interfaces/share/vida_interfaces/local_setup.zsh
[3.227s] -- Installing: /home/whilker/Documents/Vida/Ros/install/vida_interfaces/share/vida_interfaces/local_setup.dsv
[3.227s] -- Installing: /home/whilker/Documents/Vida/Ros/install/vida_interfaces/share/vida_interfaces/package.dsv
[3.227s] -- Up-to-date: /home/whilker/Documents/Vida/Ros/install/vida_interfaces/share/ament_index/resource_index/packages/vida_interfaces
[3.227s] -- Up-to-date: /home/whilker/Documents/Vida/Ros/install/vida_interfaces/share/vida_interfaces/cmake/export_vida_interfaces__rosidl_generator_cExport.cmake
[3.227s] -- Up-to-date: /home/whilker/Documents/Vida/Ros/install/vida_interfaces/share/vida_interfaces/cmake/export_vida_interfaces__rosidl_generator_cExport-noconfig.cmake
[3.227s] -- Up-to-date: /home/whilker/Documents/Vida/Ros/install/vida_interfaces/share/vida_interfaces/cmake/export_vida_interfaces__rosidl_typesupport_fastrtps_cExport.cmake
[3.227s] -- Up-to-date: /home/whilker/Documents/Vida/Ros/install/vida_interfaces/share/vida_interfaces/cmake/export_vida_interfaces__rosidl_typesupport_fastrtps_cExport-noconfig.cmake
[3.228s] -- Up-to-date: /home/whilker/Documents/Vida/Ros/install/vida_interfaces/share/vida_interfaces/cmake/vida_interfaces__rosidl_typesupport_introspection_cExport.cmake
[3.228s] -- Up-to-date: /home/whilker/Documents/Vida/Ros/install/vida_interfaces/share/vida_interfaces/cmake/vida_interfaces__rosidl_typesupport_introspection_cExport-noconfig.cmake
[3.228s] -- Up-to-date: /home/whilker/Documents/Vida/Ros/install/vida_interfaces/share/vida_interfaces/cmake/vida_interfaces__rosidl_typesupport_cExport.cmake
[3.228s] -- Up-to-date: /home/whilker/Documents/Vida/Ros/install/vida_interfaces/share/vida_interfaces/cmake/vida_interfaces__rosidl_typesupport_cExport-noconfig.cmake
[3.228s] -- Up-to-date: /home/whilker/Documents/Vida/Ros/install/vida_interfaces/share/vida_interfaces/cmake/export_vida_interfaces__rosidl_generator_cppExport.cmake
[3.229s] -- Up-to-date: /home/whilker/Documents/Vida/Ros/install/vida_interfaces/share/vida_interfaces/cmake/export_vida_interfaces__rosidl_typesupport_fastrtps_cppExport.cmake
[3.229s] -- Up-to-date: /home/whilker/Documents/Vida/Ros/install/vida_interfaces/share/vida_interfaces/cmake/export_vida_interfaces__rosidl_typesupport_fastrtps_cppExport-noconfig.cmake
[3.229s] -- Up-to-date: /home/whilker/Documents/Vida/Ros/install/vida_interfaces/share/vida_interfaces/cmake/vida_interfaces__rosidl_typesupport_introspection_cppExport.cmake
[3.229s] -- Up-to-date: /home/whilker/Documents/Vida/Ros/install/vida_interfaces/share/vida_interfaces/cmake/vida_interfaces__rosidl_typesupport_introspection_cppExport-noconfig.cmake
[3.229s] -- Up-to-date: /home/whilker/Documents/Vida/Ros/install/vida_interfaces/share/vida_interfaces/cmake/vida_interfaces__rosidl_typesupport_cppExport.cmake
[3.229s] -- Up-to-date: /home/whilker/Documents/Vida/Ros/install/vida_interfaces/share/vida_interfaces/cmake/vida_interfaces__rosidl_typesupport_cppExport-noconfig.cmake
[3.230s] -- Up-to-date: /home/whilker/Documents/Vida/Ros/install/vida_interfaces/share/vida_interfaces/cmake/export_vida_interfaces__rosidl_generator_pyExport.cmake
[3.230s] -- Up-to-date: /home/whilker/Documents/Vida/Ros/install/vida_interfaces/share/vida_interfaces/cmake/export_vida_interfaces__rosidl_generator_pyExport-noconfig.cmake
[3.230s] -- Installing: /home/whilker/Documents/Vida/Ros/install/vida_interfaces/share/vida_interfaces/cmake/rosidl_cmake-extras.cmake
[3.230s] -- Up-to-date: /home/whilker/Documents/Vida/Ros/install/vida_interfaces/share/vida_interfaces/cmake/ament_cmake_export_include_directories-extras.cmake
[3.230s] -- Up-to-date: /home/whilker/Documents/Vida/Ros/install/vida_interfaces/share/vida_interfaces/cmake/ament_cmake_export_libraries-extras.cmake
[3.230s] -- Up-to-date: /home/whilker/Documents/Vida/Ros/install/vida_interfaces/share/vida_interfaces/cmake/ament_cmake_export_targets-extras.cmake
[3.230s] -- Up-to-date: /home/whilker/Documents/Vida/Ros/install/vida_interfaces/share/vida_interfaces/cmake/rosidl_cmake_export_typesupport_targets-extras.cmake
[3.230s] -- Up-to-date: /home/whilker/Documents/Vida/Ros/install/vida_interfaces/share/vida_interfaces/cmake/ament_cmake_export_dependencies-extras.cmake
[3.230s] -- Up-to-date: /home/whilker/Documents/Vida/Ros/install/vida_interfaces/share/vida_interfaces/cmake/rosidl_cmake_export_typesupport_libraries-extras.cmake
[3.231s] -- Up-to-date: /home/whilker/Documents/Vida/Ros/install/vida_interfaces/share/vida_interfaces/cmake/vida_interfacesConfig.cmake
[3.231s] -- Up-to-date: /home/whilker/Documents/Vida/Ros/install/vida_interfaces/share/vida_interfaces/cmake/vida_interfacesConfig-version.cmake
[3.231s] -- Up-to-date: /home/whilker/Documents/Vida/Ros/install/vida_interfaces/share/vida_interfaces/package.xml
[3.233s] Invoked command in '/home/whilker/Documents/Vida/Ros/build/vida_interfaces' returned '0': CMAKE_PREFIX_PATH=${CMAKE_PREFIX_PATH}:/opt/ros/humble /usr/bin/cmake --install /home/whilker/Documents/Vida/Ros/build/vida_interfaces
