[0.065s] DEBUG:colcon:Command line arguments: ['/usr/bin/colcon', 'build', '--packages-select', 'RemoteControl']
[0.065s] DEBUG:colcon:Parsed command line arguments: Namespace(log_base=None, log_level=None, verb_name='build', build_base='build', install_base='install', merge_install=False, symlink_install=False, test_result_base=None, continue_on_error=False, executor='parallel', parallel_workers=8, event_handlers=None, ignore_user_meta=False, metas=['./colcon.meta'], base_paths=['.'], packages_ignore=None, packages_ignore_regex=None, paths=None, packages_up_to=None, packages_up_to_regex=None, packages_above=None, packages_above_and_dependencies=None, packages_above_depth=None, packages_select_by_dep=None, packages_skip_by_dep=None, packages_skip_up_to=None, packages_select_build_failed=False, packages_skip_build_finished=False, packages_select_test_failures=False, packages_skip_test_passed=False, packages_select=['RemoteControl'], packages_skip=None, packages_select_regex=None, packages_skip_regex=None, packages_start=None, packages_end=None, allow_overriding=[], cmake_args=None, cmake_target=None, cmake_target_skip_unavailable=False, cmake_clean_cache=False, cmake_clean_first=False, cmake_force_configure=False, ament_cmake_args=None, catkin_cmake_args=None, catkin_skip_building_tests=False, verb_parser=<colcon_defaults.argument_parser.defaults.DefaultArgumentsDecorator object at 0x6ffce8400460>, verb_extension=<colcon_core.verb.build.BuildVerb object at 0x6ffce83cbf10>, main=<bound method BuildVerb.main of <colcon_core.verb.build.BuildVerb object at 0x6ffce83cbf10>>)
[0.168s] Level 1:colcon.colcon_core.package_discovery:discover_packages(colcon_meta) check parameters
[0.169s] Level 1:colcon.colcon_core.package_discovery:discover_packages(recursive) check parameters
[0.169s] Level 1:colcon.colcon_core.package_discovery:discover_packages(ignore) check parameters
[0.169s] Level 1:colcon.colcon_core.package_discovery:discover_packages(path) check parameters
[0.169s] Level 1:colcon.colcon_core.package_discovery:discover_packages(colcon_meta) discover
[0.169s] Level 1:colcon.colcon_core.package_discovery:discover_packages(recursive) discover
[0.169s] INFO:colcon.colcon_core.package_discovery:Crawling recursively for packages in '/home/whilker/Documents/Vida'
[0.169s] Level 1:colcon.colcon_core.package_identification:_identify(.) by extensions ['ignore', 'ignore_ament_install']
[0.169s] Level 1:colcon.colcon_core.package_identification:_identify(.) by extension 'ignore'
[0.169s] Level 1:colcon.colcon_core.package_identification:_identify(.) by extension 'ignore_ament_install'
[0.169s] Level 1:colcon.colcon_core.package_identification:_identify(.) by extensions ['colcon_pkg']
[0.169s] Level 1:colcon.colcon_core.package_identification:_identify(.) by extension 'colcon_pkg'
[0.169s] Level 1:colcon.colcon_core.package_identification:_identify(.) by extensions ['colcon_meta']
[0.169s] Level 1:colcon.colcon_core.package_identification:_identify(.) by extension 'colcon_meta'
[0.169s] Level 1:colcon.colcon_core.package_identification:_identify(.) by extensions ['ros']
[0.169s] Level 1:colcon.colcon_core.package_identification:_identify(.) by extension 'ros'
[0.177s] Level 1:colcon.colcon_core.package_identification:_identify(.) by extensions ['cmake', 'python']
[0.177s] Level 1:colcon.colcon_core.package_identification:_identify(.) by extension 'cmake'
[0.177s] Level 1:colcon.colcon_core.package_identification:_identify(.) by extension 'python'
[0.177s] Level 1:colcon.colcon_core.package_identification:_identify(.) by extensions ['python_setup_py']
[0.177s] Level 1:colcon.colcon_core.package_identification:_identify(.) by extension 'python_setup_py'
[0.177s] Level 1:colcon.colcon_core.package_identification:_identify(build) by extensions ['ignore', 'ignore_ament_install']
[0.177s] Level 1:colcon.colcon_core.package_identification:_identify(build) by extension 'ignore'
[0.177s] Level 1:colcon.colcon_core.package_identification:_identify(build) ignored
[0.177s] Level 1:colcon.colcon_core.package_identification:_identify(install) by extensions ['ignore', 'ignore_ament_install']
[0.177s] Level 1:colcon.colcon_core.package_identification:_identify(install) by extension 'ignore'
[0.177s] Level 1:colcon.colcon_core.package_identification:_identify(install) ignored
[0.177s] Level 1:colcon.colcon_core.package_identification:_identify(log) by extensions ['ignore', 'ignore_ament_install']
[0.177s] Level 1:colcon.colcon_core.package_identification:_identify(log) by extension 'ignore'
[0.177s] Level 1:colcon.colcon_core.package_identification:_identify(log) ignored
[0.177s] Level 1:colcon.colcon_core.package_identification:_identify(src) by extensions ['ignore', 'ignore_ament_install']
[0.177s] Level 1:colcon.colcon_core.package_identification:_identify(src) by extension 'ignore'
[0.178s] Level 1:colcon.colcon_core.package_identification:_identify(src) by extension 'ignore_ament_install'
[0.178s] Level 1:colcon.colcon_core.package_identification:_identify(src) by extensions ['colcon_pkg']
[0.178s] Level 1:colcon.colcon_core.package_identification:_identify(src) by extension 'colcon_pkg'
[0.178s] Level 1:colcon.colcon_core.package_identification:_identify(src) by extensions ['colcon_meta']
[0.178s] Level 1:colcon.colcon_core.package_identification:_identify(src) by extension 'colcon_meta'
[0.178s] Level 1:colcon.colcon_core.package_identification:_identify(src) by extensions ['ros']
[0.178s] Level 1:colcon.colcon_core.package_identification:_identify(src) by extension 'ros'
[0.178s] Level 1:colcon.colcon_core.package_identification:_identify(src) by extensions ['cmake', 'python']
[0.178s] Level 1:colcon.colcon_core.package_identification:_identify(src) by extension 'cmake'
[0.178s] Level 1:colcon.colcon_core.package_identification:_identify(src) by extension 'python'
[0.178s] Level 1:colcon.colcon_core.package_identification:_identify(src) by extensions ['python_setup_py']
[0.178s] Level 1:colcon.colcon_core.package_identification:_identify(src) by extension 'python_setup_py'
[0.178s] Level 1:colcon.colcon_core.package_identification:_identify(src/RemoteControl) by extensions ['ignore', 'ignore_ament_install']
[0.178s] Level 1:colcon.colcon_core.package_identification:_identify(src/RemoteControl) by extension 'ignore'
[0.178s] Level 1:colcon.colcon_core.package_identification:_identify(src/RemoteControl) by extension 'ignore_ament_install'
[0.178s] Level 1:colcon.colcon_core.package_identification:_identify(src/RemoteControl) by extensions ['colcon_pkg']
[0.178s] Level 1:colcon.colcon_core.package_identification:_identify(src/RemoteControl) by extension 'colcon_pkg'
[0.178s] Level 1:colcon.colcon_core.package_identification:_identify(src/RemoteControl) by extensions ['colcon_meta']
[0.178s] Level 1:colcon.colcon_core.package_identification:_identify(src/RemoteControl) by extension 'colcon_meta'
[0.178s] Level 1:colcon.colcon_core.package_identification:_identify(src/RemoteControl) by extensions ['ros']
[0.178s] Level 1:colcon.colcon_core.package_identification:_identify(src/RemoteControl) by extension 'ros'
[0.180s] DEBUG:colcon.colcon_core.package_identification:Package 'src/RemoteControl' with type 'ros.ament_cmake' and name 'RemoteControl'
[0.180s] Level 1:colcon.colcon_core.package_identification:_identify(src/vida_interfaces) by extensions ['ignore', 'ignore_ament_install']
[0.180s] Level 1:colcon.colcon_core.package_identification:_identify(src/vida_interfaces) by extension 'ignore'
[0.180s] Level 1:colcon.colcon_core.package_identification:_identify(src/vida_interfaces) by extension 'ignore_ament_install'
[0.180s] Level 1:colcon.colcon_core.package_identification:_identify(src/vida_interfaces) by extensions ['colcon_pkg']
[0.180s] Level 1:colcon.colcon_core.package_identification:_identify(src/vida_interfaces) by extension 'colcon_pkg'
[0.180s] Level 1:colcon.colcon_core.package_identification:_identify(src/vida_interfaces) by extensions ['colcon_meta']
[0.180s] Level 1:colcon.colcon_core.package_identification:_identify(src/vida_interfaces) by extension 'colcon_meta'
[0.180s] Level 1:colcon.colcon_core.package_identification:_identify(src/vida_interfaces) by extensions ['ros']
[0.180s] Level 1:colcon.colcon_core.package_identification:_identify(src/vida_interfaces) by extension 'ros'
[0.180s] DEBUG:colcon.colcon_core.package_identification:Package 'src/vida_interfaces' with type 'ros.ament_cmake' and name 'vida_interfaces'
[0.180s] Level 1:colcon.colcon_core.package_discovery:discover_packages(recursive) using defaults
[0.181s] Level 1:colcon.colcon_core.package_discovery:discover_packages(ignore) discover
[0.181s] Level 1:colcon.colcon_core.package_discovery:discover_packages(ignore) using defaults
[0.181s] Level 1:colcon.colcon_core.package_discovery:discover_packages(path) discover
[0.181s] Level 1:colcon.colcon_core.package_discovery:discover_packages(path) using defaults
[0.194s] INFO:colcon.colcon_core.package_selection:Skipping not selected package 'vida_interfaces' in 'src/vida_interfaces'
[0.194s] Level 1:colcon.colcon_core.package_discovery:discover_packages(prefix_path) check parameters
[0.194s] Level 1:colcon.colcon_core.package_discovery:discover_packages(prefix_path) discover
[0.195s] DEBUG:colcon.colcon_installed_package_information.package_discovery:Found 2 installed packages in /home/whilker/Documents/Vida/install
[0.196s] DEBUG:colcon.colcon_installed_package_information.package_discovery:Found 270 installed packages in /opt/ros/humble
[0.197s] Level 1:colcon.colcon_core.package_discovery:discover_packages(prefix_path) using defaults
[0.222s] Level 5:colcon.colcon_core.verb:set package 'RemoteControl' build argument 'cmake_args' from command line to 'None'
[0.222s] Level 5:colcon.colcon_core.verb:set package 'RemoteControl' build argument 'cmake_target' from command line to 'None'
[0.222s] Level 5:colcon.colcon_core.verb:set package 'RemoteControl' build argument 'cmake_target_skip_unavailable' from command line to 'False'
[0.222s] Level 5:colcon.colcon_core.verb:set package 'RemoteControl' build argument 'cmake_clean_cache' from command line to 'False'
[0.222s] Level 5:colcon.colcon_core.verb:set package 'RemoteControl' build argument 'cmake_clean_first' from command line to 'False'
[0.222s] Level 5:colcon.colcon_core.verb:set package 'RemoteControl' build argument 'cmake_force_configure' from command line to 'False'
[0.222s] Level 5:colcon.colcon_core.verb:set package 'RemoteControl' build argument 'ament_cmake_args' from command line to 'None'
[0.222s] Level 5:colcon.colcon_core.verb:set package 'RemoteControl' build argument 'catkin_cmake_args' from command line to 'None'
[0.222s] Level 5:colcon.colcon_core.verb:set package 'RemoteControl' build argument 'catkin_skip_building_tests' from command line to 'False'
[0.222s] DEBUG:colcon.colcon_core.verb:Building package 'RemoteControl' with the following arguments: {'ament_cmake_args': None, 'build_base': '/home/whilker/Documents/Vida/build/RemoteControl', 'catkin_cmake_args': None, 'catkin_skip_building_tests': False, 'cmake_args': None, 'cmake_clean_cache': False, 'cmake_clean_first': False, 'cmake_force_configure': False, 'cmake_target': None, 'cmake_target_skip_unavailable': False, 'install_base': '/home/whilker/Documents/Vida/install/RemoteControl', 'merge_install': False, 'path': '/home/whilker/Documents/Vida/src/RemoteControl', 'symlink_install': False, 'test_result_base': None}
[0.222s] INFO:colcon.colcon_core.executor:Executing jobs using 'parallel' executor
[0.223s] DEBUG:colcon.colcon_parallel_executor.executor.parallel:run_until_complete
[0.223s] INFO:colcon.colcon_ros.task.ament_cmake.build:Building ROS package in '/home/whilker/Documents/Vida/src/RemoteControl' with build type 'ament_cmake'
[0.223s] INFO:colcon.colcon_cmake.task.cmake.build:Building CMake package in '/home/whilker/Documents/Vida/src/RemoteControl'
[0.224s] INFO:colcon.colcon_core.plugin_system:Skipping extension 'colcon_core.shell.bat': Not used on non-Windows systems
[0.225s] INFO:colcon.colcon_core.shell:Skip shell extension 'powershell' for command environment: Not usable outside of PowerShell
[0.225s] DEBUG:colcon.colcon_core.shell:Skip shell extension 'dsv' for command environment
[0.232s] DEBUG:colcon.colcon_core.event_handler.log_command:Invoking command in '/home/whilker/Documents/Vida/build/RemoteControl': CMAKE_PREFIX_PATH=/home/whilker/Documents/Vida/install/vida_interfaces:/home/whilker/Documents/Vida/install/RemoteControl:/opt/ros/humble /usr/bin/cmake --build /home/whilker/Documents/Vida/build/RemoteControl -- -j8 -l8
[3.446s] DEBUG:colcon.colcon_core.event_handler.log_command:Invoked command in '/home/whilker/Documents/Vida/build/RemoteControl' returned '0': CMAKE_PREFIX_PATH=/home/whilker/Documents/Vida/install/vida_interfaces:/home/whilker/Documents/Vida/install/RemoteControl:/opt/ros/humble /usr/bin/cmake --build /home/whilker/Documents/Vida/build/RemoteControl -- -j8 -l8
[3.469s] DEBUG:colcon.colcon_core.event_handler.log_command:Invoking command in '/home/whilker/Documents/Vida/build/RemoteControl': CMAKE_PREFIX_PATH=/home/whilker/Documents/Vida/install/vida_interfaces:/home/whilker/Documents/Vida/install/RemoteControl:/opt/ros/humble /usr/bin/cmake --install /home/whilker/Documents/Vida/build/RemoteControl
[3.477s] Level 1:colcon.colcon_core.environment:create_environment_scripts_only(RemoteControl)
[3.477s] DEBUG:colcon.colcon_core.event_handler.log_command:Invoked command in '/home/whilker/Documents/Vida/build/RemoteControl' returned '0': CMAKE_PREFIX_PATH=/home/whilker/Documents/Vida/install/vida_interfaces:/home/whilker/Documents/Vida/install/RemoteControl:/opt/ros/humble /usr/bin/cmake --install /home/whilker/Documents/Vida/build/RemoteControl
[3.479s] Level 1:colcon.colcon_core.environment:checking '/home/whilker/Documents/Vida/install/RemoteControl' for CMake module files
[3.480s] Level 1:colcon.colcon_core.environment:checking '/home/whilker/Documents/Vida/install/RemoteControl' for CMake config files
[3.480s] Level 1:colcon.colcon_core.shell:create_environment_hook('RemoteControl', 'cmake_prefix_path')
[3.480s] INFO:colcon.colcon_core.shell:Creating environment hook '/home/whilker/Documents/Vida/install/RemoteControl/share/RemoteControl/hook/cmake_prefix_path.ps1'
[3.481s] INFO:colcon.colcon_core.shell:Creating environment descriptor '/home/whilker/Documents/Vida/install/RemoteControl/share/RemoteControl/hook/cmake_prefix_path.dsv'
[3.481s] INFO:colcon.colcon_core.shell:Creating environment hook '/home/whilker/Documents/Vida/install/RemoteControl/share/RemoteControl/hook/cmake_prefix_path.sh'
[3.482s] Level 1:colcon.colcon_core.environment:checking '/home/whilker/Documents/Vida/install/RemoteControl/lib'
[3.482s] Level 1:colcon.colcon_core.environment:checking '/home/whilker/Documents/Vida/install/RemoteControl/bin'
[3.482s] Level 1:colcon.colcon_core.environment:checking '/home/whilker/Documents/Vida/install/RemoteControl/lib/pkgconfig/RemoteControl.pc'
[3.483s] Level 1:colcon.colcon_core.environment:checking '/home/whilker/Documents/Vida/install/RemoteControl/lib/python3.10/site-packages'
[3.483s] Level 1:colcon.colcon_core.environment:checking '/home/whilker/Documents/Vida/install/RemoteControl/bin'
[3.483s] INFO:colcon.colcon_core.shell:Creating package script '/home/whilker/Documents/Vida/install/RemoteControl/share/RemoteControl/package.ps1'
[3.483s] INFO:colcon.colcon_core.shell:Creating package descriptor '/home/whilker/Documents/Vida/install/RemoteControl/share/RemoteControl/package.dsv'
[3.484s] INFO:colcon.colcon_core.shell:Creating package script '/home/whilker/Documents/Vida/install/RemoteControl/share/RemoteControl/package.sh'
[3.484s] INFO:colcon.colcon_core.shell:Creating package script '/home/whilker/Documents/Vida/install/RemoteControl/share/RemoteControl/package.bash'
[3.484s] INFO:colcon.colcon_core.shell:Creating package script '/home/whilker/Documents/Vida/install/RemoteControl/share/RemoteControl/package.zsh'
[3.485s] Level 1:colcon.colcon_core.environment:create_file_with_runtime_dependencies(/home/whilker/Documents/Vida/install/RemoteControl/share/colcon-core/packages/RemoteControl)
[3.502s] Level 1:colcon.colcon_core.environment:create_environment_scripts_only(RemoteControl)
[3.502s] Level 1:colcon.colcon_core.environment:checking '/home/whilker/Documents/Vida/install/RemoteControl' for CMake module files
[3.503s] Level 1:colcon.colcon_core.environment:checking '/home/whilker/Documents/Vida/install/RemoteControl' for CMake config files
[3.503s] Level 1:colcon.colcon_core.shell:create_environment_hook('RemoteControl', 'cmake_prefix_path')
[3.503s] INFO:colcon.colcon_core.shell:Creating environment hook '/home/whilker/Documents/Vida/install/RemoteControl/share/RemoteControl/hook/cmake_prefix_path.ps1'
[3.503s] INFO:colcon.colcon_core.shell:Creating environment descriptor '/home/whilker/Documents/Vida/install/RemoteControl/share/RemoteControl/hook/cmake_prefix_path.dsv'
[3.504s] INFO:colcon.colcon_core.shell:Creating environment hook '/home/whilker/Documents/Vida/install/RemoteControl/share/RemoteControl/hook/cmake_prefix_path.sh'
[3.504s] Level 1:colcon.colcon_core.environment:checking '/home/whilker/Documents/Vida/install/RemoteControl/lib'
[3.504s] Level 1:colcon.colcon_core.environment:checking '/home/whilker/Documents/Vida/install/RemoteControl/bin'
[3.504s] Level 1:colcon.colcon_core.environment:checking '/home/whilker/Documents/Vida/install/RemoteControl/lib/pkgconfig/RemoteControl.pc'
[3.504s] Level 1:colcon.colcon_core.environment:checking '/home/whilker/Documents/Vida/install/RemoteControl/lib/python3.10/site-packages'
[3.504s] Level 1:colcon.colcon_core.environment:checking '/home/whilker/Documents/Vida/install/RemoteControl/bin'
[3.504s] INFO:colcon.colcon_core.shell:Creating package script '/home/whilker/Documents/Vida/install/RemoteControl/share/RemoteControl/package.ps1'
[3.505s] INFO:colcon.colcon_core.shell:Creating package descriptor '/home/whilker/Documents/Vida/install/RemoteControl/share/RemoteControl/package.dsv'
[3.505s] INFO:colcon.colcon_core.shell:Creating package script '/home/whilker/Documents/Vida/install/RemoteControl/share/RemoteControl/package.sh'
[3.505s] INFO:colcon.colcon_core.shell:Creating package script '/home/whilker/Documents/Vida/install/RemoteControl/share/RemoteControl/package.bash'
[3.505s] INFO:colcon.colcon_core.shell:Creating package script '/home/whilker/Documents/Vida/install/RemoteControl/share/RemoteControl/package.zsh'
[3.506s] Level 1:colcon.colcon_core.environment:create_file_with_runtime_dependencies(/home/whilker/Documents/Vida/install/RemoteControl/share/colcon-core/packages/RemoteControl)
[3.506s] DEBUG:colcon.colcon_parallel_executor.executor.parallel:closing loop
[3.506s] DEBUG:colcon.colcon_parallel_executor.executor.parallel:loop closed
[3.506s] DEBUG:colcon.colcon_parallel_executor.executor.parallel:run_until_complete finished with '0'
[3.506s] DEBUG:colcon.colcon_core.event_reactor:joining thread
[3.522s] INFO:colcon.colcon_core.plugin_system:Skipping extension 'colcon_notification.desktop_notification.terminal_notifier': Not used on non-Darwin systems
[3.522s] INFO:colcon.colcon_core.plugin_system:Skipping extension 'colcon_notification.desktop_notification.win32': Not used on non-Windows systems
[3.522s] INFO:colcon.colcon_notification.desktop_notification:Sending desktop notification using 'notify2'
[3.530s] DEBUG:colcon.colcon_core.event_reactor:joined thread
[3.530s] INFO:colcon.colcon_core.shell:Creating prefix script '/home/whilker/Documents/Vida/install/local_setup.ps1'
[3.531s] INFO:colcon.colcon_core.shell:Creating prefix util module '/home/whilker/Documents/Vida/install/_local_setup_util_ps1.py'
[3.532s] INFO:colcon.colcon_core.shell:Creating prefix chain script '/home/whilker/Documents/Vida/install/setup.ps1'
[3.533s] INFO:colcon.colcon_core.shell:Creating prefix script '/home/whilker/Documents/Vida/install/local_setup.sh'
[3.533s] INFO:colcon.colcon_core.shell:Creating prefix util module '/home/whilker/Documents/Vida/install/_local_setup_util_sh.py'
[3.534s] INFO:colcon.colcon_core.shell:Creating prefix chain script '/home/whilker/Documents/Vida/install/setup.sh'
[3.534s] INFO:colcon.colcon_core.shell:Creating prefix script '/home/whilker/Documents/Vida/install/local_setup.bash'
[3.534s] INFO:colcon.colcon_core.shell:Creating prefix chain script '/home/whilker/Documents/Vida/install/setup.bash'
[3.535s] INFO:colcon.colcon_core.shell:Creating prefix script '/home/whilker/Documents/Vida/install/local_setup.zsh'
[3.535s] INFO:colcon.colcon_core.shell:Creating prefix chain script '/home/whilker/Documents/Vida/install/setup.zsh'
