[0.010s] Invoking command in '/home/whilker/Documents/Vida/Ros/build/vida_interfaces': CMAKE_PREFIX_PATH=${CMAKE_PREFIX_PATH}:/opt/ros/humble /usr/bin/cmake --build /home/whilker/Documents/Vida/Ros/build/vida_interfaces -- -j8 -l8
[0.046s] [ 12%] Built target vida_interfaces__rosidl_generator_c
[0.046s] [ 12%] Built target vida_interfaces__cpp
[0.054s] [ 12%] Built target ament_cmake_python_copy_vida_interfaces
[0.067s] [ 22%] Built target vida_interfaces__rosidl_typesupport_introspection_cpp
[0.068s] [ 32%] Built target vida_interfaces__rosidl_typesupport_c
[0.068s] [ 48%] Built target vida_interfaces__rosidl_typesupport_cpp
[0.069s] [ 51%] Built target vida_interfaces__rosidl_typesupport_introspection_c
[0.069s] [ 61%] Built target vida_interfaces__rosidl_typesupport_fastrtps_cpp
[0.069s] [ 70%] Built target vida_interfaces__rosidl_typesupport_fastrtps_c
[0.085s] [ 70%] Built target vida_interfaces
[0.101s] [ 74%] Built target vida_interfaces__py
[0.119s] [ 80%] Built target vida_interfaces__rosidl_generator_py
[0.138s] [100%] Built target vida_interfaces__rosidl_typesupport_fastrtps_c__pyext
[0.138s] [100%] Built target vida_interfaces__rosidl_typesupport_c__pyext
[0.138s] [100%] Built target vida_interfaces__rosidl_typesupport_introspection_c__pyext
[0.233s] running egg_info
[0.233s] writing vida_interfaces.egg-info/PKG-INFO
[0.233s] writing dependency_links to vida_interfaces.egg-info/dependency_links.txt
[0.233s] writing top-level names to vida_interfaces.egg-info/top_level.txt
[0.236s] reading manifest file 'vida_interfaces.egg-info/SOURCES.txt'
[0.236s] writing manifest file 'vida_interfaces.egg-info/SOURCES.txt'
[0.256s] [100%] Built target ament_cmake_python_build_vida_interfaces_egg
[0.264s] Invoked command in '/home/whilker/Documents/Vida/Ros/build/vida_interfaces' returned '0': CMAKE_PREFIX_PATH=${CMAKE_PREFIX_PATH}:/opt/ros/humble /usr/bin/cmake --build /home/whilker/Documents/Vida/Ros/build/vida_interfaces -- -j8 -l8
[0.321s] Invoking command in '/home/whilker/Documents/Vida/Ros/build/vida_interfaces': CMAKE_PREFIX_PATH=${CMAKE_PREFIX_PATH}:/opt/ros/humble /usr/bin/cmake --install /home/whilker/Documents/Vida/Ros/build/vida_interfaces
[0.332s] -- Install configuration: ""
[0.333s] -- Up-to-date: /home/whilker/Documents/Vida/Ros/install/vida_interfaces/share/ament_index/resource_index/rosidl_interfaces/vida_interfaces
[0.333s] -- Up-to-date: /home/whilker/Documents/Vida/Ros/install/vida_interfaces/include/vida_interfaces/vida_interfaces
[0.333s] -- Up-to-date: /home/whilker/Documents/Vida/Ros/install/vida_interfaces/include/vida_interfaces/vida_interfaces/msg
[0.333s] -- Up-to-date: /home/whilker/Documents/Vida/Ros/install/vida_interfaces/include/vida_interfaces/vida_interfaces/msg/controls.h
[0.333s] -- Up-to-date: /home/whilker/Documents/Vida/Ros/install/vida_interfaces/include/vida_interfaces/vida_interfaces/msg/detail
[0.333s] -- Up-to-date: /home/whilker/Documents/Vida/Ros/install/vida_interfaces/include/vida_interfaces/vida_interfaces/msg/detail/controls__functions.h
[0.334s] -- Up-to-date: /home/whilker/Documents/Vida/Ros/install/vida_interfaces/include/vida_interfaces/vida_interfaces/msg/detail/controls__functions.c
[0.334s] -- Up-to-date: /home/whilker/Documents/Vida/Ros/install/vida_interfaces/include/vida_interfaces/vida_interfaces/msg/detail/controls__type_support.h
[0.334s] -- Up-to-date: /home/whilker/Documents/Vida/Ros/install/vida_interfaces/include/vida_interfaces/vida_interfaces/msg/detail/controls__struct.h
[0.334s] -- Up-to-date: /home/whilker/Documents/Vida/Ros/install/vida_interfaces/include/vida_interfaces/vida_interfaces/msg/rosidl_generator_c__visibility_control.h
[0.334s] -- Up-to-date: /home/whilker/Documents/Vida/Ros/install/vida_interfaces/share/vida_interfaces/environment/library_path.sh
[0.334s] -- Up-to-date: /home/whilker/Documents/Vida/Ros/install/vida_interfaces/share/vida_interfaces/environment/library_path.dsv
[0.334s] -- Up-to-date: /home/whilker/Documents/Vida/Ros/install/vida_interfaces/lib/libvida_interfaces__rosidl_generator_c.so
[0.334s] -- Up-to-date: /home/whilker/Documents/Vida/Ros/install/vida_interfaces/include/vida_interfaces/vida_interfaces
[0.334s] -- Up-to-date: /home/whilker/Documents/Vida/Ros/install/vida_interfaces/include/vida_interfaces/vida_interfaces/msg
[0.335s] -- Up-to-date: /home/whilker/Documents/Vida/Ros/install/vida_interfaces/include/vida_interfaces/vida_interfaces/msg/rosidl_typesupport_fastrtps_c__visibility_control.h
[0.335s] -- Up-to-date: /home/whilker/Documents/Vida/Ros/install/vida_interfaces/include/vida_interfaces/vida_interfaces/msg/detail
[0.335s] -- Up-to-date: /home/whilker/Documents/Vida/Ros/install/vida_interfaces/include/vida_interfaces/vida_interfaces/msg/detail/controls__rosidl_typesupport_fastrtps_c.h
[0.335s] -- Up-to-date: /home/whilker/Documents/Vida/Ros/install/vida_interfaces/lib/libvida_interfaces__rosidl_typesupport_fastrtps_c.so
[0.335s] -- Up-to-date: /home/whilker/Documents/Vida/Ros/install/vida_interfaces/include/vida_interfaces/vida_interfaces
[0.335s] -- Up-to-date: /home/whilker/Documents/Vida/Ros/install/vida_interfaces/include/vida_interfaces/vida_interfaces/msg
[0.335s] -- Up-to-date: /home/whilker/Documents/Vida/Ros/install/vida_interfaces/include/vida_interfaces/vida_interfaces/msg/rosidl_typesupport_introspection_c__visibility_control.h
[0.335s] -- Up-to-date: /home/whilker/Documents/Vida/Ros/install/vida_interfaces/include/vida_interfaces/vida_interfaces/msg/detail
[0.336s] -- Up-to-date: /home/whilker/Documents/Vida/Ros/install/vida_interfaces/include/vida_interfaces/vida_interfaces/msg/detail/controls__type_support.c
[0.336s] -- Up-to-date: /home/whilker/Documents/Vida/Ros/install/vida_interfaces/include/vida_interfaces/vida_interfaces/msg/detail/controls__rosidl_typesupport_introspection_c.h
[0.336s] -- Up-to-date: /home/whilker/Documents/Vida/Ros/install/vida_interfaces/lib/libvida_interfaces__rosidl_typesupport_introspection_c.so
[0.336s] -- Up-to-date: /home/whilker/Documents/Vida/Ros/install/vida_interfaces/lib/libvida_interfaces__rosidl_typesupport_c.so
[0.336s] -- Up-to-date: /home/whilker/Documents/Vida/Ros/install/vida_interfaces/include/vida_interfaces/vida_interfaces
[0.336s] -- Up-to-date: /home/whilker/Documents/Vida/Ros/install/vida_interfaces/include/vida_interfaces/vida_interfaces/msg
[0.336s] -- Up-to-date: /home/whilker/Documents/Vida/Ros/install/vida_interfaces/include/vida_interfaces/vida_interfaces/msg/controls.hpp
[0.336s] -- Up-to-date: /home/whilker/Documents/Vida/Ros/install/vida_interfaces/include/vida_interfaces/vida_interfaces/msg/detail
[0.336s] -- Up-to-date: /home/whilker/Documents/Vida/Ros/install/vida_interfaces/include/vida_interfaces/vida_interfaces/msg/detail/controls__builder.hpp
[0.336s] -- Up-to-date: /home/whilker/Documents/Vida/Ros/install/vida_interfaces/include/vida_interfaces/vida_interfaces/msg/detail/controls__traits.hpp
[0.336s] -- Up-to-date: /home/whilker/Documents/Vida/Ros/install/vida_interfaces/include/vida_interfaces/vida_interfaces/msg/detail/controls__struct.hpp
[0.336s] -- Up-to-date: /home/whilker/Documents/Vida/Ros/install/vida_interfaces/include/vida_interfaces/vida_interfaces
[0.337s] -- Up-to-date: /home/whilker/Documents/Vida/Ros/install/vida_interfaces/include/vida_interfaces/vida_interfaces/msg
[0.337s] -- Up-to-date: /home/whilker/Documents/Vida/Ros/install/vida_interfaces/include/vida_interfaces/vida_interfaces/msg/rosidl_typesupport_fastrtps_cpp__visibility_control.h
[0.337s] -- Up-to-date: /home/whilker/Documents/Vida/Ros/install/vida_interfaces/include/vida_interfaces/vida_interfaces/msg/detail
[0.337s] -- Up-to-date: /home/whilker/Documents/Vida/Ros/install/vida_interfaces/include/vida_interfaces/vida_interfaces/msg/detail/controls__rosidl_typesupport_fastrtps_cpp.hpp
[0.337s] -- Up-to-date: /home/whilker/Documents/Vida/Ros/install/vida_interfaces/include/vida_interfaces/vida_interfaces/msg/detail/dds_fastrtps
[0.337s] -- Up-to-date: /home/whilker/Documents/Vida/Ros/install/vida_interfaces/lib/libvida_interfaces__rosidl_typesupport_fastrtps_cpp.so
[0.337s] -- Up-to-date: /home/whilker/Documents/Vida/Ros/install/vida_interfaces/include/vida_interfaces/vida_interfaces
[0.337s] -- Up-to-date: /home/whilker/Documents/Vida/Ros/install/vida_interfaces/include/vida_interfaces/vida_interfaces/msg
[0.337s] -- Up-to-date: /home/whilker/Documents/Vida/Ros/install/vida_interfaces/include/vida_interfaces/vida_interfaces/msg/detail
[0.337s] -- Up-to-date: /home/whilker/Documents/Vida/Ros/install/vida_interfaces/include/vida_interfaces/vida_interfaces/msg/detail/controls__rosidl_typesupport_introspection_cpp.hpp
[0.337s] -- Up-to-date: /home/whilker/Documents/Vida/Ros/install/vida_interfaces/include/vida_interfaces/vida_interfaces/msg/detail/controls__type_support.cpp
[0.337s] -- Up-to-date: /home/whilker/Documents/Vida/Ros/install/vida_interfaces/lib/libvida_interfaces__rosidl_typesupport_introspection_cpp.so
[0.337s] -- Up-to-date: /home/whilker/Documents/Vida/Ros/install/vida_interfaces/lib/libvida_interfaces__rosidl_typesupport_cpp.so
[0.337s] -- Up-to-date: /home/whilker/Documents/Vida/Ros/install/vida_interfaces/share/vida_interfaces/environment/pythonpath.sh
[0.338s] -- Up-to-date: /home/whilker/Documents/Vida/Ros/install/vida_interfaces/share/vida_interfaces/environment/pythonpath.dsv
[0.338s] -- Up-to-date: /home/whilker/Documents/Vida/Ros/install/vida_interfaces/local/lib/python3.10/dist-packages/vida_interfaces-0.0.0-py3.10.egg-info
[0.338s] -- Installing: /home/whilker/Documents/Vida/Ros/install/vida_interfaces/local/lib/python3.10/dist-packages/vida_interfaces-0.0.0-py3.10.egg-info/dependency_links.txt
[0.338s] -- Installing: /home/whilker/Documents/Vida/Ros/install/vida_interfaces/local/lib/python3.10/dist-packages/vida_interfaces-0.0.0-py3.10.egg-info/top_level.txt
[0.338s] -- Installing: /home/whilker/Documents/Vida/Ros/install/vida_interfaces/local/lib/python3.10/dist-packages/vida_interfaces-0.0.0-py3.10.egg-info/PKG-INFO
[0.338s] -- Installing: /home/whilker/Documents/Vida/Ros/install/vida_interfaces/local/lib/python3.10/dist-packages/vida_interfaces-0.0.0-py3.10.egg-info/SOURCES.txt
[0.338s] -- Up-to-date: /home/whilker/Documents/Vida/Ros/install/vida_interfaces/local/lib/python3.10/dist-packages/vida_interfaces
[0.338s] -- Up-to-date: /home/whilker/Documents/Vida/Ros/install/vida_interfaces/local/lib/python3.10/dist-packages/vida_interfaces/msg
[0.338s] -- Up-to-date: /home/whilker/Documents/Vida/Ros/install/vida_interfaces/local/lib/python3.10/dist-packages/vida_interfaces/msg/__init__.py
[0.338s] -- Up-to-date: /home/whilker/Documents/Vida/Ros/install/vida_interfaces/local/lib/python3.10/dist-packages/vida_interfaces/msg/_controls_s.c
[0.338s] -- Up-to-date: /home/whilker/Documents/Vida/Ros/install/vida_interfaces/local/lib/python3.10/dist-packages/vida_interfaces/msg/_controls.py
[0.338s] -- Up-to-date: /home/whilker/Documents/Vida/Ros/install/vida_interfaces/local/lib/python3.10/dist-packages/vida_interfaces/libvida_interfaces__rosidl_generator_py.so
[0.338s] -- Up-to-date: /home/whilker/Documents/Vida/Ros/install/vida_interfaces/local/lib/python3.10/dist-packages/vida_interfaces/__init__.py
[0.338s] -- Up-to-date: /home/whilker/Documents/Vida/Ros/install/vida_interfaces/local/lib/python3.10/dist-packages/vida_interfaces/vida_interfaces_s__rosidl_typesupport_c.cpython-310-x86_64-linux-gnu.so
[0.339s] -- Up-to-date: /home/whilker/Documents/Vida/Ros/install/vida_interfaces/local/lib/python3.10/dist-packages/vida_interfaces/_vida_interfaces_s.ep.rosidl_typesupport_c.c
[0.339s] -- Up-to-date: /home/whilker/Documents/Vida/Ros/install/vida_interfaces/local/lib/python3.10/dist-packages/vida_interfaces/_vida_interfaces_s.ep.rosidl_typesupport_introspection_c.c
[0.339s] -- Up-to-date: /home/whilker/Documents/Vida/Ros/install/vida_interfaces/local/lib/python3.10/dist-packages/vida_interfaces/vida_interfaces_s__rosidl_typesupport_fastrtps_c.cpython-310-x86_64-linux-gnu.so
[0.339s] -- Up-to-date: /home/whilker/Documents/Vida/Ros/install/vida_interfaces/local/lib/python3.10/dist-packages/vida_interfaces/_vida_interfaces_s.ep.rosidl_typesupport_fastrtps_c.c
[0.339s] -- Up-to-date: /home/whilker/Documents/Vida/Ros/install/vida_interfaces/local/lib/python3.10/dist-packages/vida_interfaces/vida_interfaces_s__rosidl_typesupport_introspection_c.cpython-310-x86_64-linux-gnu.so
[0.358s] Listing '/home/whilker/Documents/Vida/Ros/install/vida_interfaces/local/lib/python3.10/dist-packages/vida_interfaces'...
[0.358s] Listing '/home/whilker/Documents/Vida/Ros/install/vida_interfaces/local/lib/python3.10/dist-packages/vida_interfaces/msg'...
[0.362s] -- Up-to-date: /home/whilker/Documents/Vida/Ros/install/vida_interfaces/local/lib/python3.10/dist-packages/vida_interfaces/vida_interfaces_s__rosidl_typesupport_fastrtps_c.cpython-310-x86_64-linux-gnu.so
[0.362s] -- Up-to-date: /home/whilker/Documents/Vida/Ros/install/vida_interfaces/local/lib/python3.10/dist-packages/vida_interfaces/vida_interfaces_s__rosidl_typesupport_introspection_c.cpython-310-x86_64-linux-gnu.so
[0.362s] -- Up-to-date: /home/whilker/Documents/Vida/Ros/install/vida_interfaces/local/lib/python3.10/dist-packages/vida_interfaces/vida_interfaces_s__rosidl_typesupport_c.cpython-310-x86_64-linux-gnu.so
[0.362s] -- Up-to-date: /home/whilker/Documents/Vida/Ros/install/vida_interfaces/lib/libvida_interfaces__rosidl_generator_py.so
[0.362s] -- Up-to-date: /home/whilker/Documents/Vida/Ros/install/vida_interfaces/share/vida_interfaces/msg/Controls.idl
[0.362s] -- Up-to-date: /home/whilker/Documents/Vida/Ros/install/vida_interfaces/share/vida_interfaces/msg/Controls.msg
[0.362s] -- Up-to-date: /home/whilker/Documents/Vida/Ros/install/vida_interfaces/share/ament_index/resource_index/package_run_dependencies/vida_interfaces
[0.362s] -- Up-to-date: /home/whilker/Documents/Vida/Ros/install/vida_interfaces/share/ament_index/resource_index/parent_prefix_path/vida_interfaces
[0.363s] -- Up-to-date: /home/whilker/Documents/Vida/Ros/install/vida_interfaces/share/vida_interfaces/environment/ament_prefix_path.sh
[0.363s] -- Up-to-date: /home/whilker/Documents/Vida/Ros/install/vida_interfaces/share/vida_interfaces/environment/ament_prefix_path.dsv
[0.363s] -- Up-to-date: /home/whilker/Documents/Vida/Ros/install/vida_interfaces/share/vida_interfaces/environment/path.sh
[0.363s] -- Up-to-date: /home/whilker/Documents/Vida/Ros/install/vida_interfaces/share/vida_interfaces/environment/path.dsv
[0.363s] -- Up-to-date: /home/whilker/Documents/Vida/Ros/install/vida_interfaces/share/vida_interfaces/local_setup.bash
[0.363s] -- Up-to-date: /home/whilker/Documents/Vida/Ros/install/vida_interfaces/share/vida_interfaces/local_setup.sh
[0.363s] -- Up-to-date: /home/whilker/Documents/Vida/Ros/install/vida_interfaces/share/vida_interfaces/local_setup.zsh
[0.364s] -- Up-to-date: /home/whilker/Documents/Vida/Ros/install/vida_interfaces/share/vida_interfaces/local_setup.dsv
[0.364s] -- Installing: /home/whilker/Documents/Vida/Ros/install/vida_interfaces/share/vida_interfaces/package.dsv
[0.364s] -- Up-to-date: /home/whilker/Documents/Vida/Ros/install/vida_interfaces/share/ament_index/resource_index/packages/vida_interfaces
[0.364s] -- Up-to-date: /home/whilker/Documents/Vida/Ros/install/vida_interfaces/share/vida_interfaces/cmake/export_vida_interfaces__rosidl_generator_cExport.cmake
[0.364s] -- Up-to-date: /home/whilker/Documents/Vida/Ros/install/vida_interfaces/share/vida_interfaces/cmake/export_vida_interfaces__rosidl_generator_cExport-noconfig.cmake
[0.364s] -- Up-to-date: /home/whilker/Documents/Vida/Ros/install/vida_interfaces/share/vida_interfaces/cmake/export_vida_interfaces__rosidl_typesupport_fastrtps_cExport.cmake
[0.364s] -- Up-to-date: /home/whilker/Documents/Vida/Ros/install/vida_interfaces/share/vida_interfaces/cmake/export_vida_interfaces__rosidl_typesupport_fastrtps_cExport-noconfig.cmake
[0.364s] -- Up-to-date: /home/whilker/Documents/Vida/Ros/install/vida_interfaces/share/vida_interfaces/cmake/vida_interfaces__rosidl_typesupport_introspection_cExport.cmake
[0.364s] -- Up-to-date: /home/whilker/Documents/Vida/Ros/install/vida_interfaces/share/vida_interfaces/cmake/vida_interfaces__rosidl_typesupport_introspection_cExport-noconfig.cmake
[0.364s] -- Up-to-date: /home/whilker/Documents/Vida/Ros/install/vida_interfaces/share/vida_interfaces/cmake/vida_interfaces__rosidl_typesupport_cExport.cmake
[0.364s] -- Up-to-date: /home/whilker/Documents/Vida/Ros/install/vida_interfaces/share/vida_interfaces/cmake/vida_interfaces__rosidl_typesupport_cExport-noconfig.cmake
[0.365s] -- Up-to-date: /home/whilker/Documents/Vida/Ros/install/vida_interfaces/share/vida_interfaces/cmake/export_vida_interfaces__rosidl_generator_cppExport.cmake
[0.365s] -- Up-to-date: /home/whilker/Documents/Vida/Ros/install/vida_interfaces/share/vida_interfaces/cmake/export_vida_interfaces__rosidl_typesupport_fastrtps_cppExport.cmake
[0.365s] -- Up-to-date: /home/whilker/Documents/Vida/Ros/install/vida_interfaces/share/vida_interfaces/cmake/export_vida_interfaces__rosidl_typesupport_fastrtps_cppExport-noconfig.cmake
[0.365s] -- Up-to-date: /home/whilker/Documents/Vida/Ros/install/vida_interfaces/share/vida_interfaces/cmake/vida_interfaces__rosidl_typesupport_introspection_cppExport.cmake
[0.365s] -- Up-to-date: /home/whilker/Documents/Vida/Ros/install/vida_interfaces/share/vida_interfaces/cmake/vida_interfaces__rosidl_typesupport_introspection_cppExport-noconfig.cmake
[0.365s] -- Up-to-date: /home/whilker/Documents/Vida/Ros/install/vida_interfaces/share/vida_interfaces/cmake/vida_interfaces__rosidl_typesupport_cppExport.cmake
[0.365s] -- Up-to-date: /home/whilker/Documents/Vida/Ros/install/vida_interfaces/share/vida_interfaces/cmake/vida_interfaces__rosidl_typesupport_cppExport-noconfig.cmake
[0.365s] -- Up-to-date: /home/whilker/Documents/Vida/Ros/install/vida_interfaces/share/vida_interfaces/cmake/export_vida_interfaces__rosidl_generator_pyExport.cmake
[0.365s] -- Up-to-date: /home/whilker/Documents/Vida/Ros/install/vida_interfaces/share/vida_interfaces/cmake/export_vida_interfaces__rosidl_generator_pyExport-noconfig.cmake
[0.366s] -- Up-to-date: /home/whilker/Documents/Vida/Ros/install/vida_interfaces/share/vida_interfaces/cmake/rosidl_cmake-extras.cmake
[0.366s] -- Up-to-date: /home/whilker/Documents/Vida/Ros/install/vida_interfaces/share/vida_interfaces/cmake/ament_cmake_export_include_directories-extras.cmake
[0.367s] -- Up-to-date: /home/whilker/Documents/Vida/Ros/install/vida_interfaces/share/vida_interfaces/cmake/ament_cmake_export_libraries-extras.cmake
[0.367s] -- Up-to-date: /home/whilker/Documents/Vida/Ros/install/vida_interfaces/share/vida_interfaces/cmake/ament_cmake_export_targets-extras.cmake
[0.367s] -- Up-to-date: /home/whilker/Documents/Vida/Ros/install/vida_interfaces/share/vida_interfaces/cmake/rosidl_cmake_export_typesupport_targets-extras.cmake
[0.367s] -- Up-to-date: /home/whilker/Documents/Vida/Ros/install/vida_interfaces/share/vida_interfaces/cmake/ament_cmake_export_dependencies-extras.cmake
[0.367s] -- Up-to-date: /home/whilker/Documents/Vida/Ros/install/vida_interfaces/share/vida_interfaces/cmake/rosidl_cmake_export_typesupport_libraries-extras.cmake
[0.367s] -- Up-to-date: /home/whilker/Documents/Vida/Ros/install/vida_interfaces/share/vida_interfaces/cmake/vida_interfacesConfig.cmake
[0.367s] -- Up-to-date: /home/whilker/Documents/Vida/Ros/install/vida_interfaces/share/vida_interfaces/cmake/vida_interfacesConfig-version.cmake
[0.367s] -- Up-to-date: /home/whilker/Documents/Vida/Ros/install/vida_interfaces/share/vida_interfaces/package.xml
[0.367s] Invoked command in '/home/whilker/Documents/Vida/Ros/build/vida_interfaces' returned '0': CMAKE_PREFIX_PATH=${CMAKE_PREFIX_PATH}:/opt/ros/humble /usr/bin/cmake --install /home/whilker/Documents/Vida/Ros/build/vida_interfaces
