[0.008s] Invoking command in '/home/whilker/Documents/Vida/Ros/build/vida_interfaces': CMAKE_PREFIX_PATH=${CMAKE_PREFIX_PATH}:/opt/ros/humble /usr/bin/cmake /home/whilker/Documents/Vida/Ros/src/vida_interfaces -DCMAKE_INSTALL_PREFIX=/home/whilker/Documents/Vida/Ros/install/vida_interfaces
[0.133s] -- The C compiler identification is GNU 11.4.0
[0.180s] -- The CXX compiler identification is GNU 11.4.0
[0.187s] -- Detecting C compiler ABI info
[0.246s] -- Detecting C compiler ABI info - done
[0.251s] -- Check for working C compiler: /usr/bin/cc - skipped
[0.252s] -- Detecting C compile features
[0.253s] -- Detecting C compile features - done
[0.255s] -- Detecting CXX compiler ABI info
[0.314s] -- Detecting CXX compiler ABI info - done
[0.320s] -- Check for working CXX compiler: /usr/bin/c++ - skipped
[0.320s] -- Detecting CXX compile features
[0.320s] -- Detecting CXX compile features - done
[0.327s] -- Found ament_cmake: 1.3.9 (/opt/ros/humble/share/ament_cmake/cmake)
[0.457s] -- Found Python3: /usr/bin/python3 (found version "3.10.12") found components: Interpreter 
[0.543s] -- Found rosidl_default_generators: 1.2.0 (/opt/ros/humble/share/rosidl_default_generators/cmake)
[0.548s] -- Using all available rosidl_typesupport_c: rosidl_typesupport_fastrtps_c;rosidl_typesupport_introspection_c
[0.558s] -- Found rosidl_adapter: 3.1.5 (/opt/ros/humble/share/rosidl_adapter/cmake)
[0.613s] -- Using all available rosidl_typesupport_cpp: rosidl_typesupport_fastrtps_cpp;rosidl_typesupport_introspection_cpp
[0.822s] -- Found ament_cmake_ros: 0.10.0 (/opt/ros/humble/share/ament_cmake_ros/cmake)
[0.958s] -- Using all available rosidl_typesupport_c: rosidl_typesupport_fastrtps_c;rosidl_typesupport_introspection_c
[1.127s] -- Using all available rosidl_typesupport_cpp: rosidl_typesupport_fastrtps_cpp;rosidl_typesupport_introspection_cpp
[1.149s] -- Found PythonInterp: /usr/bin/python3 (found suitable version "3.10.12", minimum required is "3.6") 
[1.151s] -- Found python_cmake_module: 0.10.0 (/opt/ros/humble/share/python_cmake_module/cmake)
[1.172s] -- Found PythonLibs: /usr/lib/x86_64-linux-gnu/libpython3.10.so (found suitable version "3.10.12", minimum required is "3.5") 
[1.172s] -- Using PYTHON_EXECUTABLE: /usr/bin/python3
[1.172s] -- Using PYTHON_INCLUDE_DIRS: /usr/include/python3.10
[1.172s] -- Using PYTHON_LIBRARIES: /usr/lib/x86_64-linux-gnu/libpython3.10.so
[1.193s] -- Found PythonExtra: .so  
[1.230s] -- Configuring done
[1.266s] -- Generating done
[1.267s] -- Build files have been written to: /home/whilker/Documents/Vida/Ros/build/vida_interfaces
[1.273s] Invoked command in '/home/whilker/Documents/Vida/Ros/build/vida_interfaces' returned '0': CMAKE_PREFIX_PATH=${CMAKE_PREFIX_PATH}:/opt/ros/humble /usr/bin/cmake /home/whilker/Documents/Vida/Ros/src/vida_interfaces -DCMAKE_INSTALL_PREFIX=/home/whilker/Documents/Vida/Ros/install/vida_interfaces
[1.274s] Invoking command in '/home/whilker/Documents/Vida/Ros/build/vida_interfaces': CMAKE_PREFIX_PATH=${CMAKE_PREFIX_PATH}:/opt/ros/humble /usr/bin/cmake --build /home/whilker/Documents/Vida/Ros/build/vida_interfaces -- -j8 -l8
[1.301s] [  3%] [34m[1mGenerating C code for ROS interfaces[0m
[1.309s] [  6%] [34m[1mGenerating C++ code for ROS interfaces[0m
[1.320s] [  6%] Built target ament_cmake_python_copy_vida_interfaces
[1.519s] [  6%] Built target vida_interfaces__cpp
[1.527s] running egg_info
[1.527s] [ 12%] [34m[1mGenerating C++ introspection for ROS interfaces[0m
[1.527s] [ 12%] [34m[1mGenerating C++ type support for eProsima Fast-RTPS[0m
[1.527s] [ 16%] [34m[1mGenerating C++ type support dispatch for ROS interfaces[0m
[1.527s] writing vida_interfaces.egg-info/PKG-INFO
[1.528s] [35m[1mConsolidate compiler generated dependencies of target vida_interfaces__rosidl_generator_c[0m
[1.528s] writing dependency_links to vida_interfaces.egg-info/dependency_links.txt
[1.528s] writing top-level names to vida_interfaces.egg-info/top_level.txt
[1.532s] reading manifest file 'vida_interfaces.egg-info/SOURCES.txt'
[1.533s] writing manifest file 'vida_interfaces.egg-info/SOURCES.txt'
[1.540s] [ 19%] [32mBuilding C object CMakeFiles/vida_interfaces__rosidl_generator_c.dir/rosidl_generator_c/vida_interfaces/msg/detail/controls__functions.c.o[0m
[1.560s] [ 19%] Built target ament_cmake_python_build_vida_interfaces_egg
[1.604s] [ 22%] [32m[1mLinking C shared library libvida_interfaces__rosidl_generator_c.so[0m
[1.634s] [ 22%] Built target vida_interfaces__rosidl_generator_c
[1.644s] [ 25%] [34m[1mGenerating C type support for eProsima Fast-RTPS[0m
[1.647s] [ 32%] [34m[1mGenerating C type support dispatch for ROS interfaces[0m
[1.647s] [ 32%] [34m[1mGenerating C introspection for ROS interfaces[0m
[1.737s] [35m[1mConsolidate compiler generated dependencies of target vida_interfaces__rosidl_typesupport_fastrtps_cpp[0m
[1.746s] [ 35%] [32mBuilding CXX object CMakeFiles/vida_interfaces__rosidl_typesupport_fastrtps_cpp.dir/rosidl_typesupport_fastrtps_cpp/vida_interfaces/msg/detail/dds_fastrtps/controls__type_support.cpp.o[0m
[1.768s] [35m[1mConsolidate compiler generated dependencies of target vida_interfaces__rosidl_typesupport_cpp[0m
[1.780s] [ 38%] [32mBuilding CXX object CMakeFiles/vida_interfaces__rosidl_typesupport_cpp.dir/rosidl_typesupport_cpp/vida_interfaces/msg/controls__type_support.cpp.o[0m
[1.816s] [35m[1mConsolidate compiler generated dependencies of target vida_interfaces__rosidl_typesupport_introspection_cpp[0m
[1.832s] [ 41%] [32mBuilding CXX object CMakeFiles/vida_interfaces__rosidl_typesupport_introspection_cpp.dir/rosidl_typesupport_introspection_cpp/vida_interfaces/msg/detail/controls__type_support.cpp.o[0m
[1.891s] [35m[1mConsolidate compiler generated dependencies of target vida_interfaces__rosidl_typesupport_fastrtps_c[0m
[1.896s] [35m[1mConsolidate compiler generated dependencies of target vida_interfaces__rosidl_typesupport_introspection_c[0m
[1.902s] [ 45%] [32mBuilding CXX object CMakeFiles/vida_interfaces__rosidl_typesupport_fastrtps_c.dir/rosidl_typesupport_fastrtps_c/vida_interfaces/msg/detail/controls__type_support_c.cpp.o[0m
[1.905s] [ 48%] [32mBuilding C object CMakeFiles/vida_interfaces__rosidl_typesupport_introspection_c.dir/rosidl_typesupport_introspection_c/vida_interfaces/msg/detail/controls__type_support.c.o[0m
[1.932s] [ 51%] [32m[1mLinking C shared library libvida_interfaces__rosidl_typesupport_introspection_c.so[0m
[1.944s] [35m[1mConsolidate compiler generated dependencies of target vida_interfaces__rosidl_typesupport_c[0m
[1.954s] [ 54%] [32mBuilding CXX object CMakeFiles/vida_interfaces__rosidl_typesupport_c.dir/rosidl_typesupport_c/vida_interfaces/msg/controls__type_support.cpp.o[0m
[1.965s] [ 54%] Built target vida_interfaces__rosidl_typesupport_introspection_c
[1.981s] [ 58%] [32m[1mLinking CXX shared library libvida_interfaces__rosidl_typesupport_c.so[0m
[2.014s] [ 58%] Built target vida_interfaces__rosidl_typesupport_c
[2.095s] [ 61%] [32m[1mLinking CXX shared library libvida_interfaces__rosidl_typesupport_cpp.so[0m
[2.129s] [ 61%] Built target vida_interfaces__rosidl_typesupport_cpp
[2.174s] [ 64%] [32m[1mLinking CXX shared library libvida_interfaces__rosidl_typesupport_fastrtps_cpp.so[0m
[2.185s] [ 70%] [32m[1mLinking CXX shared library libvida_interfaces__rosidl_typesupport_introspection_cpp.so[0m
[2.185s] [ 70%] [32m[1mLinking CXX shared library libvida_interfaces__rosidl_typesupport_fastrtps_c.so[0m
[2.219s] [ 70%] Built target vida_interfaces__rosidl_typesupport_introspection_cpp
[2.239s] [ 70%] Built target vida_interfaces__rosidl_typesupport_fastrtps_cpp
[2.248s] [ 70%] Built target vida_interfaces__rosidl_typesupport_fastrtps_c
[2.263s] [ 70%] Built target vida_interfaces
[2.282s] [ 74%] [34m[1mGenerating Python code for ROS interfaces[0m
[2.503s] [ 74%] Built target vida_interfaces__py
[2.511s] [35m[1mConsolidate compiler generated dependencies of target vida_interfaces__rosidl_generator_py[0m
[2.522s] [ 77%] [32mBuilding C object CMakeFiles/vida_interfaces__rosidl_generator_py.dir/rosidl_generator_py/vida_interfaces/msg/_controls_s.c.o[0m
[2.597s] [ 80%] [32m[1mLinking C shared library rosidl_generator_py/vida_interfaces/libvida_interfaces__rosidl_generator_py.so[0m
[2.626s] [ 80%] Built target vida_interfaces__rosidl_generator_py
[2.635s] [35m[1mConsolidate compiler generated dependencies of target vida_interfaces__rosidl_typesupport_fastrtps_c__pyext[0m
[2.635s] [35m[1mConsolidate compiler generated dependencies of target vida_interfaces__rosidl_typesupport_c__pyext[0m
[2.635s] [35m[1mConsolidate compiler generated dependencies of target vida_interfaces__rosidl_typesupport_introspection_c__pyext[0m
[2.646s] [ 87%] [32mBuilding C object CMakeFiles/vida_interfaces__rosidl_typesupport_introspection_c__pyext.dir/rosidl_generator_py/vida_interfaces/_vida_interfaces_s.ep.rosidl_typesupport_introspection_c.c.o[0m
[2.646s] [ 87%] [32mBuilding C object CMakeFiles/vida_interfaces__rosidl_typesupport_fastrtps_c__pyext.dir/rosidl_generator_py/vida_interfaces/_vida_interfaces_s.ep.rosidl_typesupport_fastrtps_c.c.o[0m
[2.646s] [ 90%] [32mBuilding C object CMakeFiles/vida_interfaces__rosidl_typesupport_c__pyext.dir/rosidl_generator_py/vida_interfaces/_vida_interfaces_s.ep.rosidl_typesupport_c.c.o[0m
[2.717s] [ 93%] [32m[1mLinking C shared library rosidl_generator_py/vida_interfaces/vida_interfaces_s__rosidl_typesupport_c.cpython-310-x86_64-linux-gnu.so[0m
[2.718s] [ 96%] [32m[1mLinking C shared library rosidl_generator_py/vida_interfaces/vida_interfaces_s__rosidl_typesupport_introspection_c.cpython-310-x86_64-linux-gnu.so[0m
[2.720s] [100%] [32m[1mLinking C shared library rosidl_generator_py/vida_interfaces/vida_interfaces_s__rosidl_typesupport_fastrtps_c.cpython-310-x86_64-linux-gnu.so[0m
[2.743s] [100%] Built target vida_interfaces__rosidl_typesupport_c__pyext
[2.744s] [100%] Built target vida_interfaces__rosidl_typesupport_introspection_c__pyext
[2.747s] [100%] Built target vida_interfaces__rosidl_typesupport_fastrtps_c__pyext
[2.756s] Invoked command in '/home/whilker/Documents/Vida/Ros/build/vida_interfaces' returned '0': CMAKE_PREFIX_PATH=${CMAKE_PREFIX_PATH}:/opt/ros/humble /usr/bin/cmake --build /home/whilker/Documents/Vida/Ros/build/vida_interfaces -- -j8 -l8
[2.810s] Invoking command in '/home/whilker/Documents/Vida/Ros/build/vida_interfaces': CMAKE_PREFIX_PATH=${CMAKE_PREFIX_PATH}:/opt/ros/humble /usr/bin/cmake --install /home/whilker/Documents/Vida/Ros/build/vida_interfaces
[2.816s] -- Install configuration: ""
[2.816s] -- Up-to-date: /home/whilker/Documents/Vida/Ros/install/vida_interfaces/share/ament_index/resource_index/rosidl_interfaces/vida_interfaces
[2.816s] -- Up-to-date: /home/whilker/Documents/Vida/Ros/install/vida_interfaces/include/vida_interfaces/vida_interfaces
[2.816s] -- Up-to-date: /home/whilker/Documents/Vida/Ros/install/vida_interfaces/include/vida_interfaces/vida_interfaces/msg
[2.816s] -- Installing: /home/whilker/Documents/Vida/Ros/install/vida_interfaces/include/vida_interfaces/vida_interfaces/msg/controls.h
[2.816s] -- Up-to-date: /home/whilker/Documents/Vida/Ros/install/vida_interfaces/include/vida_interfaces/vida_interfaces/msg/detail
[2.816s] -- Installing: /home/whilker/Documents/Vida/Ros/install/vida_interfaces/include/vida_interfaces/vida_interfaces/msg/detail/controls__functions.h
[2.816s] -- Installing: /home/whilker/Documents/Vida/Ros/install/vida_interfaces/include/vida_interfaces/vida_interfaces/msg/detail/controls__functions.c
[2.816s] -- Installing: /home/whilker/Documents/Vida/Ros/install/vida_interfaces/include/vida_interfaces/vida_interfaces/msg/detail/controls__type_support.h
[2.816s] -- Installing: /home/whilker/Documents/Vida/Ros/install/vida_interfaces/include/vida_interfaces/vida_interfaces/msg/detail/controls__struct.h
[2.816s] -- Up-to-date: /home/whilker/Documents/Vida/Ros/install/vida_interfaces/include/vida_interfaces/vida_interfaces/msg/rosidl_generator_c__visibility_control.h
[2.817s] -- Up-to-date: /home/whilker/Documents/Vida/Ros/install/vida_interfaces/share/vida_interfaces/environment/library_path.sh
[2.817s] -- Installing: /home/whilker/Documents/Vida/Ros/install/vida_interfaces/share/vida_interfaces/environment/library_path.dsv
[2.817s] -- Installing: /home/whilker/Documents/Vida/Ros/install/vida_interfaces/lib/libvida_interfaces__rosidl_generator_c.so
[2.817s] -- Set runtime path of "/home/whilker/Documents/Vida/Ros/install/vida_interfaces/lib/libvida_interfaces__rosidl_generator_c.so" to ""
[2.817s] -- Up-to-date: /home/whilker/Documents/Vida/Ros/install/vida_interfaces/include/vida_interfaces/vida_interfaces
[2.817s] -- Up-to-date: /home/whilker/Documents/Vida/Ros/install/vida_interfaces/include/vida_interfaces/vida_interfaces/msg
[2.817s] -- Up-to-date: /home/whilker/Documents/Vida/Ros/install/vida_interfaces/include/vida_interfaces/vida_interfaces/msg/rosidl_typesupport_fastrtps_c__visibility_control.h
[2.818s] -- Up-to-date: /home/whilker/Documents/Vida/Ros/install/vida_interfaces/include/vida_interfaces/vida_interfaces/msg/detail
[2.818s] -- Installing: /home/whilker/Documents/Vida/Ros/install/vida_interfaces/include/vida_interfaces/vida_interfaces/msg/detail/controls__rosidl_typesupport_fastrtps_c.h
[2.818s] -- Installing: /home/whilker/Documents/Vida/Ros/install/vida_interfaces/lib/libvida_interfaces__rosidl_typesupport_fastrtps_c.so
[2.818s] -- Set runtime path of "/home/whilker/Documents/Vida/Ros/install/vida_interfaces/lib/libvida_interfaces__rosidl_typesupport_fastrtps_c.so" to ""
[2.818s] -- Up-to-date: /home/whilker/Documents/Vida/Ros/install/vida_interfaces/include/vida_interfaces/vida_interfaces
[2.819s] -- Up-to-date: /home/whilker/Documents/Vida/Ros/install/vida_interfaces/include/vida_interfaces/vida_interfaces/msg
[2.819s] -- Up-to-date: /home/whilker/Documents/Vida/Ros/install/vida_interfaces/include/vida_interfaces/vida_interfaces/msg/rosidl_typesupport_introspection_c__visibility_control.h
[2.819s] -- Up-to-date: /home/whilker/Documents/Vida/Ros/install/vida_interfaces/include/vida_interfaces/vida_interfaces/msg/detail
[2.819s] -- Installing: /home/whilker/Documents/Vida/Ros/install/vida_interfaces/include/vida_interfaces/vida_interfaces/msg/detail/controls__type_support.c
[2.819s] -- Installing: /home/whilker/Documents/Vida/Ros/install/vida_interfaces/include/vida_interfaces/vida_interfaces/msg/detail/controls__rosidl_typesupport_introspection_c.h
[2.820s] -- Installing: /home/whilker/Documents/Vida/Ros/install/vida_interfaces/lib/libvida_interfaces__rosidl_typesupport_introspection_c.so
[2.820s] -- Set runtime path of "/home/whilker/Documents/Vida/Ros/install/vida_interfaces/lib/libvida_interfaces__rosidl_typesupport_introspection_c.so" to ""
[2.820s] -- Installing: /home/whilker/Documents/Vida/Ros/install/vida_interfaces/lib/libvida_interfaces__rosidl_typesupport_c.so
[2.820s] -- Set runtime path of "/home/whilker/Documents/Vida/Ros/install/vida_interfaces/lib/libvida_interfaces__rosidl_typesupport_c.so" to ""
[2.820s] -- Up-to-date: /home/whilker/Documents/Vida/Ros/install/vida_interfaces/include/vida_interfaces/vida_interfaces
[2.820s] -- Up-to-date: /home/whilker/Documents/Vida/Ros/install/vida_interfaces/include/vida_interfaces/vida_interfaces/msg
[2.821s] -- Installing: /home/whilker/Documents/Vida/Ros/install/vida_interfaces/include/vida_interfaces/vida_interfaces/msg/controls.hpp
[2.821s] -- Up-to-date: /home/whilker/Documents/Vida/Ros/install/vida_interfaces/include/vida_interfaces/vida_interfaces/msg/detail
[2.821s] -- Installing: /home/whilker/Documents/Vida/Ros/install/vida_interfaces/include/vida_interfaces/vida_interfaces/msg/detail/controls__builder.hpp
[2.821s] -- Installing: /home/whilker/Documents/Vida/Ros/install/vida_interfaces/include/vida_interfaces/vida_interfaces/msg/detail/controls__traits.hpp
[2.821s] -- Installing: /home/whilker/Documents/Vida/Ros/install/vida_interfaces/include/vida_interfaces/vida_interfaces/msg/detail/controls__struct.hpp
[2.821s] -- Up-to-date: /home/whilker/Documents/Vida/Ros/install/vida_interfaces/include/vida_interfaces/vida_interfaces
[2.821s] -- Up-to-date: /home/whilker/Documents/Vida/Ros/install/vida_interfaces/include/vida_interfaces/vida_interfaces/msg
[2.821s] -- Up-to-date: /home/whilker/Documents/Vida/Ros/install/vida_interfaces/include/vida_interfaces/vida_interfaces/msg/rosidl_typesupport_fastrtps_cpp__visibility_control.h
[2.821s] -- Up-to-date: /home/whilker/Documents/Vida/Ros/install/vida_interfaces/include/vida_interfaces/vida_interfaces/msg/detail
[2.821s] -- Installing: /home/whilker/Documents/Vida/Ros/install/vida_interfaces/include/vida_interfaces/vida_interfaces/msg/detail/controls__rosidl_typesupport_fastrtps_cpp.hpp
[2.821s] -- Up-to-date: /home/whilker/Documents/Vida/Ros/install/vida_interfaces/include/vida_interfaces/vida_interfaces/msg/detail/dds_fastrtps
[2.821s] -- Installing: /home/whilker/Documents/Vida/Ros/install/vida_interfaces/lib/libvida_interfaces__rosidl_typesupport_fastrtps_cpp.so
[2.822s] -- Set runtime path of "/home/whilker/Documents/Vida/Ros/install/vida_interfaces/lib/libvida_interfaces__rosidl_typesupport_fastrtps_cpp.so" to ""
[2.822s] -- Up-to-date: /home/whilker/Documents/Vida/Ros/install/vida_interfaces/include/vida_interfaces/vida_interfaces
[2.822s] -- Up-to-date: /home/whilker/Documents/Vida/Ros/install/vida_interfaces/include/vida_interfaces/vida_interfaces/msg
[2.822s] -- Up-to-date: /home/whilker/Documents/Vida/Ros/install/vida_interfaces/include/vida_interfaces/vida_interfaces/msg/detail
[2.822s] -- Installing: /home/whilker/Documents/Vida/Ros/install/vida_interfaces/include/vida_interfaces/vida_interfaces/msg/detail/controls__rosidl_typesupport_introspection_cpp.hpp
[2.822s] -- Installing: /home/whilker/Documents/Vida/Ros/install/vida_interfaces/include/vida_interfaces/vida_interfaces/msg/detail/controls__type_support.cpp
[2.823s] -- Installing: /home/whilker/Documents/Vida/Ros/install/vida_interfaces/lib/libvida_interfaces__rosidl_typesupport_introspection_cpp.so
[2.823s] -- Set runtime path of "/home/whilker/Documents/Vida/Ros/install/vida_interfaces/lib/libvida_interfaces__rosidl_typesupport_introspection_cpp.so" to ""
[2.824s] -- Installing: /home/whilker/Documents/Vida/Ros/install/vida_interfaces/lib/libvida_interfaces__rosidl_typesupport_cpp.so
[2.824s] -- Set runtime path of "/home/whilker/Documents/Vida/Ros/install/vida_interfaces/lib/libvida_interfaces__rosidl_typesupport_cpp.so" to ""
[2.824s] -- Up-to-date: /home/whilker/Documents/Vida/Ros/install/vida_interfaces/share/vida_interfaces/environment/pythonpath.sh
[2.824s] -- Installing: /home/whilker/Documents/Vida/Ros/install/vida_interfaces/share/vida_interfaces/environment/pythonpath.dsv
[2.824s] -- Up-to-date: /home/whilker/Documents/Vida/Ros/install/vida_interfaces/local/lib/python3.10/dist-packages/vida_interfaces-0.0.0-py3.10.egg-info
[2.824s] -- Installing: /home/whilker/Documents/Vida/Ros/install/vida_interfaces/local/lib/python3.10/dist-packages/vida_interfaces-0.0.0-py3.10.egg-info/dependency_links.txt
[2.824s] -- Installing: /home/whilker/Documents/Vida/Ros/install/vida_interfaces/local/lib/python3.10/dist-packages/vida_interfaces-0.0.0-py3.10.egg-info/top_level.txt
[2.824s] -- Installing: /home/whilker/Documents/Vida/Ros/install/vida_interfaces/local/lib/python3.10/dist-packages/vida_interfaces-0.0.0-py3.10.egg-info/PKG-INFO
[2.824s] -- Installing: /home/whilker/Documents/Vida/Ros/install/vida_interfaces/local/lib/python3.10/dist-packages/vida_interfaces-0.0.0-py3.10.egg-info/SOURCES.txt
[2.825s] -- Up-to-date: /home/whilker/Documents/Vida/Ros/install/vida_interfaces/local/lib/python3.10/dist-packages/vida_interfaces
[2.825s] -- Up-to-date: /home/whilker/Documents/Vida/Ros/install/vida_interfaces/local/lib/python3.10/dist-packages/vida_interfaces/msg
[2.825s] -- Installing: /home/whilker/Documents/Vida/Ros/install/vida_interfaces/local/lib/python3.10/dist-packages/vida_interfaces/msg/__init__.py
[2.825s] -- Installing: /home/whilker/Documents/Vida/Ros/install/vida_interfaces/local/lib/python3.10/dist-packages/vida_interfaces/msg/_controls_s.c
[2.825s] -- Installing: /home/whilker/Documents/Vida/Ros/install/vida_interfaces/local/lib/python3.10/dist-packages/vida_interfaces/msg/_controls.py
[2.825s] -- Installing: /home/whilker/Documents/Vida/Ros/install/vida_interfaces/local/lib/python3.10/dist-packages/vida_interfaces/libvida_interfaces__rosidl_generator_py.so
[2.825s] -- Installing: /home/whilker/Documents/Vida/Ros/install/vida_interfaces/local/lib/python3.10/dist-packages/vida_interfaces/__init__.py
[2.825s] -- Installing: /home/whilker/Documents/Vida/Ros/install/vida_interfaces/local/lib/python3.10/dist-packages/vida_interfaces/vida_interfaces_s__rosidl_typesupport_c.cpython-310-x86_64-linux-gnu.so
[2.825s] -- Installing: /home/whilker/Documents/Vida/Ros/install/vida_interfaces/local/lib/python3.10/dist-packages/vida_interfaces/_vida_interfaces_s.ep.rosidl_typesupport_c.c
[2.825s] -- Installing: /home/whilker/Documents/Vida/Ros/install/vida_interfaces/local/lib/python3.10/dist-packages/vida_interfaces/_vida_interfaces_s.ep.rosidl_typesupport_introspection_c.c
[2.826s] -- Installing: /home/whilker/Documents/Vida/Ros/install/vida_interfaces/local/lib/python3.10/dist-packages/vida_interfaces/vida_interfaces_s__rosidl_typesupport_fastrtps_c.cpython-310-x86_64-linux-gnu.so
[2.826s] -- Installing: /home/whilker/Documents/Vida/Ros/install/vida_interfaces/local/lib/python3.10/dist-packages/vida_interfaces/_vida_interfaces_s.ep.rosidl_typesupport_fastrtps_c.c
[2.826s] -- Installing: /home/whilker/Documents/Vida/Ros/install/vida_interfaces/local/lib/python3.10/dist-packages/vida_interfaces/vida_interfaces_s__rosidl_typesupport_introspection_c.cpython-310-x86_64-linux-gnu.so
[2.852s] Listing '/home/whilker/Documents/Vida/Ros/install/vida_interfaces/local/lib/python3.10/dist-packages/vida_interfaces'...
[2.852s] Compiling '/home/whilker/Documents/Vida/Ros/install/vida_interfaces/local/lib/python3.10/dist-packages/vida_interfaces/__init__.py'...
[2.852s] Listing '/home/whilker/Documents/Vida/Ros/install/vida_interfaces/local/lib/python3.10/dist-packages/vida_interfaces/msg'...
[2.852s] Compiling '/home/whilker/Documents/Vida/Ros/install/vida_interfaces/local/lib/python3.10/dist-packages/vida_interfaces/msg/__init__.py'...
[2.852s] Compiling '/home/whilker/Documents/Vida/Ros/install/vida_interfaces/local/lib/python3.10/dist-packages/vida_interfaces/msg/_controls.py'...
[2.856s] -- Installing: /home/whilker/Documents/Vida/Ros/install/vida_interfaces/local/lib/python3.10/dist-packages/vida_interfaces/vida_interfaces_s__rosidl_typesupport_fastrtps_c.cpython-310-x86_64-linux-gnu.so
[2.856s] -- Set runtime path of "/home/whilker/Documents/Vida/Ros/install/vida_interfaces/local/lib/python3.10/dist-packages/vida_interfaces/vida_interfaces_s__rosidl_typesupport_fastrtps_c.cpython-310-x86_64-linux-gnu.so" to ""
[2.856s] -- Installing: /home/whilker/Documents/Vida/Ros/install/vida_interfaces/local/lib/python3.10/dist-packages/vida_interfaces/vida_interfaces_s__rosidl_typesupport_introspection_c.cpython-310-x86_64-linux-gnu.so
[2.856s] -- Set runtime path of "/home/whilker/Documents/Vida/Ros/install/vida_interfaces/local/lib/python3.10/dist-packages/vida_interfaces/vida_interfaces_s__rosidl_typesupport_introspection_c.cpython-310-x86_64-linux-gnu.so" to ""
[2.856s] -- Installing: /home/whilker/Documents/Vida/Ros/install/vida_interfaces/local/lib/python3.10/dist-packages/vida_interfaces/vida_interfaces_s__rosidl_typesupport_c.cpython-310-x86_64-linux-gnu.so
[2.857s] -- Set runtime path of "/home/whilker/Documents/Vida/Ros/install/vida_interfaces/local/lib/python3.10/dist-packages/vida_interfaces/vida_interfaces_s__rosidl_typesupport_c.cpython-310-x86_64-linux-gnu.so" to ""
[2.857s] -- Installing: /home/whilker/Documents/Vida/Ros/install/vida_interfaces/lib/libvida_interfaces__rosidl_generator_py.so
[2.858s] -- Set runtime path of "/home/whilker/Documents/Vida/Ros/install/vida_interfaces/lib/libvida_interfaces__rosidl_generator_py.so" to ""
[2.858s] -- Up-to-date: /home/whilker/Documents/Vida/Ros/install/vida_interfaces/share/vida_interfaces/msg/Controls.idl
[2.858s] -- Up-to-date: /home/whilker/Documents/Vida/Ros/install/vida_interfaces/share/vida_interfaces/msg/Controls.msg
[2.858s] -- Up-to-date: /home/whilker/Documents/Vida/Ros/install/vida_interfaces/share/ament_index/resource_index/package_run_dependencies/vida_interfaces
[2.858s] -- Installing: /home/whilker/Documents/Vida/Ros/install/vida_interfaces/share/ament_index/resource_index/parent_prefix_path/vida_interfaces
[2.858s] -- Up-to-date: /home/whilker/Documents/Vida/Ros/install/vida_interfaces/share/vida_interfaces/environment/ament_prefix_path.sh
[2.858s] -- Installing: /home/whilker/Documents/Vida/Ros/install/vida_interfaces/share/vida_interfaces/environment/ament_prefix_path.dsv
[2.858s] -- Up-to-date: /home/whilker/Documents/Vida/Ros/install/vida_interfaces/share/vida_interfaces/environment/path.sh
[2.858s] -- Installing: /home/whilker/Documents/Vida/Ros/install/vida_interfaces/share/vida_interfaces/environment/path.dsv
[2.858s] -- Up-to-date: /home/whilker/Documents/Vida/Ros/install/vida_interfaces/share/vida_interfaces/local_setup.bash
[2.858s] -- Installing: /home/whilker/Documents/Vida/Ros/install/vida_interfaces/share/vida_interfaces/local_setup.sh
[2.858s] -- Up-to-date: /home/whilker/Documents/Vida/Ros/install/vida_interfaces/share/vida_interfaces/local_setup.zsh
[2.858s] -- Installing: /home/whilker/Documents/Vida/Ros/install/vida_interfaces/share/vida_interfaces/local_setup.dsv
[2.859s] -- Installing: /home/whilker/Documents/Vida/Ros/install/vida_interfaces/share/vida_interfaces/package.dsv
[2.859s] -- Up-to-date: /home/whilker/Documents/Vida/Ros/install/vida_interfaces/share/ament_index/resource_index/packages/vida_interfaces
[2.859s] -- Up-to-date: /home/whilker/Documents/Vida/Ros/install/vida_interfaces/share/vida_interfaces/cmake/export_vida_interfaces__rosidl_generator_cExport.cmake
[2.859s] -- Up-to-date: /home/whilker/Documents/Vida/Ros/install/vida_interfaces/share/vida_interfaces/cmake/export_vida_interfaces__rosidl_generator_cExport-noconfig.cmake
[2.859s] -- Up-to-date: /home/whilker/Documents/Vida/Ros/install/vida_interfaces/share/vida_interfaces/cmake/export_vida_interfaces__rosidl_typesupport_fastrtps_cExport.cmake
[2.859s] -- Up-to-date: /home/whilker/Documents/Vida/Ros/install/vida_interfaces/share/vida_interfaces/cmake/export_vida_interfaces__rosidl_typesupport_fastrtps_cExport-noconfig.cmake
[2.859s] -- Up-to-date: /home/whilker/Documents/Vida/Ros/install/vida_interfaces/share/vida_interfaces/cmake/vida_interfaces__rosidl_typesupport_introspection_cExport.cmake
[2.859s] -- Up-to-date: /home/whilker/Documents/Vida/Ros/install/vida_interfaces/share/vida_interfaces/cmake/vida_interfaces__rosidl_typesupport_introspection_cExport-noconfig.cmake
[2.860s] -- Up-to-date: /home/whilker/Documents/Vida/Ros/install/vida_interfaces/share/vida_interfaces/cmake/vida_interfaces__rosidl_typesupport_cExport.cmake
[2.860s] -- Up-to-date: /home/whilker/Documents/Vida/Ros/install/vida_interfaces/share/vida_interfaces/cmake/vida_interfaces__rosidl_typesupport_cExport-noconfig.cmake
[2.860s] -- Up-to-date: /home/whilker/Documents/Vida/Ros/install/vida_interfaces/share/vida_interfaces/cmake/export_vida_interfaces__rosidl_generator_cppExport.cmake
[2.861s] -- Up-to-date: /home/whilker/Documents/Vida/Ros/install/vida_interfaces/share/vida_interfaces/cmake/export_vida_interfaces__rosidl_typesupport_fastrtps_cppExport.cmake
[2.861s] -- Up-to-date: /home/whilker/Documents/Vida/Ros/install/vida_interfaces/share/vida_interfaces/cmake/export_vida_interfaces__rosidl_typesupport_fastrtps_cppExport-noconfig.cmake
[2.861s] -- Up-to-date: /home/whilker/Documents/Vida/Ros/install/vida_interfaces/share/vida_interfaces/cmake/vida_interfaces__rosidl_typesupport_introspection_cppExport.cmake
[2.861s] -- Up-to-date: /home/whilker/Documents/Vida/Ros/install/vida_interfaces/share/vida_interfaces/cmake/vida_interfaces__rosidl_typesupport_introspection_cppExport-noconfig.cmake
[2.861s] -- Up-to-date: /home/whilker/Documents/Vida/Ros/install/vida_interfaces/share/vida_interfaces/cmake/vida_interfaces__rosidl_typesupport_cppExport.cmake
[2.861s] -- Up-to-date: /home/whilker/Documents/Vida/Ros/install/vida_interfaces/share/vida_interfaces/cmake/vida_interfaces__rosidl_typesupport_cppExport-noconfig.cmake
[2.861s] -- Up-to-date: /home/whilker/Documents/Vida/Ros/install/vida_interfaces/share/vida_interfaces/cmake/export_vida_interfaces__rosidl_generator_pyExport.cmake
[2.861s] -- Up-to-date: /home/whilker/Documents/Vida/Ros/install/vida_interfaces/share/vida_interfaces/cmake/export_vida_interfaces__rosidl_generator_pyExport-noconfig.cmake
[2.861s] -- Up-to-date: /home/whilker/Documents/Vida/Ros/install/vida_interfaces/share/vida_interfaces/cmake/rosidl_cmake-extras.cmake
[2.861s] -- Up-to-date: /home/whilker/Documents/Vida/Ros/install/vida_interfaces/share/vida_interfaces/cmake/ament_cmake_export_include_directories-extras.cmake
[2.861s] -- Up-to-date: /home/whilker/Documents/Vida/Ros/install/vida_interfaces/share/vida_interfaces/cmake/ament_cmake_export_libraries-extras.cmake
[2.861s] -- Up-to-date: /home/whilker/Documents/Vida/Ros/install/vida_interfaces/share/vida_interfaces/cmake/ament_cmake_export_targets-extras.cmake
[2.861s] -- Up-to-date: /home/whilker/Documents/Vida/Ros/install/vida_interfaces/share/vida_interfaces/cmake/rosidl_cmake_export_typesupport_targets-extras.cmake
[2.862s] -- Up-to-date: /home/whilker/Documents/Vida/Ros/install/vida_interfaces/share/vida_interfaces/cmake/ament_cmake_export_dependencies-extras.cmake
[2.862s] -- Up-to-date: /home/whilker/Documents/Vida/Ros/install/vida_interfaces/share/vida_interfaces/cmake/rosidl_cmake_export_typesupport_libraries-extras.cmake
[2.862s] -- Up-to-date: /home/whilker/Documents/Vida/Ros/install/vida_interfaces/share/vida_interfaces/cmake/vida_interfacesConfig.cmake
[2.862s] -- Up-to-date: /home/whilker/Documents/Vida/Ros/install/vida_interfaces/share/vida_interfaces/cmake/vida_interfacesConfig-version.cmake
[2.862s] -- Up-to-date: /home/whilker/Documents/Vida/Ros/install/vida_interfaces/share/vida_interfaces/package.xml
[2.863s] Invoked command in '/home/whilker/Documents/Vida/Ros/build/vida_interfaces' returned '0': CMAKE_PREFIX_PATH=${CMAKE_PREFIX_PATH}:/opt/ros/humble /usr/bin/cmake --install /home/whilker/Documents/Vida/Ros/build/vida_interfaces
