[0.008s] Invoking command in '/home/whilker/Documents/Vida/build/vida_interfaces': CMAKE_PREFIX_PATH=${CMAKE_PREFIX_PATH}:/opt/ros/humble /usr/bin/cmake --build /home/whilker/Documents/Vida/build/vida_interfaces -- -j8 -l8
[0.147s] [  3%] Built target vida_interfaces__cpp
[0.148s] [ 12%] Built target vida_interfaces__rosidl_generator_c
[0.161s] [ 12%] Built target ament_cmake_python_copy_vida_interfaces
[0.171s] [ 22%] Built target vida_interfaces__rosidl_typesupport_fastrtps_c
[0.171s] [ 32%] Built target vida_interfaces__rosidl_typesupport_introspection_cpp
[0.171s] [ 41%] Built target vida_interfaces__rosidl_typesupport_introspection_c
[0.172s] [ 58%] Built target vida_interfaces__rosidl_typesupport_fastrtps_cpp
[0.172s] [ 61%] Built target vida_interfaces__rosidl_typesupport_cpp
[0.172s] [ 70%] Built target vida_interfaces__rosidl_typesupport_c
[0.185s] [ 70%] Built target vida_interfaces
[0.201s] [ 74%] Built target vida_interfaces__py
[0.218s] [ 80%] Built target vida_interfaces__rosidl_generator_py
[0.236s] [ 87%] Built target vida_interfaces__rosidl_typesupport_c__pyext
[0.238s] [100%] Built target vida_interfaces__rosidl_typesupport_fastrtps_c__pyext
[0.238s] [100%] Built target vida_interfaces__rosidl_typesupport_introspection_c__pyext
[0.325s] running egg_info
[0.326s] writing vida_interfaces.egg-info/PKG-INFO
[0.326s] writing dependency_links to vida_interfaces.egg-info/dependency_links.txt
[0.326s] writing top-level names to vida_interfaces.egg-info/top_level.txt
[0.329s] reading manifest file 'vida_interfaces.egg-info/SOURCES.txt'
[0.329s] writing manifest file 'vida_interfaces.egg-info/SOURCES.txt'
[0.347s] [100%] Built target ament_cmake_python_build_vida_interfaces_egg
[0.354s] Invoked command in '/home/whilker/Documents/Vida/build/vida_interfaces' returned '0': CMAKE_PREFIX_PATH=${CMAKE_PREFIX_PATH}:/opt/ros/humble /usr/bin/cmake --build /home/whilker/Documents/Vida/build/vida_interfaces -- -j8 -l8
[0.398s] Invoking command in '/home/whilker/Documents/Vida/build/vida_interfaces': CMAKE_PREFIX_PATH=${CMAKE_PREFIX_PATH}:/opt/ros/humble /usr/bin/cmake --install /home/whilker/Documents/Vida/build/vida_interfaces
[0.404s] -- Install configuration: ""
[0.404s] -- Up-to-date: /home/whilker/Documents/Vida/install/vida_interfaces/share/ament_index/resource_index/rosidl_interfaces/vida_interfaces
[0.404s] -- Up-to-date: /home/whilker/Documents/Vida/install/vida_interfaces/include/vida_interfaces/vida_interfaces
[0.405s] -- Up-to-date: /home/whilker/Documents/Vida/install/vida_interfaces/include/vida_interfaces/vida_interfaces/msg
[0.405s] -- Up-to-date: /home/whilker/Documents/Vida/install/vida_interfaces/include/vida_interfaces/vida_interfaces/msg/controls.h
[0.405s] -- Up-to-date: /home/whilker/Documents/Vida/install/vida_interfaces/include/vida_interfaces/vida_interfaces/msg/detail
[0.405s] -- Up-to-date: /home/whilker/Documents/Vida/install/vida_interfaces/include/vida_interfaces/vida_interfaces/msg/detail/controls__functions.h
[0.405s] -- Up-to-date: /home/whilker/Documents/Vida/install/vida_interfaces/include/vida_interfaces/vida_interfaces/msg/detail/controls__functions.c
[0.405s] -- Up-to-date: /home/whilker/Documents/Vida/install/vida_interfaces/include/vida_interfaces/vida_interfaces/msg/detail/controls__type_support.h
[0.405s] -- Up-to-date: /home/whilker/Documents/Vida/install/vida_interfaces/include/vida_interfaces/vida_interfaces/msg/detail/controls__struct.h
[0.405s] -- Up-to-date: /home/whilker/Documents/Vida/install/vida_interfaces/include/vida_interfaces/vida_interfaces/msg/rosidl_generator_c__visibility_control.h
[0.405s] -- Up-to-date: /home/whilker/Documents/Vida/install/vida_interfaces/share/vida_interfaces/environment/library_path.sh
[0.405s] -- Up-to-date: /home/whilker/Documents/Vida/install/vida_interfaces/share/vida_interfaces/environment/library_path.dsv
[0.406s] -- Up-to-date: /home/whilker/Documents/Vida/install/vida_interfaces/lib/libvida_interfaces__rosidl_generator_c.so
[0.406s] -- Up-to-date: /home/whilker/Documents/Vida/install/vida_interfaces/include/vida_interfaces/vida_interfaces
[0.406s] -- Up-to-date: /home/whilker/Documents/Vida/install/vida_interfaces/include/vida_interfaces/vida_interfaces/msg
[0.406s] -- Up-to-date: /home/whilker/Documents/Vida/install/vida_interfaces/include/vida_interfaces/vida_interfaces/msg/rosidl_typesupport_fastrtps_c__visibility_control.h
[0.406s] -- Up-to-date: /home/whilker/Documents/Vida/install/vida_interfaces/include/vida_interfaces/vida_interfaces/msg/detail
[0.406s] -- Up-to-date: /home/whilker/Documents/Vida/install/vida_interfaces/include/vida_interfaces/vida_interfaces/msg/detail/controls__rosidl_typesupport_fastrtps_c.h
[0.406s] -- Up-to-date: /home/whilker/Documents/Vida/install/vida_interfaces/lib/libvida_interfaces__rosidl_typesupport_fastrtps_c.so
[0.406s] -- Up-to-date: /home/whilker/Documents/Vida/install/vida_interfaces/include/vida_interfaces/vida_interfaces
[0.407s] -- Up-to-date: /home/whilker/Documents/Vida/install/vida_interfaces/include/vida_interfaces/vida_interfaces/msg
[0.407s] -- Up-to-date: /home/whilker/Documents/Vida/install/vida_interfaces/include/vida_interfaces/vida_interfaces/msg/rosidl_typesupport_introspection_c__visibility_control.h
[0.407s] -- Up-to-date: /home/whilker/Documents/Vida/install/vida_interfaces/include/vida_interfaces/vida_interfaces/msg/detail
[0.407s] -- Up-to-date: /home/whilker/Documents/Vida/install/vida_interfaces/include/vida_interfaces/vida_interfaces/msg/detail/controls__type_support.c
[0.407s] -- Up-to-date: /home/whilker/Documents/Vida/install/vida_interfaces/include/vida_interfaces/vida_interfaces/msg/detail/controls__rosidl_typesupport_introspection_c.h
[0.407s] -- Up-to-date: /home/whilker/Documents/Vida/install/vida_interfaces/lib/libvida_interfaces__rosidl_typesupport_introspection_c.so
[0.408s] -- Up-to-date: /home/whilker/Documents/Vida/install/vida_interfaces/lib/libvida_interfaces__rosidl_typesupport_c.so
[0.408s] -- Up-to-date: /home/whilker/Documents/Vida/install/vida_interfaces/include/vida_interfaces/vida_interfaces
[0.408s] -- Up-to-date: /home/whilker/Documents/Vida/install/vida_interfaces/include/vida_interfaces/vida_interfaces/msg
[0.408s] -- Up-to-date: /home/whilker/Documents/Vida/install/vida_interfaces/include/vida_interfaces/vida_interfaces/msg/controls.hpp
[0.408s] -- Up-to-date: /home/whilker/Documents/Vida/install/vida_interfaces/include/vida_interfaces/vida_interfaces/msg/detail
[0.408s] -- Up-to-date: /home/whilker/Documents/Vida/install/vida_interfaces/include/vida_interfaces/vida_interfaces/msg/detail/controls__builder.hpp
[0.408s] -- Up-to-date: /home/whilker/Documents/Vida/install/vida_interfaces/include/vida_interfaces/vida_interfaces/msg/detail/controls__traits.hpp
[0.408s] -- Up-to-date: /home/whilker/Documents/Vida/install/vida_interfaces/include/vida_interfaces/vida_interfaces/msg/detail/controls__struct.hpp
[0.408s] -- Up-to-date: /home/whilker/Documents/Vida/install/vida_interfaces/include/vida_interfaces/vida_interfaces
[0.408s] -- Up-to-date: /home/whilker/Documents/Vida/install/vida_interfaces/include/vida_interfaces/vida_interfaces/msg
[0.408s] -- Up-to-date: /home/whilker/Documents/Vida/install/vida_interfaces/include/vida_interfaces/vida_interfaces/msg/rosidl_typesupport_fastrtps_cpp__visibility_control.h
[0.408s] -- Up-to-date: /home/whilker/Documents/Vida/install/vida_interfaces/include/vida_interfaces/vida_interfaces/msg/detail
[0.408s] -- Up-to-date: /home/whilker/Documents/Vida/install/vida_interfaces/include/vida_interfaces/vida_interfaces/msg/detail/controls__rosidl_typesupport_fastrtps_cpp.hpp
[0.408s] -- Up-to-date: /home/whilker/Documents/Vida/install/vida_interfaces/include/vida_interfaces/vida_interfaces/msg/detail/dds_fastrtps
[0.409s] -- Up-to-date: /home/whilker/Documents/Vida/install/vida_interfaces/lib/libvida_interfaces__rosidl_typesupport_fastrtps_cpp.so
[0.409s] -- Up-to-date: /home/whilker/Documents/Vida/install/vida_interfaces/include/vida_interfaces/vida_interfaces
[0.409s] -- Up-to-date: /home/whilker/Documents/Vida/install/vida_interfaces/include/vida_interfaces/vida_interfaces/msg
[0.409s] -- Up-to-date: /home/whilker/Documents/Vida/install/vida_interfaces/include/vida_interfaces/vida_interfaces/msg/detail
[0.409s] -- Up-to-date: /home/whilker/Documents/Vida/install/vida_interfaces/include/vida_interfaces/vida_interfaces/msg/detail/controls__rosidl_typesupport_introspection_cpp.hpp
[0.409s] -- Up-to-date: /home/whilker/Documents/Vida/install/vida_interfaces/include/vida_interfaces/vida_interfaces/msg/detail/controls__type_support.cpp
[0.410s] -- Up-to-date: /home/whilker/Documents/Vida/install/vida_interfaces/lib/libvida_interfaces__rosidl_typesupport_introspection_cpp.so
[0.411s] -- Up-to-date: /home/whilker/Documents/Vida/install/vida_interfaces/lib/libvida_interfaces__rosidl_typesupport_cpp.so
[0.411s] -- Up-to-date: /home/whilker/Documents/Vida/install/vida_interfaces/share/vida_interfaces/environment/pythonpath.sh
[0.411s] -- Up-to-date: /home/whilker/Documents/Vida/install/vida_interfaces/share/vida_interfaces/environment/pythonpath.dsv
[0.411s] -- Up-to-date: /home/whilker/Documents/Vida/install/vida_interfaces/local/lib/python3.10/dist-packages/vida_interfaces-0.0.0-py3.10.egg-info
[0.411s] -- Installing: /home/whilker/Documents/Vida/install/vida_interfaces/local/lib/python3.10/dist-packages/vida_interfaces-0.0.0-py3.10.egg-info/dependency_links.txt
[0.411s] -- Installing: /home/whilker/Documents/Vida/install/vida_interfaces/local/lib/python3.10/dist-packages/vida_interfaces-0.0.0-py3.10.egg-info/top_level.txt
[0.411s] -- Installing: /home/whilker/Documents/Vida/install/vida_interfaces/local/lib/python3.10/dist-packages/vida_interfaces-0.0.0-py3.10.egg-info/PKG-INFO
[0.411s] -- Installing: /home/whilker/Documents/Vida/install/vida_interfaces/local/lib/python3.10/dist-packages/vida_interfaces-0.0.0-py3.10.egg-info/SOURCES.txt
[0.411s] -- Up-to-date: /home/whilker/Documents/Vida/install/vida_interfaces/local/lib/python3.10/dist-packages/vida_interfaces
[0.411s] -- Up-to-date: /home/whilker/Documents/Vida/install/vida_interfaces/local/lib/python3.10/dist-packages/vida_interfaces/msg
[0.411s] -- Up-to-date: /home/whilker/Documents/Vida/install/vida_interfaces/local/lib/python3.10/dist-packages/vida_interfaces/msg/__init__.py
[0.411s] -- Up-to-date: /home/whilker/Documents/Vida/install/vida_interfaces/local/lib/python3.10/dist-packages/vida_interfaces/msg/_controls_s.c
[0.411s] -- Up-to-date: /home/whilker/Documents/Vida/install/vida_interfaces/local/lib/python3.10/dist-packages/vida_interfaces/msg/_controls.py
[0.411s] -- Up-to-date: /home/whilker/Documents/Vida/install/vida_interfaces/local/lib/python3.10/dist-packages/vida_interfaces/libvida_interfaces__rosidl_generator_py.so
[0.411s] -- Up-to-date: /home/whilker/Documents/Vida/install/vida_interfaces/local/lib/python3.10/dist-packages/vida_interfaces/__init__.py
[0.411s] -- Up-to-date: /home/whilker/Documents/Vida/install/vida_interfaces/local/lib/python3.10/dist-packages/vida_interfaces/vida_interfaces_s__rosidl_typesupport_c.cpython-310-x86_64-linux-gnu.so
[0.411s] -- Up-to-date: /home/whilker/Documents/Vida/install/vida_interfaces/local/lib/python3.10/dist-packages/vida_interfaces/_vida_interfaces_s.ep.rosidl_typesupport_c.c
[0.411s] -- Up-to-date: /home/whilker/Documents/Vida/install/vida_interfaces/local/lib/python3.10/dist-packages/vida_interfaces/_vida_interfaces_s.ep.rosidl_typesupport_introspection_c.c
[0.411s] -- Up-to-date: /home/whilker/Documents/Vida/install/vida_interfaces/local/lib/python3.10/dist-packages/vida_interfaces/vida_interfaces_s__rosidl_typesupport_fastrtps_c.cpython-310-x86_64-linux-gnu.so
[0.412s] -- Up-to-date: /home/whilker/Documents/Vida/install/vida_interfaces/local/lib/python3.10/dist-packages/vida_interfaces/_vida_interfaces_s.ep.rosidl_typesupport_fastrtps_c.c
[0.412s] -- Up-to-date: /home/whilker/Documents/Vida/install/vida_interfaces/local/lib/python3.10/dist-packages/vida_interfaces/vida_interfaces_s__rosidl_typesupport_introspection_c.cpython-310-x86_64-linux-gnu.so
[0.436s] Listing '/home/whilker/Documents/Vida/install/vida_interfaces/local/lib/python3.10/dist-packages/vida_interfaces'...
[0.436s] Listing '/home/whilker/Documents/Vida/install/vida_interfaces/local/lib/python3.10/dist-packages/vida_interfaces/msg'...
[0.440s] -- Up-to-date: /home/whilker/Documents/Vida/install/vida_interfaces/local/lib/python3.10/dist-packages/vida_interfaces/vida_interfaces_s__rosidl_typesupport_fastrtps_c.cpython-310-x86_64-linux-gnu.so
[0.440s] -- Up-to-date: /home/whilker/Documents/Vida/install/vida_interfaces/local/lib/python3.10/dist-packages/vida_interfaces/vida_interfaces_s__rosidl_typesupport_introspection_c.cpython-310-x86_64-linux-gnu.so
[0.440s] -- Up-to-date: /home/whilker/Documents/Vida/install/vida_interfaces/local/lib/python3.10/dist-packages/vida_interfaces/vida_interfaces_s__rosidl_typesupport_c.cpython-310-x86_64-linux-gnu.so
[0.441s] -- Up-to-date: /home/whilker/Documents/Vida/install/vida_interfaces/lib/libvida_interfaces__rosidl_generator_py.so
[0.441s] -- Up-to-date: /home/whilker/Documents/Vida/install/vida_interfaces/share/vida_interfaces/msg/Controls.idl
[0.441s] -- Up-to-date: /home/whilker/Documents/Vida/install/vida_interfaces/share/vida_interfaces/msg/Controls.msg
[0.441s] -- Up-to-date: /home/whilker/Documents/Vida/install/vida_interfaces/share/ament_index/resource_index/package_run_dependencies/vida_interfaces
[0.441s] -- Up-to-date: /home/whilker/Documents/Vida/install/vida_interfaces/share/ament_index/resource_index/parent_prefix_path/vida_interfaces
[0.441s] -- Up-to-date: /home/whilker/Documents/Vida/install/vida_interfaces/share/vida_interfaces/environment/ament_prefix_path.sh
[0.441s] -- Up-to-date: /home/whilker/Documents/Vida/install/vida_interfaces/share/vida_interfaces/environment/ament_prefix_path.dsv
[0.441s] -- Up-to-date: /home/whilker/Documents/Vida/install/vida_interfaces/share/vida_interfaces/environment/path.sh
[0.441s] -- Up-to-date: /home/whilker/Documents/Vida/install/vida_interfaces/share/vida_interfaces/environment/path.dsv
[0.441s] -- Up-to-date: /home/whilker/Documents/Vida/install/vida_interfaces/share/vida_interfaces/local_setup.bash
[0.441s] -- Up-to-date: /home/whilker/Documents/Vida/install/vida_interfaces/share/vida_interfaces/local_setup.sh
[0.442s] -- Up-to-date: /home/whilker/Documents/Vida/install/vida_interfaces/share/vida_interfaces/local_setup.zsh
[0.442s] -- Up-to-date: /home/whilker/Documents/Vida/install/vida_interfaces/share/vida_interfaces/local_setup.dsv
[0.442s] -- Installing: /home/whilker/Documents/Vida/install/vida_interfaces/share/vida_interfaces/package.dsv
[0.443s] -- Up-to-date: /home/whilker/Documents/Vida/install/vida_interfaces/share/ament_index/resource_index/packages/vida_interfaces
[0.443s] -- Up-to-date: /home/whilker/Documents/Vida/install/vida_interfaces/share/vida_interfaces/cmake/export_vida_interfaces__rosidl_generator_cExport.cmake
[0.443s] -- Up-to-date: /home/whilker/Documents/Vida/install/vida_interfaces/share/vida_interfaces/cmake/export_vida_interfaces__rosidl_generator_cExport-noconfig.cmake
[0.444s] -- Up-to-date: /home/whilker/Documents/Vida/install/vida_interfaces/share/vida_interfaces/cmake/export_vida_interfaces__rosidl_typesupport_fastrtps_cExport.cmake
[0.444s] -- Up-to-date: /home/whilker/Documents/Vida/install/vida_interfaces/share/vida_interfaces/cmake/export_vida_interfaces__rosidl_typesupport_fastrtps_cExport-noconfig.cmake
[0.444s] -- Up-to-date: /home/whilker/Documents/Vida/install/vida_interfaces/share/vida_interfaces/cmake/vida_interfaces__rosidl_typesupport_introspection_cExport.cmake
[0.444s] -- Up-to-date: /home/whilker/Documents/Vida/install/vida_interfaces/share/vida_interfaces/cmake/vida_interfaces__rosidl_typesupport_introspection_cExport-noconfig.cmake
[0.445s] -- Up-to-date: /home/whilker/Documents/Vida/install/vida_interfaces/share/vida_interfaces/cmake/vida_interfaces__rosidl_typesupport_cExport.cmake
[0.445s] -- Up-to-date: /home/whilker/Documents/Vida/install/vida_interfaces/share/vida_interfaces/cmake/vida_interfaces__rosidl_typesupport_cExport-noconfig.cmake
[0.445s] -- Up-to-date: /home/whilker/Documents/Vida/install/vida_interfaces/share/vida_interfaces/cmake/export_vida_interfaces__rosidl_generator_cppExport.cmake
[0.446s] -- Up-to-date: /home/whilker/Documents/Vida/install/vida_interfaces/share/vida_interfaces/cmake/export_vida_interfaces__rosidl_typesupport_fastrtps_cppExport.cmake
[0.446s] -- Up-to-date: /home/whilker/Documents/Vida/install/vida_interfaces/share/vida_interfaces/cmake/export_vida_interfaces__rosidl_typesupport_fastrtps_cppExport-noconfig.cmake
[0.447s] -- Up-to-date: /home/whilker/Documents/Vida/install/vida_interfaces/share/vida_interfaces/cmake/vida_interfaces__rosidl_typesupport_introspection_cppExport.cmake
[0.447s] -- Up-to-date: /home/whilker/Documents/Vida/install/vida_interfaces/share/vida_interfaces/cmake/vida_interfaces__rosidl_typesupport_introspection_cppExport-noconfig.cmake
[0.447s] -- Up-to-date: /home/whilker/Documents/Vida/install/vida_interfaces/share/vida_interfaces/cmake/vida_interfaces__rosidl_typesupport_cppExport.cmake
[0.447s] -- Up-to-date: /home/whilker/Documents/Vida/install/vida_interfaces/share/vida_interfaces/cmake/vida_interfaces__rosidl_typesupport_cppExport-noconfig.cmake
[0.448s] -- Up-to-date: /home/whilker/Documents/Vida/install/vida_interfaces/share/vida_interfaces/cmake/export_vida_interfaces__rosidl_generator_pyExport.cmake
[0.448s] -- Up-to-date: /home/whilker/Documents/Vida/install/vida_interfaces/share/vida_interfaces/cmake/export_vida_interfaces__rosidl_generator_pyExport-noconfig.cmake
[0.448s] -- Up-to-date: /home/whilker/Documents/Vida/install/vida_interfaces/share/vida_interfaces/cmake/rosidl_cmake-extras.cmake
[0.448s] -- Up-to-date: /home/whilker/Documents/Vida/install/vida_interfaces/share/vida_interfaces/cmake/ament_cmake_export_include_directories-extras.cmake
[0.448s] -- Up-to-date: /home/whilker/Documents/Vida/install/vida_interfaces/share/vida_interfaces/cmake/ament_cmake_export_libraries-extras.cmake
[0.448s] -- Up-to-date: /home/whilker/Documents/Vida/install/vida_interfaces/share/vida_interfaces/cmake/ament_cmake_export_targets-extras.cmake
[0.448s] -- Up-to-date: /home/whilker/Documents/Vida/install/vida_interfaces/share/vida_interfaces/cmake/rosidl_cmake_export_typesupport_targets-extras.cmake
[0.448s] -- Up-to-date: /home/whilker/Documents/Vida/install/vida_interfaces/share/vida_interfaces/cmake/ament_cmake_export_dependencies-extras.cmake
[0.448s] -- Up-to-date: /home/whilker/Documents/Vida/install/vida_interfaces/share/vida_interfaces/cmake/rosidl_cmake_export_typesupport_libraries-extras.cmake
[0.448s] -- Up-to-date: /home/whilker/Documents/Vida/install/vida_interfaces/share/vida_interfaces/cmake/vida_interfacesConfig.cmake
[0.448s] -- Up-to-date: /home/whilker/Documents/Vida/install/vida_interfaces/share/vida_interfaces/cmake/vida_interfacesConfig-version.cmake
[0.449s] -- Up-to-date: /home/whilker/Documents/Vida/install/vida_interfaces/share/vida_interfaces/package.xml
[0.451s] Invoked command in '/home/whilker/Documents/Vida/build/vida_interfaces' returned '0': CMAKE_PREFIX_PATH=${CMAKE_PREFIX_PATH}:/opt/ros/humble /usr/bin/cmake --install /home/whilker/Documents/Vida/build/vida_interfaces
